[2020-06-24 09:23:19,749] [basehttp.py:124] [basehttp:log_message] [INFO]- "GET /web/index/0 HTTP/1.1" 302 0
[2020-06-24 09:23:19,774] [basehttp.py:124] [basehttp:log_message] [INFO]- "GET / HTTP/1.1" 200 4420
[2020-06-24 09:23:19,804] [basehttp.py:124] [basehttp:log_message] [INFO]- "GET /static/monweb/css/bootstrap.min.css HTTP/1.1" 304 0
[2020-06-24 09:23:19,925] [basehttp.py:124] [basehttp:log_message] [INFO]- "GET /verify HTTP/1.1" 200 1616
[2020-06-24 09:23:19,937] [basehttp.py:124] [basehttp:log_message] [INFO]- "GET /static/favicon.ico HTTP/1.1" 200 67646
[2020-06-24 09:23:45,756] [basehttp.py:124] [basehttp:log_message] [INFO]- "POST /dologin HTTP/1.1" 302 0
[2020-06-24 09:23:45,808] [basehttp.py:124] [basehttp:log_message] [INFO]- "GET /web/center HTTP/1.1" 200 6878
[2020-06-24 09:23:53,274] [basehttp.py:124] [basehttp:log_message] [INFO]- "GET /web/index?comid=0 HTTP/1.1" 200 21099
[2020-06-24 09:23:53,288] [basehttp.py:124] [basehttp:log_message] [INFO]- "GET /static/monit/js/safety.js HTTP/1.1" 304 0
[2020-06-24 09:23:53,298] [basehttp.py:124] [basehttp:log_message] [INFO]- "GET /static/monit/css/layui.css HTTP/1.1" 200 74303
[2020-06-24 09:23:53,305] [basehttp.py:124] [basehttp:log_message] [INFO]- "GET /static/monit/css/comon0.css HTTP/1.1" 200 12957
[2020-06-24 09:23:53,313] [basehttp.py:124] [basehttp:log_message] [INFO]- "GET /static/monit/js/js.js HTTP/1.1" 200 31665
[2020-06-24 09:23:53,450] [basehttp.py:124] [basehttp:log_message] [INFO]- "GET /web/fraction HTTP/1.1" 200 268
[2020-06-24 09:23:53,482] [basehttp.py:124] [basehttp:log_message] [INFO]- "GET /web/visitport HTTP/1.1" 200 232
[2020-06-24 09:23:53,525] [basehttp.py:124] [basehttp:log_message] [INFO]- "GET /web/getnum HTTP/1.1" 200 296
[2020-06-24 09:23:53,528] [basehttp.py:124] [basehttp:log_message] [INFO]- "GET /web/rstraffic HTTP/1.1" 200 2479
[2020-06-24 09:23:53,584] [basehttp.py:124] [basehttp:log_message] [INFO]- "GET /web/trend HTTP/1.1" 200 604
[2020-06-24 09:23:53,585] [basehttp.py:124] [basehttp:log_message] [INFO]- "GET /web/domain HTTP/1.1" 200 1147
[2020-06-24 09:23:53,655] [basehttp.py:124] [basehttp:log_message] [INFO]- "GET /web/rqtraffic HTTP/1.1" 200 2394
[2020-06-24 09:23:53,693] [basehttp.py:124] [basehttp:log_message] [INFO]- "GET /web/statuscode HTTP/1.1" 200 5127
[2020-06-24 09:24:04,882] [basehttp.py:124] [basehttp:log_message] [INFO]- "GET /web/Hit HTTP/1.1" 200 37
[2020-06-24 09:24:24,664] [basehttp.py:124] [basehttp:log_message] [INFO]- "GET /web/Source_data?comid=0&page=1 HTTP/1.1" 200 410
[2020-06-24 09:25:34,830] [basehttp.py:124] [basehttp:log_message] [INFO]- "GET /web/attackmap HTTP/1.1" 200 5
[2020-06-24 09:25:42,926] [basehttp.py:124] [basehttp:log_message] [INFO]- "GET /web/Source_data?comid=0&page=2 HTTP/1.1" 200 411
[2020-06-24 09:26:04,870] [basehttp.py:124] [basehttp:log_message] [INFO]- "POST /web/getnum HTTP/1.1" 200 88
[2020-06-24 09:26:10,798] [basehttp.py:124] [basehttp:log_message] [INFO]- "GET /static/monit/js/jquery.min.map HTTP/1.1" 200 127588
[2020-06-24 09:26:15,856] [basehttp.py:124] [basehttp:log_message] [INFO]- "GET /web/index?comid=0 HTTP/1.1" 200 21099
[2020-06-24 09:26:16,008] [basehttp.py:124] [basehttp:log_message] [INFO]- "GET /web/visitport HTTP/1.1" 200 232
[2020-06-24 09:26:16,020] [basehttp.py:124] [basehttp:log_message] [INFO]- "GET /web/getnum HTTP/1.1" 200 296
[2020-06-24 09:26:16,084] [basehttp.py:124] [basehttp:log_message] [INFO]- "GET /web/trend HTTP/1.1" 200 604
[2020-06-24 09:26:16,104] [basehttp.py:124] [basehttp:log_message] [INFO]- "GET /web/domain HTTP/1.1" 200 1038
[2020-06-24 09:26:16,236] [basehttp.py:124] [basehttp:log_message] [INFO]- "GET /web/rqtraffic HTTP/1.1" 200 2616
[2020-06-24 09:26:16,246] [basehttp.py:124] [basehttp:log_message] [INFO]- "GET /web/statuscode HTTP/1.1" 200 5978
[2020-06-24 09:26:16,248] [basehttp.py:124] [basehttp:log_message] [INFO]- "GET /static/favicon.ico HTTP/1.1" 200 67646
[2020-06-24 09:26:16,309] [basehttp.py:124] [basehttp:log_message] [INFO]- "GET /web/rstraffic HTTP/1.1" 200 2361
[2020-06-24 09:26:16,380] [basehttp.py:124] [basehttp:log_message] [INFO]- "GET /web/fraction HTTP/1.1" 200 268
[2020-06-24 09:26:16,616] [basehttp.py:124] [basehttp:log_message] [INFO]- "GET /web/Hit HTTP/1.1" 200 37
[2020-06-24 09:26:26,113] [basehttp.py:124] [basehttp:log_message] [INFO]- "GET /web/Source_data?comid=0&page=1 HTTP/1.1" 200 410
[2020-06-24 09:26:26,626] [basehttp.py:124] [basehttp:log_message] [INFO]- "GET /web/attackmap HTTP/1.1" 200 4050
[2020-06-24 09:27:18,055] [basehttp.py:124] [basehttp:log_message] [INFO]- "GET /web/Source_data?comid=0&page=2 HTTP/1.1" 200 411
[2020-06-24 09:27:35,630] [basehttp.py:124] [basehttp:log_message] [INFO]- "GET /web/score/scindex?comid=0 HTTP/1.1" 200 13778
[2020-06-24 09:27:35,654] [basehttp.py:124] [basehttp:log_message] [INFO]- "GET /static/monit/js/score.js HTTP/1.1" 200 19645
[2020-06-24 09:27:35,756] [basehttp.py:124] [basehttp:log_message] [INFO]- "GET /web/score/mainthr HTTP/1.1" 200 315
[2020-06-24 09:27:35,797] [basehttp.py:124] [basehttp:log_message] [INFO]- "GET /web/score/totalthr HTTP/1.1" 200 775
[2020-06-24 09:27:35,809] [basehttp.py:124] [basehttp:log_message] [INFO]- "GET /web/score/webthr HTTP/1.1" 200 894
[2020-06-24 09:27:35,809] [basehttp.py:124] [basehttp:log_message] [INFO]- "GET /web/score/tithr HTTP/1.1" 200 874
[2020-06-24 09:27:36,052] [basehttp.py:124] [basehttp:log_message] [INFO]- "GET /web/score/inthr HTTP/1.1" 200 1633
[2020-06-24 09:27:36,079] [basehttp.py:124] [basehttp:log_message] [INFO]- "GET /web/score/score_count?comid=0&page=1 HTTP/1.1" 200 1309
[2020-06-24 09:29:56,004] [basehttp.py:124] [basehttp:log_message] [INFO]- "GET /web/threaten/thindex?comid=0 HTTP/1.1" 200 13944
[2020-06-24 09:29:56,017] [basehttp.py:124] [basehttp:log_message] [INFO]- "GET /static/monit/js/threaten.js HTTP/1.1" 200 25463
[2020-06-24 09:29:56,280] [basehttp.py:124] [basehttp:log_message] [INFO]- "GET /web/threaten/thattack HTTP/1.1" 200 412
[2020-06-24 09:29:56,385] [basehttp.py:124] [basehttp:log_message] [INFO]- "GET /web/threaten/thactive HTTP/1.1" 200 279
[2020-06-24 09:29:56,637] [basehttp.py:124] [basehttp:log_message] [INFO]- "GET /web/threaten/threat HTTP/1.1" 200 989
[2020-06-24 09:29:56,651] [threaten.py:1490] [threaten:sear_info] [ERROR]- 解析威胁情报详细数据报错：'geo'
[2020-06-24 09:29:56,651] [threaten.py:1490] [threaten:sear_info] [ERROR]- 解析威胁情报详细数据报错：'geo'
[2020-06-24 09:29:56,652] [threaten.py:1490] [threaten:sear_info] [ERROR]- 解析威胁情报详细数据报错：'geo'
[2020-06-24 09:29:56,652] [threaten.py:1490] [threaten:sear_info] [ERROR]- 解析威胁情报详细数据报错：'geo'
[2020-06-24 09:29:56,652] [threaten.py:1490] [threaten:sear_info] [ERROR]- 解析威胁情报详细数据报错：'geo'
[2020-06-24 09:29:56,653] [threaten.py:1490] [threaten:sear_info] [ERROR]- 解析威胁情报详细数据报错：'geo'
[2020-06-24 09:29:56,653] [threaten.py:1490] [threaten:sear_info] [ERROR]- 解析威胁情报详细数据报错：'geo'
[2020-06-24 09:29:56,654] [basehttp.py:124] [basehttp:log_message] [INFO]- "GET /web/threaten/threaten_count?comid=0&page=1 HTTP/1.1" 200 1220
[2020-06-24 09:30:07,369] [basehttp.py:124] [basehttp:log_message] [INFO]- "GET /web/Hit HTTP/1.1" 200 37
[2020-06-24 09:30:07,422] [basehttp.py:124] [basehttp:log_message] [INFO]- "GET /web/threaten/thhit HTTP/1.1" 200 755
[2020-06-24 09:30:07,498] [basehttp.py:124] [basehttp:log_message] [INFO]- "GET /web/threaten/thnews HTTP/1.1" 200 947
[2020-06-24 09:30:14,209] [threaten.py:1490] [threaten:sear_info] [ERROR]- 解析威胁情报详细数据报错：'geo'
[2020-06-24 09:30:14,209] [threaten.py:1490] [threaten:sear_info] [ERROR]- 解析威胁情报详细数据报错：'geo'
[2020-06-24 09:30:14,209] [basehttp.py:124] [basehttp:log_message] [INFO]- "GET /web/threaten/threaten_count?comid=0&page=2 HTTP/1.1" 200 1161
[2020-06-24 09:30:18,664] [basehttp.py:124] [basehttp:log_message] [INFO]- "GET /web/center HTTP/1.1" 200 6878
[2020-06-24 09:30:20,984] [basehttp.py:124] [basehttp:log_message] [INFO]- "GET /web/index?comid=5 HTTP/1.1" 200 21553
[2020-06-24 09:30:21,072] [basehttp.py:124] [basehttp:log_message] [INFO]- "GET /web/visitport?comid=5 HTTP/1.1" 200 156
[2020-06-24 09:30:21,083] [basehttp.py:124] [basehttp:log_message] [INFO]- "GET /web/getnum?comid=5 HTTP/1.1" 200 224
[2020-06-24 09:30:21,099] [basehttp.py:124] [basehttp:log_message] [INFO]- "GET /web/domain?comid=5 HTTP/1.1" 200 239
[2020-06-24 09:30:21,113] [basehttp.py:124] [basehttp:log_message] [INFO]- "GET /web/statuscode?comid=5 HTTP/1.1" 200 336
[2020-06-24 09:30:21,119] [basehttp.py:124] [basehttp:log_message] [INFO]- "GET /web/rqtraffic?comid=5 HTTP/1.1" 200 2742
[2020-06-24 09:30:21,126] [basehttp.py:124] [basehttp:log_message] [INFO]- "GET /web/rstraffic?comid=5 HTTP/1.1" 200 1182
[2020-06-24 09:30:21,453] [basehttp.py:124] [basehttp:log_message] [INFO]- "GET /web/fraction HTTP/1.1" 200 267
[2020-06-24 09:30:21,822] [basehttp.py:124] [basehttp:log_message] [INFO]- "GET /web/Hit?comid=5 HTTP/1.1" 200 33
[2020-06-24 09:30:22,867] [basehttp.py:124] [basehttp:log_message] [INFO]- "GET /web/trend?comid=5 HTTP/1.1" 200 211
[2020-06-24 09:30:25,858] [basehttp.py:124] [basehttp:log_message] [INFO]- "GET /web/Source_data?comid=5&page=1 HTTP/1.1" 200 402
[2020-06-24 09:30:28,490] [basehttp.py:124] [basehttp:log_message] [INFO]- "GET /web/Source_data?comid=5&page=2 HTTP/1.1" 200 400
[2020-06-24 09:30:31,227] [basehttp.py:124] [basehttp:log_message] [INFO]- "GET /web/attackmap?comid=5 HTTP/1.1" 200 285
[2020-06-24 09:30:32,628] [basehttp.py:124] [basehttp:log_message] [INFO]- "GET /web/score/scindex?comid=5 HTTP/1.1" 200 14887
[2020-06-24 09:30:50,803] [basehttp.py:124] [basehttp:log_message] [INFO]- "GET /web/score/score_count?comid=5&page=1 HTTP/1.1" 200 766
[2020-06-24 09:30:50,820] [basehttp.py:124] [basehttp:log_message] [INFO]- "GET /web/score/totalthr?comid=5 HTTP/1.1" 200 202
[2020-06-24 09:30:50,821] [basehttp.py:124] [basehttp:log_message] [INFO]- "GET /web/score/webthr?comid=5 HTTP/1.1" 200 196
[2020-06-24 09:30:50,821] [basehttp.py:124] [basehttp:log_message] [INFO]- "GET /web/score/mainthr?comid=5 HTTP/1.1" 200 239
[2020-06-24 09:30:50,871] [basehttp.py:124] [basehttp:log_message] [INFO]- "GET /web/score/tithr?comid=5 HTTP/1.1" 200 215
[2020-06-24 09:30:50,927] [basehttp.py:124] [basehttp:log_message] [INFO]- "GET /web/score/inthr?comid=5 HTTP/1.1" 200 1581
[2020-06-24 09:30:57,114] [basehttp.py:124] [basehttp:log_message] [INFO]- "GET /web/score/score_count?comid=5&page=2 HTTP/1.1" 200 293
[2020-06-24 09:30:59,006] [basehttp.py:124] [basehttp:log_message] [INFO]- "GET /web/score/score_count?comid=5&page=1 HTTP/1.1" 200 766
[2020-06-24 09:31:05,011] [basehttp.py:124] [basehttp:log_message] [INFO]- "GET /web/score/score_count?comid=5&page=2 HTTP/1.1" 200 293
[2020-06-24 09:31:06,690] [basehttp.py:124] [basehttp:log_message] [INFO]- "GET /web/score/score_count?comid=5&page=3 HTTP/1.1" 200 293
[2020-06-24 09:31:08,360] [basehttp.py:124] [basehttp:log_message] [INFO]- "GET /web/score/score_count?comid=5&page=4 HTTP/1.1" 200 293
[2020-06-24 09:31:08,959] [basehttp.py:124] [basehttp:log_message] [INFO]- "GET /web/score/score_count?comid=5&page=5 HTTP/1.1" 200 293
[2020-06-24 09:31:09,789] [basehttp.py:124] [basehttp:log_message] [INFO]- "GET /web/score/score_count?comid=5&page=4 HTTP/1.1" 200 293
[2020-06-24 09:31:10,135] [basehttp.py:124] [basehttp:log_message] [INFO]- "GET /web/score/score_count?comid=5&page=3 HTTP/1.1" 200 293
[2020-06-24 09:31:10,408] [basehttp.py:124] [basehttp:log_message] [INFO]- "GET /web/score/score_count?comid=5&page=2 HTTP/1.1" 200 293
[2020-06-24 09:31:11,280] [basehttp.py:124] [basehttp:log_message] [INFO]- "GET /web/score/score_count?comid=5&page=1 HTTP/1.1" 200 766
[2020-06-24 09:33:25,364] [basehttp.py:124] [basehttp:log_message] [INFO]- "POST /web/getnum HTTP/1.1" 200 68
[2020-06-24 09:35:25,435] [basehttp.py:124] [basehttp:log_message] [INFO]- "POST /web/getnum HTTP/1.1" 200 60
[2020-06-24 09:37:25,495] [basehttp.py:124] [basehttp:log_message] [INFO]- "POST /web/getnum HTTP/1.1" 200 68
[2020-06-24 09:39:25,555] [basehttp.py:124] [basehttp:log_message] [INFO]- "POST /web/getnum HTTP/1.1" 200 68
[2020-06-24 09:41:26,097] [basehttp.py:124] [basehttp:log_message] [INFO]- "POST /web/getnum HTTP/1.1" 200 60
[2020-06-24 09:43:26,176] [basehttp.py:124] [basehttp:log_message] [INFO]- "POST /web/getnum HTTP/1.1" 200 68
[2020-06-24 09:44:32,220] [basehttp.py:124] [basehttp:log_message] [INFO]- "GET /web/index?comid=5 HTTP/1.1" 200 21553
[2020-06-24 09:44:54,882] [basehttp.py:124] [basehttp:log_message] [INFO]- "GET /web/getnum?comid=5 HTTP/1.1" 200 188
[2020-06-24 09:44:54,908] [basehttp.py:124] [basehttp:log_message] [INFO]- "GET /web/statuscode?comid=5 HTTP/1.1" 200 252
[2020-06-24 09:44:54,918] [basehttp.py:124] [basehttp:log_message] [INFO]- "GET /web/visitport?comid=5 HTTP/1.1" 200 156
[2020-06-24 09:44:54,928] [basehttp.py:124] [basehttp:log_message] [INFO]- "GET /web/domain?comid=5 HTTP/1.1" 200 203
[2020-06-24 09:44:54,947] [basehttp.py:124] [basehttp:log_message] [INFO]- "GET /web/rqtraffic?comid=5 HTTP/1.1" 200 2210
[2020-06-24 09:44:54,956] [basehttp.py:124] [basehttp:log_message] [INFO]- "GET /web/Hit?comid=5 HTTP/1.1" 200 33
[2020-06-24 09:44:54,958] [basehttp.py:124] [basehttp:log_message] [INFO]- "GET /web/rstraffic?comid=5 HTTP/1.1" 200 1165
[2020-06-24 09:44:54,959] [basehttp.py:124] [basehttp:log_message] [INFO]- "GET /static/favicon.ico HTTP/1.1" 200 67646
[2020-06-24 09:44:54,965] [basehttp.py:124] [basehttp:log_message] [INFO]- "GET /web/trend?comid=5 HTTP/1.1" 200 229
[2020-06-24 09:44:55,061] [exception.py:135] [exception:handle_uncaught_exception] [ERROR]- Internal Server Error: /web/Source_data
Traceback (most recent call last):
  File "E:\project_env\lib\site-packages\django\core\handlers\exception.py", line 41, in inner
    response = get_response(request)
  File "E:\project_env\lib\site-packages\django\core\handlers\base.py", line 187, in _get_response
    response = self.process_exception_by_middleware(e, request)
  File "E:\project_env\lib\site-packages\django\core\handlers\base.py", line 185, in _get_response
    response = wrapped_callback(request, *callback_args, **callback_kwargs)
  File "E:\project_env\lib\site-packages\django\views\generic\base.py", line 68, in view
    return self.dispatch(request, *args, **kwargs)
  File "E:\project_env\lib\site-packages\django\views\generic\base.py", line 88, in dispatch
    return handler(request, *args, **kwargs)
  File "E:\monitor\HqMonitor\web\views\__init__.py", line 18, in wrapper
    return func(*args, **kwargs)
  File "E:\monitor\HqMonitor\web\views\monit.py", line 2801, in get
    return JsonResponse(result)
  File "E:\project_env\lib\site-packages\django\http\response.py", line 530, in __init__
    data = json.dumps(data, cls=encoder, **json_dumps_params)
  File "D:\Python36\lib\json\__init__.py", line 238, in dumps
    **kw).encode(obj)
  File "D:\Python36\lib\json\encoder.py", line 199, in encode
    chunks = self.iterencode(o, _one_shot=True)
  File "D:\Python36\lib\json\encoder.py", line 257, in iterencode
    return _iterencode(o, 0)
  File "E:\project_env\lib\site-packages\django\core\serializers\json.py", line 124, in default
    return super(DjangoJSONEncoder, self).default(o)
  File "D:\Python36\lib\json\encoder.py", line 180, in default
    o.__class__.__name__)
TypeError: Object of type 'Page' is not JSON serializable
[2020-06-24 09:44:55,226] [basehttp.py:124] [basehttp:log_message] [ERROR]- "GET /web/Source_data?comid=5&page=1 HTTP/1.1" 500 17315
[2020-06-24 09:44:55,712] [basehttp.py:124] [basehttp:log_message] [INFO]- "GET /web/fraction HTTP/1.1" 200 262
[2020-06-24 09:45:07,535] [basehttp.py:124] [basehttp:log_message] [INFO]- "GET /web/attackmap?comid=5 HTTP/1.1" 200 285
[2020-06-24 09:46:22,213] [basehttp.py:124] [basehttp:log_message] [INFO]- "GET /web/index?comid=5 HTTP/1.1" 200 21553
[2020-06-24 09:46:22,314] [basehttp.py:124] [basehttp:log_message] [INFO]- "GET /web/getnum?comid=5 HTTP/1.1" 200 188
[2020-06-24 09:46:22,322] [basehttp.py:124] [basehttp:log_message] [INFO]- "GET /web/visitport?comid=5 HTTP/1.1" 200 122
[2020-06-24 09:46:22,334] [basehttp.py:124] [basehttp:log_message] [INFO]- "GET /web/domain?comid=5 HTTP/1.1" 200 203
[2020-06-24 09:46:22,340] [basehttp.py:124] [basehttp:log_message] [INFO]- "GET /web/statuscode?comid=5 HTTP/1.1" 200 252
[2020-06-24 09:46:22,354] [basehttp.py:124] [basehttp:log_message] [INFO]- "GET /web/rqtraffic?comid=5 HTTP/1.1" 200 1955
[2020-06-24 09:46:22,383] [basehttp.py:124] [basehttp:log_message] [INFO]- "GET /web/rstraffic?comid=5 HTTP/1.1" 200 1165
[2020-06-24 09:46:22,385] [basehttp.py:124] [basehttp:log_message] [INFO]- "GET /static/favicon.ico HTTP/1.1" 200 67646
[2020-06-24 09:46:22,437] [exception.py:135] [exception:handle_uncaught_exception] [ERROR]- Internal Server Error: /web/Source_data
Traceback (most recent call last):
  File "E:\project_env\lib\site-packages\django\core\handlers\exception.py", line 41, in inner
    response = get_response(request)
  File "E:\project_env\lib\site-packages\django\core\handlers\base.py", line 187, in _get_response
    response = self.process_exception_by_middleware(e, request)
  File "E:\project_env\lib\site-packages\django\core\handlers\base.py", line 185, in _get_response
    response = wrapped_callback(request, *callback_args, **callback_kwargs)
  File "E:\project_env\lib\site-packages\django\views\generic\base.py", line 68, in view
    return self.dispatch(request, *args, **kwargs)
  File "E:\project_env\lib\site-packages\django\views\generic\base.py", line 88, in dispatch
    return handler(request, *args, **kwargs)
  File "E:\monitor\HqMonitor\web\views\__init__.py", line 18, in wrapper
    return func(*args, **kwargs)
  File "E:\monitor\HqMonitor\web\views\monit.py", line 2802, in get
    return JsonResponse(result)
  File "E:\project_env\lib\site-packages\django\http\response.py", line 530, in __init__
    data = json.dumps(data, cls=encoder, **json_dumps_params)
  File "D:\Python36\lib\json\__init__.py", line 238, in dumps
    **kw).encode(obj)
  File "D:\Python36\lib\json\encoder.py", line 199, in encode
    chunks = self.iterencode(o, _one_shot=True)
  File "D:\Python36\lib\json\encoder.py", line 257, in iterencode
    return _iterencode(o, 0)
  File "E:\project_env\lib\site-packages\django\core\serializers\json.py", line 124, in default
    return super(DjangoJSONEncoder, self).default(o)
  File "D:\Python36\lib\json\encoder.py", line 180, in default
    o.__class__.__name__)
TypeError: Object of type 'Page' is not JSON serializable
[2020-06-24 09:46:22,447] [basehttp.py:124] [basehttp:log_message] [INFO]- "GET /web/trend?comid=5 HTTP/1.1" 200 229
[2020-06-24 09:46:22,531] [basehttp.py:124] [basehttp:log_message] [ERROR]- "GET /web/Source_data?comid=5&page=1 HTTP/1.1" 500 17315
[2020-06-24 09:46:22,733] [basehttp.py:124] [basehttp:log_message] [INFO]- "GET /web/fraction HTTP/1.1" 200 263
[2020-06-24 09:46:31,650] [basehttp.py:124] [basehttp:log_message] [INFO]- "GET /web/attackmap?comid=5 HTTP/1.1" 200 285
[2020-06-24 09:46:33,848] [basehttp.py:124] [basehttp:log_message] [INFO]- "GET /web/Hit?comid=5 HTTP/1.1" 200 33
[2020-06-24 09:47:45,745] [basehttp.py:124] [basehttp:log_message] [INFO]- "GET /web/index?comid=5 HTTP/1.1" 200 21553
[2020-06-24 09:47:45,843] [basehttp.py:124] [basehttp:log_message] [INFO]- "GET /web/getnum?comid=5 HTTP/1.1" 200 200
[2020-06-24 09:47:45,858] [basehttp.py:124] [basehttp:log_message] [INFO]- "GET /web/visitport?comid=5 HTTP/1.1" 200 122
[2020-06-24 09:47:45,867] [basehttp.py:124] [basehttp:log_message] [INFO]- "GET /web/domain?comid=5 HTTP/1.1" 200 215
[2020-06-24 09:47:45,878] [basehttp.py:124] [basehttp:log_message] [INFO]- "GET /web/statuscode?comid=5 HTTP/1.1" 200 264
[2020-06-24 09:47:45,880] [basehttp.py:124] [basehttp:log_message] [INFO]- "GET /web/fraction HTTP/1.1" 200 266
[2020-06-24 09:47:45,913] [basehttp.py:124] [basehttp:log_message] [INFO]- "GET /web/rstraffic?comid=5 HTTP/1.1" 200 1168
[2020-06-24 09:47:45,915] [basehttp.py:124] [basehttp:log_message] [INFO]- "GET /static/favicon.ico HTTP/1.1" 200 67646
[2020-06-24 09:47:45,923] [basehttp.py:124] [basehttp:log_message] [INFO]- "GET /web/trend?comid=5 HTTP/1.1" 200 229
[2020-06-24 09:47:45,925] [basehttp.py:124] [basehttp:log_message] [INFO]- "GET /web/rqtraffic?comid=5 HTTP/1.1" 200 2070
[2020-06-24 09:47:45,990] [basehttp.py:124] [basehttp:log_message] [INFO]- "GET /web/Source_data?comid=5&page=1 HTTP/1.1" 200 402
[2020-06-24 09:47:56,177] [basehttp.py:124] [basehttp:log_message] [INFO]- "GET /web/attackmap?comid=5 HTTP/1.1" 200 285
[2020-06-24 09:47:57,190] [basehttp.py:124] [basehttp:log_message] [INFO]- "GET /web/Hit?comid=5 HTTP/1.1" 200 33
[2020-06-24 09:48:17,655] [basehttp.py:124] [basehttp:log_message] [INFO]- "GET /web/index?comid=5 HTTP/1.1" 200 21553
[2020-06-24 09:48:17,761] [basehttp.py:124] [basehttp:log_message] [INFO]- "GET /web/getnum?comid=5 HTTP/1.1" 200 200
[2020-06-24 09:48:17,764] [basehttp.py:124] [basehttp:log_message] [INFO]- "GET /web/visitport?comid=5 HTTP/1.1" 200 122
[2020-06-24 09:48:17,788] [basehttp.py:124] [basehttp:log_message] [INFO]- "GET /web/fraction HTTP/1.1" 200 266
[2020-06-24 09:48:17,788] [basehttp.py:124] [basehttp:log_message] [INFO]- "GET /web/domain?comid=5 HTTP/1.1" 200 215
[2020-06-24 09:48:17,788] [basehttp.py:124] [basehttp:log_message] [INFO]- "GET /web/statuscode?comid=5 HTTP/1.1" 200 380
[2020-06-24 09:48:17,805] [basehttp.py:124] [basehttp:log_message] [INFO]- "GET /web/rqtraffic?comid=5 HTTP/1.1" 200 2290
[2020-06-24 09:48:17,807] [basehttp.py:124] [basehttp:log_message] [INFO]- "GET /static/favicon.ico HTTP/1.1" 200 67646
[2020-06-24 09:48:17,813] [basehttp.py:124] [basehttp:log_message] [INFO]- "GET /web/trend?comid=5 HTTP/1.1" 200 229
[2020-06-24 09:48:17,819] [basehttp.py:124] [basehttp:log_message] [INFO]- "GET /web/rstraffic?comid=5 HTTP/1.1" 200 1177
[2020-06-24 09:48:17,824] [basehttp.py:124] [basehttp:log_message] [INFO]- "GET /web/Hit?comid=5 HTTP/1.1" 200 33
[2020-06-24 09:48:17,894] [basehttp.py:124] [basehttp:log_message] [INFO]- "GET /web/Source_data?comid=5&page=1 HTTP/1.1" 200 402
[2020-06-24 09:48:28,008] [basehttp.py:124] [basehttp:log_message] [INFO]- "GET /web/attackmap?comid=5 HTTP/1.1" 200 286
[2020-06-24 09:48:49,911] [basehttp.py:124] [basehttp:log_message] [INFO]- "GET /web/index?comid=5 HTTP/1.1" 200 21553
[2020-06-24 09:48:49,998] [basehttp.py:124] [basehttp:log_message] [INFO]- "GET /web/getnum?comid=5 HTTP/1.1" 200 200
[2020-06-24 09:48:50,016] [basehttp.py:124] [basehttp:log_message] [INFO]- "GET /web/domain?comid=5 HTTP/1.1" 200 215
[2020-06-24 09:48:50,020] [basehttp.py:124] [basehttp:log_message] [INFO]- "GET /web/visitport?comid=5 HTTP/1.1" 200 122
[2020-06-24 09:48:50,025] [basehttp.py:124] [basehttp:log_message] [INFO]- "GET /web/fraction HTTP/1.1" 200 266
[2020-06-24 09:48:50,026] [basehttp.py:124] [basehttp:log_message] [INFO]- "GET /web/statuscode?comid=5 HTTP/1.1" 200 380
[2020-06-24 09:48:50,040] [basehttp.py:124] [basehttp:log_message] [INFO]- "GET /web/rqtraffic?comid=5 HTTP/1.1" 200 2290
[2020-06-24 09:48:50,046] [basehttp.py:124] [basehttp:log_message] [INFO]- "GET /static/favicon.ico HTTP/1.1" 200 67646
[2020-06-24 09:48:50,059] [basehttp.py:124] [basehttp:log_message] [INFO]- "GET /web/trend?comid=5 HTTP/1.1" 200 229
[2020-06-24 09:48:50,061] [basehttp.py:124] [basehttp:log_message] [INFO]- "GET /web/Hit?comid=5 HTTP/1.1" 200 33
[2020-06-24 09:48:50,066] [basehttp.py:124] [basehttp:log_message] [INFO]- "GET /web/rstraffic?comid=5 HTTP/1.1" 200 1177
[2020-06-24 09:48:50,078] [basehttp.py:124] [basehttp:log_message] [INFO]- "GET /web/Source_data?comid=5&page=1 HTTP/1.1" 200 402
[2020-06-24 09:49:01,574] [basehttp.py:124] [basehttp:log_message] [INFO]- "GET /web/attackmap?comid=5 HTTP/1.1" 200 286
[2020-06-24 09:51:01,397] [basehttp.py:124] [basehttp:log_message] [INFO]- "POST /web/getnum HTTP/1.1" 200 68
[2020-06-24 09:51:29,459] [basehttp.py:124] [basehttp:log_message] [INFO]- "GET /web/index?comid=5 HTTP/1.1" 200 21553
[2020-06-24 09:51:49,873] [basehttp.py:124] [basehttp:log_message] [INFO]- "GET /web/getnum?comid=5 HTTP/1.1" 200 212
[2020-06-24 09:51:49,884] [basehttp.py:124] [basehttp:log_message] [INFO]- "GET /web/visitport?comid=5 HTTP/1.1" 200 122
[2020-06-24 09:51:49,899] [basehttp.py:124] [basehttp:log_message] [INFO]- "GET /web/domain?comid=5 HTTP/1.1" 200 227
[2020-06-24 09:51:49,905] [basehttp.py:124] [basehttp:log_message] [INFO]- "GET /web/statuscode?comid=5 HTTP/1.1" 200 392
[2020-06-24 09:51:49,909] [basehttp.py:124] [basehttp:log_message] [INFO]- "GET /web/rqtraffic?comid=5 HTTP/1.1" 200 2230
[2020-06-24 09:51:49,927] [basehttp.py:124] [basehttp:log_message] [INFO]- "GET /web/trend?comid=5 HTTP/1.1" 200 229
[2020-06-24 09:51:49,932] [basehttp.py:124] [basehttp:log_message] [INFO]- "GET /static/favicon.ico HTTP/1.1" 200 67646
[2020-06-24 09:51:49,941] [basehttp.py:124] [basehttp:log_message] [INFO]- "GET /web/rstraffic?comid=5 HTTP/1.1" 200 1178
[2020-06-24 09:51:49,950] [basehttp.py:124] [basehttp:log_message] [INFO]- "GET /web/Hit?comid=5 HTTP/1.1" 200 33
[2020-06-24 09:51:49,997] [exception.py:135] [exception:handle_uncaught_exception] [ERROR]- Internal Server Error: /web/Source_data
Traceback (most recent call last):
  File "E:\project_env\lib\site-packages\django\core\handlers\exception.py", line 41, in inner
    response = get_response(request)
  File "E:\project_env\lib\site-packages\django\core\handlers\base.py", line 187, in _get_response
    response = self.process_exception_by_middleware(e, request)
  File "E:\project_env\lib\site-packages\django\core\handlers\base.py", line 185, in _get_response
    response = wrapped_callback(request, *callback_args, **callback_kwargs)
  File "E:\project_env\lib\site-packages\django\views\generic\base.py", line 68, in view
    return self.dispatch(request, *args, **kwargs)
  File "E:\project_env\lib\site-packages\django\views\generic\base.py", line 88, in dispatch
    return handler(request, *args, **kwargs)
  File "E:\monitor\HqMonitor\web\views\__init__.py", line 18, in wrapper
    return func(*args, **kwargs)
  File "E:\monitor\HqMonitor\web\views\monit.py", line 2803, in get
    return json.dumps(result)
  File "D:\Python36\lib\json\__init__.py", line 231, in dumps
    return _default_encoder.encode(obj)
  File "D:\Python36\lib\json\encoder.py", line 199, in encode
    chunks = self.iterencode(o, _one_shot=True)
  File "D:\Python36\lib\json\encoder.py", line 257, in iterencode
    return _iterencode(o, 0)
  File "D:\Python36\lib\json\encoder.py", line 180, in default
    o.__class__.__name__)
TypeError: Object of type 'Page' is not JSON serializable
[2020-06-24 09:51:50,085] [basehttp.py:124] [basehttp:log_message] [ERROR]- "GET /web/Source_data?comid=5&page=1 HTTP/1.1" 500 17029
[2020-06-24 09:51:50,848] [basehttp.py:124] [basehttp:log_message] [INFO]- "GET /web/fraction HTTP/1.1" 200 268
[2020-06-24 09:52:01,594] [basehttp.py:124] [basehttp:log_message] [INFO]- "GET /web/attackmap?comid=5 HTTP/1.1" 200 286
[2020-06-24 09:52:46,838] [basehttp.py:124] [basehttp:log_message] [INFO]- "GET /web/index?comid=5 HTTP/1.1" 200 21553
[2020-06-24 09:52:46,936] [basehttp.py:124] [basehttp:log_message] [INFO]- "GET /web/getnum?comid=5 HTTP/1.1" 200 212
[2020-06-24 09:52:46,954] [basehttp.py:124] [basehttp:log_message] [INFO]- "GET /web/domain?comid=5 HTTP/1.1" 200 227
[2020-06-24 09:52:46,963] [basehttp.py:124] [basehttp:log_message] [INFO]- "GET /web/visitport?comid=5 HTTP/1.1" 200 122
[2020-06-24 09:52:46,993] [basehttp.py:124] [basehttp:log_message] [INFO]- "GET /web/statuscode?comid=5 HTTP/1.1" 200 384
[2020-06-24 09:52:46,996] [basehttp.py:124] [basehttp:log_message] [INFO]- "GET /web/trend?comid=5 HTTP/1.1" 200 229
[2020-06-24 09:52:46,998] [basehttp.py:124] [basehttp:log_message] [INFO]- "GET /web/rstraffic?comid=5 HTTP/1.1" 200 1168
[2020-06-24 09:52:47,002] [basehttp.py:124] [basehttp:log_message] [INFO]- "GET /static/favicon.ico HTTP/1.1" 200 67646
[2020-06-24 09:52:47,003] [basehttp.py:124] [basehttp:log_message] [INFO]- "GET /web/rqtraffic?comid=5 HTTP/1.1" 200 2125
[2020-06-24 09:52:47,077] [basehttp.py:124] [basehttp:log_message] [INFO]- "GET /web/Source_data?comid=5&page=1 HTTP/1.1" 200 402
[2020-06-24 09:52:47,869] [basehttp.py:124] [basehttp:log_message] [INFO]- "GET /web/fraction HTTP/1.1" 200 268
[2020-06-24 09:52:57,327] [basehttp.py:124] [basehttp:log_message] [INFO]- "GET /web/attackmap?comid=5 HTTP/1.1" 200 286
[2020-06-24 09:52:58,303] [basehttp.py:124] [basehttp:log_message] [INFO]- "GET /web/Hit?comid=5 HTTP/1.1" 200 33
[2020-06-24 09:52:58,407] [basehttp.py:124] [basehttp:log_message] [INFO]- "GET /web/Source_data?comid=5&page=2 HTTP/1.1" 200 402
[2020-06-24 09:54:04,593] [basehttp.py:124] [basehttp:log_message] [INFO]- "GET /web/index?comid=5 HTTP/1.1" 200 21553
[2020-06-24 09:54:04,608] [basehttp.py:124] [basehttp:log_message] [INFO]- "GET /static/monit/css/comon0.css HTTP/1.1" 200 12957
[2020-06-24 09:54:04,609] [basehttp.py:124] [basehttp:log_message] [INFO]- "GET /static/monit/js/js.js HTTP/1.1" 200 31665
[2020-06-24 09:54:04,609] [basehttp.py:124] [basehttp:log_message] [INFO]- "GET /static/monit/css/layui.css HTTP/1.1" 200 74303
[2020-06-24 09:54:04,612] [basehttp.py:124] [basehttp:log_message] [INFO]- "GET /static/monit/js/jquery.js HTTP/1.1" 200 84384
[2020-06-24 09:54:04,633] [basehttp.py:124] [basehttp:log_message] [INFO]- "GET /static/monit/js/jquery.min.map HTTP/1.1" 200 127588
[2020-06-24 09:54:04,636] [basehttp.py:124] [basehttp:log_message] [INFO]- "GET /static/monit/js/safety.js HTTP/1.1" 200 21957
[2020-06-24 09:54:04,642] [basehttp.py:124] [basehttp:log_message] [INFO]- "GET /static/monit/js/echarts.min.js HTTP/1.1" 200 744697
[2020-06-24 09:54:04,662] [basehttp.py:124] [basehttp:log_message] [INFO]- "GET /static/monit/js/area_echarts.js HTTP/1.1" 200 16048
[2020-06-24 09:54:04,678] [basehttp.py:124] [basehttp:log_message] [INFO]- "GET /static/monit/js/world.js HTTP/1.1" 200 1011058
[2020-06-24 09:54:04,684] [basehttp.py:124] [basehttp:log_message] [INFO]- "GET /static/monit/picture/loading.gif HTTP/1.1" 200 701
[2020-06-24 09:54:04,690] [basehttp.py:124] [basehttp:log_message] [INFO]- "GET /static/monit/images/line.png HTTP/1.1" 200 3943
[2020-06-24 09:54:04,690] [basehttp.py:124] [basehttp:log_message] [INFO]- "GET /static/monit/images/head_bg.png HTTP/1.1" 200 7881
[2020-06-24 09:54:04,780] [basehttp.py:124] [basehttp:log_message] [INFO]- "GET /static/monit/images/bg.jpg HTTP/1.1" 200 6045516
[2020-06-24 09:54:25,089] [basehttp.py:124] [basehttp:log_message] [INFO]- "GET /web/getnum?comid=5 HTTP/1.1" 200 224
[2020-06-24 09:54:25,105] [basehttp.py:124] [basehttp:log_message] [INFO]- "GET /web/visitport?comid=5 HTTP/1.1" 200 122
[2020-06-24 09:54:25,110] [basehttp.py:124] [basehttp:log_message] [INFO]- "GET /web/domain?comid=5 HTTP/1.1" 200 239
[2020-06-24 09:54:25,123] [basehttp.py:124] [basehttp:log_message] [INFO]- "GET /web/statuscode?comid=5 HTTP/1.1" 200 400
[2020-06-24 09:54:25,161] [basehttp.py:124] [basehttp:log_message] [INFO]- "GET /web/rqtraffic?comid=5 HTTP/1.1" 200 2195
[2020-06-24 09:54:25,166] [basehttp.py:124] [basehttp:log_message] [INFO]- "GET /web/rstraffic?comid=5 HTTP/1.1" 200 1180
[2020-06-24 09:54:25,168] [basehttp.py:124] [basehttp:log_message] [INFO]- "GET /static/favicon.ico HTTP/1.1" 200 67646
[2020-06-24 09:54:25,229] [basehttp.py:124] [basehttp:log_message] [INFO]- "GET /web/Hit?comid=5 HTTP/1.1" 200 33
[2020-06-24 09:54:25,241] [basehttp.py:124] [basehttp:log_message] [INFO]- "GET /static/monit/font/DS-DIGIT.TTF HTTP/1.1" 200 25480
[2020-06-24 09:54:25,267] [basehttp.py:124] [basehttp:log_message] [INFO]- "GET /web/Source_data?comid=5&page=1 HTTP/1.1" 200 402
[2020-06-24 09:54:25,390] [basehttp.py:124] [basehttp:log_message] [INFO]- "GET /web/trend?comid=5 HTTP/1.1" 200 229
[2020-06-24 09:54:25,911] [basehttp.py:124] [basehttp:log_message] [INFO]- "GET /web/fraction HTTP/1.1" 200 272
[2020-06-24 09:54:34,865] [basehttp.py:124] [basehttp:log_message] [INFO]- "GET /web/attackmap?comid=5 HTTP/1.1" 200 286
[2020-06-24 09:55:04,122] [basehttp.py:124] [basehttp:log_message] [INFO]- "GET /web/center HTTP/1.1" 200 6878
[2020-06-24 09:55:04,138] [basehttp.py:124] [basehttp:log_message] [INFO]- "GET /static/monweb/css/ie10-viewport-bug-workaround.css HTTP/1.1" 200 433
[2020-06-24 09:55:04,557] [basehttp.py:124] [basehttp:log_message] [INFO]- "GET /static/monweb/js/ie-emulation-modes-warning.js HTTP/1.1" 200 2130
[2020-06-24 09:55:04,563] [basehttp.py:124] [basehttp:log_message] [INFO]- "GET /static/monweb/css/member.css HTTP/1.1" 200 6509
[2020-06-24 09:55:04,571] [basehttp.py:124] [basehttp:log_message] [INFO]- "GET /static/myadmin/js/jquery.min.js HTTP/1.1" 200 93868
[2020-06-24 09:55:04,573] [basehttp.py:124] [basehttp:log_message] [INFO]- "GET /static/monweb/img/m01.jpg HTTP/1.1" 200 8897
[2020-06-24 09:55:04,578] [basehttp.py:124] [basehttp:log_message] [INFO]- "GET /static/monweb/css/dashboard.css HTTP/1.1" 200 1557
[2020-06-24 09:55:04,581] [basehttp.py:124] [basehttp:log_message] [INFO]- "GET /static/monweb/css/bootstrapc.min.css HTTP/1.1" 200 121200
[2020-06-24 09:55:04,588] [basehttp.py:124] [basehttp:log_message] [INFO]- "GET /static/monweb/js/bootstrap.min.js HTTP/1.1" 200 37045
[2020-06-24 09:55:04,605] [basehttp.py:124] [basehttp:log_message] [INFO]- "GET /static/monweb/css/bootstrap.min.css.map HTTP/1.1" 200 542194
[2020-06-24 09:55:06,468] [basehttp.py:124] [basehttp:log_message] [INFO]- "GET /web/index?comid=0 HTTP/1.1" 200 21099
[2020-06-24 09:55:06,649] [basehttp.py:124] [basehttp:log_message] [INFO]- "GET /web/fraction HTTP/1.1" 200 272
[2020-06-24 09:55:06,732] [basehttp.py:124] [basehttp:log_message] [INFO]- "GET /web/visitport HTTP/1.1" 200 228
[2020-06-24 09:55:06,751] [basehttp.py:124] [basehttp:log_message] [INFO]- "GET /web/getnum HTTP/1.1" 200 296
[2020-06-24 09:55:06,805] [basehttp.py:124] [basehttp:log_message] [INFO]- "GET /web/trend HTTP/1.1" 200 643
[2020-06-24 09:55:06,843] [basehttp.py:124] [basehttp:log_message] [INFO]- "GET /web/domain HTTP/1.1" 200 1183
[2020-06-24 09:55:06,852] [basehttp.py:124] [basehttp:log_message] [INFO]- "GET /web/Hit HTTP/1.1" 200 37
[2020-06-24 09:55:07,037] [basehttp.py:124] [basehttp:log_message] [INFO]- "GET /web/statuscode HTTP/1.1" 200 5867
[2020-06-24 09:55:07,064] [basehttp.py:124] [basehttp:log_message] [INFO]- "GET /web/rstraffic HTTP/1.1" 200 3145
[2020-06-24 09:55:07,123] [basehttp.py:124] [basehttp:log_message] [INFO]- "GET /web/rqtraffic HTTP/1.1" 200 2709
[2020-06-24 09:55:17,694] [basehttp.py:124] [basehttp:log_message] [INFO]- "GET /web/Source_data?comid=0&page=1 HTTP/1.1" 200 410
[2020-06-24 09:55:19,457] [basehttp.py:124] [basehttp:log_message] [INFO]- "GET /web/attackmap HTTP/1.1" 200 4717
[2020-06-24 09:55:54,115] [basehttp.py:124] [basehttp:log_message] [INFO]- "GET /web/index?comid=0 HTTP/1.1" 200 21099
[2020-06-24 09:55:54,271] [basehttp.py:124] [basehttp:log_message] [INFO]- "GET /web/visitport HTTP/1.1" 200 228
[2020-06-24 09:55:54,309] [basehttp.py:124] [basehttp:log_message] [INFO]- "GET /web/getnum HTTP/1.1" 200 296
[2020-06-24 09:55:54,366] [basehttp.py:124] [basehttp:log_message] [INFO]- "GET /web/trend HTTP/1.1" 200 643
[2020-06-24 09:55:54,374] [basehttp.py:124] [basehttp:log_message] [INFO]- "GET /web/domain HTTP/1.1" 200 1183
[2020-06-24 09:55:54,492] [basehttp.py:124] [basehttp:log_message] [INFO]- "GET /web/statuscode HTTP/1.1" 200 5867
[2020-06-24 09:55:54,546] [basehttp.py:124] [basehttp:log_message] [INFO]- "GET /web/rqtraffic HTTP/1.1" 200 2709
[2020-06-24 09:55:54,549] [basehttp.py:124] [basehttp:log_message] [INFO]- "GET /static/favicon.ico HTTP/1.1" 200 67646
[2020-06-24 09:55:54,623] [basehttp.py:124] [basehttp:log_message] [INFO]- "GET /web/rstraffic HTTP/1.1" 200 3145
[2020-06-24 09:55:54,923] [basehttp.py:124] [basehttp:log_message] [INFO]- "GET /web/fraction HTTP/1.1" 200 272
[2020-06-24 09:56:05,744] [basehttp.py:124] [basehttp:log_message] [INFO]- "GET /web/Hit HTTP/1.1" 200 37
[2020-06-24 09:56:06,228] [basehttp.py:124] [basehttp:log_message] [INFO]- "GET /web/attackmap HTTP/1.1" 200 4717
[2020-06-24 09:56:16,172] [basehttp.py:124] [basehttp:log_message] [INFO]- "GET /web/Source_data?comid=0&page=1 HTTP/1.1" 200 410
[2020-06-24 09:57:21,026] [basehttp.py:124] [basehttp:log_message] [INFO]- "GET /web/index?comid=0 HTTP/1.1" 200 21102
[2020-06-24 09:57:21,202] [basehttp.py:124] [basehttp:log_message] [INFO]- "GET /web/visitport HTTP/1.1" 200 228
[2020-06-24 09:57:21,246] [basehttp.py:124] [basehttp:log_message] [INFO]- "GET /web/getnum HTTP/1.1" 200 296
[2020-06-24 09:57:21,306] [basehttp.py:124] [basehttp:log_message] [INFO]- "GET /web/domain HTTP/1.1" 200 1015
[2020-06-24 09:57:21,421] [basehttp.py:124] [basehttp:log_message] [INFO]- "GET /web/statuscode HTTP/1.1" 200 5635
[2020-06-24 09:57:21,453] [basehttp.py:124] [basehttp:log_message] [INFO]- "GET /web/rqtraffic HTTP/1.1" 200 2985
[2020-06-24 09:57:21,557] [basehttp.py:124] [basehttp:log_message] [INFO]- "GET /web/Hit HTTP/1.1" 200 37
[2020-06-24 09:57:21,558] [basehttp.py:124] [basehttp:log_message] [INFO]- "GET /web/rstraffic HTTP/1.1" 200 3155
[2020-06-24 09:57:21,560] [basehttp.py:124] [basehttp:log_message] [INFO]- "GET /static/favicon.ico HTTP/1.1" 200 67646
[2020-06-24 09:57:21,859] [basehttp.py:124] [basehttp:log_message] [INFO]- "GET /web/trend HTTP/1.1" 200 643
[2020-06-24 09:57:21,999] [basehttp.py:124] [basehttp:log_message] [INFO]- "GET /web/fraction HTTP/1.1" 200 275
[2020-06-24 09:57:30,221] [basehttp.py:124] [basehttp:log_message] [INFO]- "GET /web/Source_data?comid=0&page=1 HTTP/1.1" 200 410
[2020-06-24 09:57:31,088] [basehttp.py:124] [basehttp:log_message] [INFO]- "GET /web/attackmap HTTP/1.1" 200 4813
[2020-06-24 09:59:21,328] [basehttp.py:124] [basehttp:log_message] [INFO]- "POST /web/getnum HTTP/1.1" 200 88
[2020-06-24 10:01:21,414] [basehttp.py:124] [basehttp:log_message] [INFO]- "POST /web/getnum HTTP/1.1" 200 88
[2020-06-24 10:03:21,497] [basehttp.py:124] [basehttp:log_message] [INFO]- "POST /web/getnum HTTP/1.1" 200 88
[2020-06-24 10:05:21,561] [basehttp.py:124] [basehttp:log_message] [INFO]- "POST /web/getnum HTTP/1.1" 200 88
[2020-06-24 10:07:21,640] [basehttp.py:124] [basehttp:log_message] [INFO]- "POST /web/getnum HTTP/1.1" 200 88
[2020-06-24 10:09:21,720] [basehttp.py:124] [basehttp:log_message] [INFO]- "POST /web/getnum HTTP/1.1" 200 88
[2020-06-24 10:10:57,843] [basehttp.py:124] [basehttp:log_message] [INFO]- "GET /web/center HTTP/1.1" 200 6878
[2020-06-24 10:10:59,416] [basehttp.py:124] [basehttp:log_message] [INFO]- "GET /logout HTTP/1.1" 302 0
[2020-06-24 10:10:59,420] [basehttp.py:124] [basehttp:log_message] [INFO]- "GET / HTTP/1.1" 200 4420
[2020-06-24 10:10:59,447] [basehttp.py:124] [basehttp:log_message] [INFO]- "GET /static/monweb/css/bootstrap.min.css HTTP/1.1" 200 153182
[2020-06-24 10:10:59,448] [basehttp.py:124] [basehttp:log_message] [INFO]- "GET /static/monweb/js/jquery.validate.min.js HTTP/1.1" 200 23261
[2020-06-24 10:10:59,456] [basehttp.py:124] [basehttp:log_message] [INFO]- "GET /static/monweb/js/front.js HTTP/1.1" 200 5967
[2020-06-24 10:10:59,460] [basehttp.py:124] [basehttp:log_message] [INFO]- "GET /verify HTTP/1.1" 200 1721
[2020-06-24 10:10:59,465] [basehttp.py:124] [basehttp:log_message] [INFO]- "GET /static/monweb/css/style.default.css HTTP/1.1" 200 67512
[2020-06-24 10:10:59,473] [basehttp.py:124] [basehttp:log_message] [INFO]- "GET /static/monweb/img/p_big3.jpg HTTP/1.1" 200 15369
[2020-06-24 10:10:59,473] [basehttp.py:124] [basehttp:log_message] [INFO]- "GET /static/monweb/js/jquery.min.js HTTP/1.1" 200 93868
[2020-06-24 10:11:08,567] [basehttp.py:124] [basehttp:log_message] [INFO]- "GET /myadmin HTTP/1.1" 301 0
[2020-06-24 10:11:08,585] [basehttp.py:124] [basehttp:log_message] [INFO]- "GET /myadmin/ HTTP/1.1" 302 0
[2020-06-24 10:11:08,598] [basehttp.py:124] [basehttp:log_message] [INFO]- "GET /myadmin/login HTTP/1.1" 200 2283
[2020-06-24 10:11:08,621] [basehttp.py:124] [basehttp:log_message] [INFO]- "GET /static/monweb/css/signin.css HTTP/1.1" 200 988
[2020-06-24 10:11:08,641] [basehttp.py:124] [basehttp:log_message] [INFO]- "GET /myadmin/verify HTTP/1.1" 200 1923
[2020-06-24 10:12:20,478] [basehttp.py:124] [basehttp:log_message] [INFO]- "POST /myadmin/dologin HTTP/1.1" 200 2301
[2020-06-24 10:12:20,504] [basehttp.py:124] [basehttp:log_message] [INFO]- "GET /myadmin/verify HTTP/1.1" 200 1915
[2020-06-24 10:12:32,217] [basehttp.py:124] [basehttp:log_message] [INFO]- "POST /myadmin/dologin HTTP/1.1" 302 0
[2020-06-24 10:12:32,271] [basehttp.py:124] [basehttp:log_message] [INFO]- "GET /myadmin/ HTTP/1.1" 200 7028
[2020-06-24 10:12:32,297] [basehttp.py:124] [basehttp:log_message] [INFO]- "GET /static/myadmin/js/register.js HTTP/1.1" 200 2381
[2020-06-24 10:12:32,301] [basehttp.py:124] [basehttp:log_message] [INFO]- "GET /static/myadmin/css/site.css HTTP/1.1" 200 2065
[2020-06-24 10:12:32,301] [basehttp.py:124] [basehttp:log_message] [INFO]- "GET /static/myadmin/js/bootstrap.js HTTP/1.1" 200 47875
[2020-06-24 10:12:32,304] [basehttp.py:124] [basehttp:log_message] [INFO]- "GET /static/myadmin/css/bootstrap.css HTTP/1.1" 200 121663
[2020-06-24 10:12:32,307] [basehttp.py:124] [basehttp:log_message] [INFO]- "GET /static/myadmin/css/bootstrap-responsive.css HTTP/1.1" 200 21709
[2020-06-24 10:12:32,314] [basehttp.py:124] [basehttp:log_message] [INFO]- "GET /static/myadmin/js/site.js HTTP/1.1" 200 2341
[2020-06-24 10:12:32,327] [basehttp.py:124] [basehttp:log_message] [INFO]- "GET /static/myadmin/img/glyphicons-halflings-white.png HTTP/1.1" 200 4352
[2020-06-24 10:12:32,334] [basehttp.py:124] [basehttp:log_message] [INFO]- "GET /static/myadmin/img/glyphicons-halflings.png HTTP/1.1" 200 4352
[2020-06-24 10:12:41,640] [basehttp.py:124] [basehttp:log_message] [INFO]- "GET /myadmin/users/1 HTTP/1.1" 200 11507
[2020-06-24 10:28:03,082] [basehttp.py:124] [basehttp:log_message] [INFO]- "GET /myadmin/logout HTTP/1.1" 302 0
[2020-06-24 10:28:03,086] [basehttp.py:124] [basehttp:log_message] [INFO]- "GET /myadmin/login HTTP/1.1" 200 2283
[2020-06-24 10:28:03,141] [basehttp.py:124] [basehttp:log_message] [INFO]- "GET /myadmin/verify HTTP/1.1" 200 1566
[2020-06-24 10:28:45,293] [basehttp.py:124] [basehttp:log_message] [INFO]- "GET / HTTP/1.1" 200 4420
[2020-06-24 10:28:45,345] [basehttp.py:124] [basehttp:log_message] [INFO]- "GET /verify HTTP/1.1" 200 1439
[2020-06-24 10:29:13,405] [basehttp.py:124] [basehttp:log_message] [INFO]- "GET /verify?sn=0.11677353626071585 HTTP/1.1" 200 1553
[2020-06-24 10:29:45,966] [basehttp.py:124] [basehttp:log_message] [INFO]- "POST /dologin HTTP/1.1" 200 4448
[2020-06-24 10:29:46,017] [basehttp.py:124] [basehttp:log_message] [INFO]- "GET /verify HTTP/1.1" 200 1280
[2020-06-24 10:30:00,230] [basehttp.py:124] [basehttp:log_message] [INFO]- "POST /dologin HTTP/1.1" 200 4438
[2020-06-24 10:30:00,252] [basehttp.py:124] [basehttp:log_message] [INFO]- "GET /verify HTTP/1.1" 200 1642
[2020-06-24 10:32:39,134] [basehttp.py:124] [basehttp:log_message] [INFO]- "GET /myadmin/ HTTP/1.1" 302 0
[2020-06-24 10:32:39,138] [basehttp.py:124] [basehttp:log_message] [INFO]- "GET /myadmin/login HTTP/1.1" 200 2283
[2020-06-24 10:32:39,168] [basehttp.py:124] [basehttp:log_message] [INFO]- "GET /myadmin/verify HTTP/1.1" 200 1501
[2020-06-24 10:32:58,327] [basehttp.py:124] [basehttp:log_message] [INFO]- "POST /myadmin/dologin HTTP/1.1" 302 0
[2020-06-24 10:32:58,360] [basehttp.py:124] [basehttp:log_message] [INFO]- "GET /myadmin/ HTTP/1.1" 200 7028
[2020-06-24 10:33:00,406] [basehttp.py:124] [basehttp:log_message] [INFO]- "GET /myadmin/users/1 HTTP/1.1" 200 11507
[2020-06-24 10:33:03,251] [basehttp.py:124] [basehttp:log_message] [INFO]- "GET /myadmin/pany/1 HTTP/1.1" 200 9205
[2020-06-24 10:34:09,417] [basehttp.py:124] [basehttp:log_message] [INFO]- "GET /myadmin/pany/1 HTTP/1.1" 200 9170
[2020-06-24 10:34:09,442] [basehttp.py:124] [basehttp:log_message] [INFO]- "GET /static/favicon.ico HTTP/1.1" 200 67646
[2020-06-24 10:35:23,624] [basehttp.py:124] [basehttp:log_message] [INFO]- "GET /myadmin/pany/1 HTTP/1.1" 200 8914
[2020-06-24 10:35:23,649] [basehttp.py:124] [basehttp:log_message] [INFO]- "GET /static/favicon.ico HTTP/1.1" 200 67646
[2020-06-24 10:54:11,158] [basehttp.py:124] [basehttp:log_message] [INFO]- "GET / HTTP/1.1" 200 4420
[2020-06-24 10:54:11,227] [basehttp.py:124] [basehttp:log_message] [INFO]- "GET /verify HTTP/1.1" 200 2027
[2020-06-24 10:54:17,649] [basehttp.py:124] [basehttp:log_message] [INFO]- "GET /static/monweb/css/bootstrap.min.css.map HTTP/1.1" 200 542194
[2020-06-24 10:54:42,740] [basehttp.py:124] [basehttp:log_message] [INFO]- "POST /dologin HTTP/1.1" 302 0
[2020-06-24 10:54:42,777] [basehttp.py:124] [basehttp:log_message] [INFO]- "GET /web/center HTTP/1.1" 200 6878
[2020-06-24 11:05:22,741] [basehttp.py:124] [basehttp:log_message] [INFO]- "GET /web/index?comid=0 HTTP/1.1" 200 21099
[2020-06-24 11:05:22,760] [basehttp.py:124] [basehttp:log_message] [INFO]- "GET /static/monit/css/comon0.css HTTP/1.1" 304 0
[2020-06-24 11:05:22,760] [basehttp.py:124] [basehttp:log_message] [INFO]- "GET /static/monit/css/layui.css HTTP/1.1" 304 0
[2020-06-24 11:05:22,761] [basehttp.py:124] [basehttp:log_message] [INFO]- "GET /static/monit/js/safety.js HTTP/1.1" 304 0
[2020-06-24 11:05:22,761] [basehttp.py:124] [basehttp:log_message] [INFO]- "GET /static/monit/js/js.js HTTP/1.1" 200 31665
[2020-06-24 11:05:22,948] [basehttp.py:124] [basehttp:log_message] [INFO]- "GET /web/visitport HTTP/1.1" 200 232
[2020-06-24 11:05:22,972] [basehttp.py:124] [basehttp:log_message] [INFO]- "GET /web/getnum HTTP/1.1" 200 296
[2020-06-24 11:05:23,042] [basehttp.py:124] [basehttp:log_message] [INFO]- "GET /web/trend HTTP/1.1" 200 754
[2020-06-24 11:05:23,300] [basehttp.py:124] [basehttp:log_message] [INFO]- "GET /web/domain HTTP/1.1" 200 1128
[2020-06-24 11:05:23,432] [basehttp.py:124] [basehttp:log_message] [INFO]- "GET /web/rstraffic HTTP/1.1" 200 2883
[2020-06-24 11:05:23,447] [basehttp.py:124] [basehttp:log_message] [INFO]- "GET /web/rqtraffic HTTP/1.1" 200 2766
[2020-06-24 11:05:23,552] [basehttp.py:124] [basehttp:log_message] [INFO]- "GET /web/statuscode HTTP/1.1" 200 5899
[2020-06-24 11:05:23,822] [basehttp.py:124] [basehttp:log_message] [INFO]- "GET /web/fraction HTTP/1.1" 200 270
[2020-06-24 11:05:33,810] [basehttp.py:124] [basehttp:log_message] [INFO]- "GET /web/attackmap HTTP/1.1" 200 4713
[2020-06-24 11:05:35,450] [basehttp.py:124] [basehttp:log_message] [INFO]- "GET /web/Hit HTTP/1.1" 200 37
[2020-06-24 11:05:38,959] [basehttp.py:124] [basehttp:log_message] [INFO]- "GET /web/Source_data?comid=0&page=1 HTTP/1.1" 200 410
[2020-06-24 11:05:47,436] [basehttp.py:124] [basehttp:log_message] [INFO]- "GET /web/index?comid=5 HTTP/1.1" 200 21553
[2020-06-24 11:05:47,582] [basehttp.py:124] [basehttp:log_message] [INFO]- "GET /web/fraction HTTP/1.1" 200 270
[2020-06-24 11:05:47,737] [basehttp.py:124] [basehttp:log_message] [INFO]- "GET /web/visitport?comid=5 HTTP/1.1" 200 157
[2020-06-24 11:05:47,749] [basehttp.py:124] [basehttp:log_message] [INFO]- "GET /web/rstraffic?comid=5 HTTP/1.1" 200 1188
[2020-06-24 11:05:47,749] [basehttp.py:124] [basehttp:log_message] [INFO]- "GET /web/rqtraffic?comid=5 HTTP/1.1" 200 2082
[2020-06-24 11:05:47,899] [basehttp.py:124] [basehttp:log_message] [INFO]- "GET /web/trend?comid=5 HTTP/1.1" 200 560
[2020-06-24 11:05:47,900] [basehttp.py:124] [basehttp:log_message] [INFO]- "GET /web/Hit?comid=5 HTTP/1.1" 200 33
[2020-06-24 11:05:52,574] [basehttp.py:124] [basehttp:log_message] [INFO]- "GET /web/Source_data?comid=5&page=1 HTTP/1.1" 200 402
[2020-06-24 11:05:53,958] [basehttp.py:124] [basehttp:log_message] [INFO]- "GET /web/getnum?comid=5 HTTP/1.1" 200 225
[2020-06-24 11:05:53,964] [basehttp.py:124] [basehttp:log_message] [INFO]- "GET /web/domain?comid=5 HTTP/1.1" 200 240
[2020-06-24 11:05:53,978] [basehttp.py:124] [basehttp:log_message] [INFO]- "GET /web/statuscode?comid=5 HTTP/1.1" 200 543
[2020-06-24 11:05:58,935] [basehttp.py:124] [basehttp:log_message] [INFO]- "GET /web/attackmap?comid=5 HTTP/1.1" 200 473
[2020-06-24 11:06:04,397] [basehttp.py:124] [basehttp:log_message] [INFO]- "GET /web/index?comid=5 HTTP/1.1" 200 21553
[2020-06-24 11:06:04,494] [basehttp.py:124] [basehttp:log_message] [INFO]- "GET /web/fraction HTTP/1.1" 200 268
[2020-06-24 11:06:04,496] [basehttp.py:124] [basehttp:log_message] [INFO]- "GET /web/getnum?comid=5 HTTP/1.1" 200 225
[2020-06-24 11:06:04,504] [basehttp.py:124] [basehttp:log_message] [INFO]- "GET /web/visitport?comid=5 HTTP/1.1" 200 156
[2020-06-24 11:06:04,528] [basehttp.py:124] [basehttp:log_message] [INFO]- "GET /web/domain?comid=5 HTTP/1.1" 200 240
[2020-06-24 11:06:04,528] [basehttp.py:124] [basehttp:log_message] [INFO]- "GET /web/trend?comid=5 HTTP/1.1" 200 560
[2020-06-24 11:06:04,538] [basehttp.py:124] [basehttp:log_message] [INFO]- "GET /web/statuscode?comid=5 HTTP/1.1" 200 535
[2020-06-24 11:06:04,571] [basehttp.py:124] [basehttp:log_message] [INFO]- "GET /web/rstraffic?comid=5 HTTP/1.1" 200 1154
[2020-06-24 11:06:04,675] [basehttp.py:124] [basehttp:log_message] [INFO]- "GET /static/favicon.ico HTTP/1.1" 200 67646
[2020-06-24 11:06:04,793] [basehttp.py:124] [basehttp:log_message] [INFO]- "GET /web/rqtraffic?comid=5 HTTP/1.1" 200 2145
[2020-06-24 11:06:04,794] [basehttp.py:124] [basehttp:log_message] [INFO]- "GET /web/Hit?comid=5 HTTP/1.1" 200 33
[2020-06-24 11:06:04,959] [basehttp.py:124] [basehttp:log_message] [INFO]- "GET /web/Source_data?comid=5&page=1 HTTP/1.1" 200 402
[2020-06-24 11:06:07,138] [basehttp.py:124] [basehttp:log_message] [INFO]- "GET /web/index?comid=4 HTTP/1.1" 200 21553
[2020-06-24 11:06:07,244] [basehttp.py:124] [basehttp:log_message] [INFO]- "GET /web/getnum?comid=4 HTTP/1.1" 200 5
[2020-06-24 11:06:07,245] [basehttp.py:124] [basehttp:log_message] [INFO]- "GET /web/statuscode?comid=4 HTTP/1.1" 200 5
[2020-06-24 11:06:07,248] [basehttp.py:124] [basehttp:log_message] [INFO]- "GET /web/visitport?comid=4 HTTP/1.1" 200 5
[2020-06-24 11:06:07,253] [basehttp.py:124] [basehttp:log_message] [INFO]- "GET /web/rqtraffic?comid=4 HTTP/1.1" 200 5
[2020-06-24 11:06:07,253] [basehttp.py:124] [basehttp:log_message] [INFO]- "GET /web/domain?comid=4 HTTP/1.1" 200 5
[2020-06-24 11:06:07,257] [basehttp.py:124] [basehttp:log_message] [INFO]- "GET /web/fraction HTTP/1.1" 200 268
[2020-06-24 11:06:07,266] [basehttp.py:124] [basehttp:log_message] [INFO]- "GET /web/rstraffic?comid=4 HTTP/1.1" 200 5
[2020-06-24 11:06:07,268] [basehttp.py:124] [basehttp:log_message] [INFO]- "GET /web/Hit?comid=4 HTTP/1.1" 200 5
[2020-06-24 11:06:07,270] [monit.py:2832] [monit:seardat] [ERROR]- 请求出错：Compinfo matching query does not exist.
[2020-06-24 11:06:07,270] [exception.py:135] [exception:handle_uncaught_exception] [ERROR]- Internal Server Error: /web/Source_data
Traceback (most recent call last):
  File "E:\project_env\lib\site-packages\django\core\handlers\exception.py", line 41, in inner
    response = get_response(request)
  File "E:\project_env\lib\site-packages\django\core\handlers\base.py", line 187, in _get_response
    response = self.process_exception_by_middleware(e, request)
  File "E:\project_env\lib\site-packages\django\core\handlers\base.py", line 185, in _get_response
    response = wrapped_callback(request, *callback_args, **callback_kwargs)
  File "E:\project_env\lib\site-packages\django\views\generic\base.py", line 68, in view
    return self.dispatch(request, *args, **kwargs)
  File "E:\project_env\lib\site-packages\django\views\generic\base.py", line 88, in dispatch
    return handler(request, *args, **kwargs)
  File "E:\monitor\HqMonitor\web\views\__init__.py", line 18, in wrapper
    return func(*args, **kwargs)
  File "E:\monitor\HqMonitor\web\views\monit.py", line 2773, in get
    res = result['dat']
TypeError: 'bool' object is not subscriptable
[2020-06-24 11:06:07,282] [basehttp.py:124] [basehttp:log_message] [ERROR]- "GET /web/Source_data?comid=4&page=1 HTTP/1.1" 500 16652
[2020-06-24 11:06:07,287] [basehttp.py:124] [basehttp:log_message] [INFO]- "GET /web/attackmap?comid=4 HTTP/1.1" 200 5
[2020-06-24 11:06:07,287] [basehttp.py:124] [basehttp:log_message] [INFO]- "GET /web/trend?comid=4 HTTP/1.1" 200 5
[2020-06-24 11:06:17,510] [basehttp.py:124] [basehttp:log_message] [INFO]- "GET /web/attackmap?comid=5 HTTP/1.1" 200 473
[2020-06-24 11:06:17,543] [basehttp.py:124] [basehttp:log_message] [ERROR]- "GET /web/attackmap?comid=5 HTTP/1.1" 500 59
[2020-06-24 11:06:48,723] [basehttp.py:124] [basehttp:log_message] [INFO]- "GET /web/center HTTP/1.1" 200 6878
[2020-06-24 11:07:04,929] [basehttp.py:124] [basehttp:log_message] [INFO]- "GET /logout HTTP/1.1" 302 0
[2020-06-24 11:07:04,935] [basehttp.py:124] [basehttp:log_message] [INFO]- "GET / HTTP/1.1" 200 4420
[2020-06-24 11:07:04,978] [basehttp.py:124] [basehttp:log_message] [INFO]- "GET /verify HTTP/1.1" 200 1655
[2020-06-24 11:07:22,964] [basehttp.py:124] [basehttp:log_message] [INFO]- "POST /dologin HTTP/1.1" 302 0
[2020-06-24 11:07:25,440] [basehttp.py:124] [basehttp:log_message] [INFO]- "GET /web/center HTTP/1.1" 200 5912
[2020-06-24 11:07:27,693] [basehttp.py:124] [basehttp:log_message] [INFO]- "GET /web/index?comid=5 HTTP/1.1" 200 21553
[2020-06-24 11:07:27,806] [exception.py:135] [exception:handle_uncaught_exception] [ERROR]- Internal Server Error: /web/fraction
Traceback (most recent call last):
  File "E:\project_env\lib\site-packages\django\core\handlers\exception.py", line 41, in inner
    response = get_response(request)
  File "E:\project_env\lib\site-packages\django\core\handlers\base.py", line 187, in _get_response
    response = self.process_exception_by_middleware(e, request)
  File "E:\project_env\lib\site-packages\django\core\handlers\base.py", line 185, in _get_response
    response = wrapped_callback(request, *callback_args, **callback_kwargs)
  File "E:\project_env\lib\site-packages\django\views\generic\base.py", line 68, in view
    return self.dispatch(request, *args, **kwargs)
  File "E:\project_env\lib\site-packages\django\views\generic\base.py", line 88, in dispatch
    return handler(request, *args, **kwargs)
  File "E:\monitor\HqMonitor\web\views\__init__.py", line 20, in wrapper
    comp = Compinfo.objects.get(id=comid)
  File "E:\project_env\lib\site-packages\django\db\models\manager.py", line 85, in manager_method
    return getattr(self.get_queryset(), name)(*args, **kwargs)
  File "E:\project_env\lib\site-packages\django\db\models\query.py", line 380, in get
    self.model._meta.object_name
common.models.DoesNotExist: Compinfo matching query does not exist.
[2020-06-24 11:07:27,825] [basehttp.py:124] [basehttp:log_message] [INFO]- "GET /web/getnum?comid=5 HTTP/1.1" 200 225
[2020-06-24 11:07:27,837] [basehttp.py:124] [basehttp:log_message] [INFO]- "GET /web/visitport?comid=5 HTTP/1.1" 200 122
[2020-06-24 11:07:27,838] [basehttp.py:124] [basehttp:log_message] [ERROR]- "GET /web/fraction HTTP/1.1" 500 16871
[2020-06-24 11:07:27,843] [basehttp.py:124] [basehttp:log_message] [INFO]- "GET /web/domain?comid=5 HTTP/1.1" 200 240
[2020-06-24 11:07:27,860] [basehttp.py:124] [basehttp:log_message] [INFO]- "GET /web/statuscode?comid=5 HTTP/1.1" 200 531
[2020-06-24 11:07:27,879] [basehttp.py:124] [basehttp:log_message] [INFO]- "GET /web/trend?comid=5 HTTP/1.1" 200 560
[2020-06-24 11:07:27,880] [basehttp.py:124] [basehttp:log_message] [INFO]- "GET /web/rqtraffic?comid=5 HTTP/1.1" 200 2412
[2020-06-24 11:07:27,892] [basehttp.py:124] [basehttp:log_message] [INFO]- "GET /web/rstraffic?comid=5 HTTP/1.1" 200 1183
[2020-06-24 11:07:27,939] [basehttp.py:124] [basehttp:log_message] [INFO]- "GET /web/Source_data?comid=5&page=1 HTTP/1.1" 200 402
[2020-06-24 11:07:28,343] [basehttp.py:124] [basehttp:log_message] [INFO]- "GET /web/Hit?comid=5 HTTP/1.1" 200 33
[2020-06-24 11:07:32,391] [exception.py:135] [exception:handle_uncaught_exception] [ERROR]- Internal Server Error: /web/index
Traceback (most recent call last):
  File "E:\project_env\lib\site-packages\django\core\handlers\exception.py", line 41, in inner
    response = get_response(request)
  File "E:\project_env\lib\site-packages\django\core\handlers\base.py", line 187, in _get_response
    response = self.process_exception_by_middleware(e, request)
  File "E:\project_env\lib\site-packages\django\core\handlers\base.py", line 185, in _get_response
    response = wrapped_callback(request, *callback_args, **callback_kwargs)
  File "E:\project_env\lib\site-packages\django\views\generic\base.py", line 68, in view
    return self.dispatch(request, *args, **kwargs)
  File "E:\project_env\lib\site-packages\django\views\generic\base.py", line 88, in dispatch
    return handler(request, *args, **kwargs)
  File "E:\monitor\HqMonitor\web\views\__init__.py", line 20, in wrapper
    comp = Compinfo.objects.get(id=comid)
  File "E:\project_env\lib\site-packages\django\db\models\manager.py", line 85, in manager_method
    return getattr(self.get_queryset(), name)(*args, **kwargs)
  File "E:\project_env\lib\site-packages\django\db\models\query.py", line 380, in get
    self.model._meta.object_name
common.models.DoesNotExist: Compinfo matching query does not exist.
[2020-06-24 11:07:32,418] [basehttp.py:124] [basehttp:log_message] [ERROR]- "GET /web/index?comid=6 HTTP/1.1" 500 88923
[2020-06-24 11:07:32,520] [base.py:152] [base:get_response] [WARNING]- Not Found: /favicon.ico
[2020-06-24 11:07:32,521] [basehttp.py:124] [basehttp:log_message] [WARNING]- "GET /favicon.ico HTTP/1.1" 404 10786
[2020-06-24 11:07:37,484] [basehttp.py:124] [basehttp:log_message] [INFO]- "GET /web/attackmap?comid=5 HTTP/1.1" 200 473
[2020-06-24 11:07:37,487] [basehttp.py:124] [basehttp:log_message] [ERROR]- "GET /web/attackmap?comid=5 HTTP/1.1" 500 59
[2020-06-24 11:07:48,320] [exception.py:135] [exception:handle_uncaught_exception] [ERROR]- Internal Server Error: /web/index
Traceback (most recent call last):
  File "E:\project_env\lib\site-packages\django\core\handlers\exception.py", line 41, in inner
    response = get_response(request)
  File "E:\project_env\lib\site-packages\django\core\handlers\base.py", line 187, in _get_response
    response = self.process_exception_by_middleware(e, request)
  File "E:\project_env\lib\site-packages\django\core\handlers\base.py", line 185, in _get_response
    response = wrapped_callback(request, *callback_args, **callback_kwargs)
  File "E:\project_env\lib\site-packages\django\views\generic\base.py", line 68, in view
    return self.dispatch(request, *args, **kwargs)
  File "E:\project_env\lib\site-packages\django\views\generic\base.py", line 88, in dispatch
    return handler(request, *args, **kwargs)
  File "E:\monitor\HqMonitor\web\views\__init__.py", line 20, in wrapper
    comp = Compinfo.objects.get(id=comid)
  File "E:\project_env\lib\site-packages\django\db\models\manager.py", line 85, in manager_method
    return getattr(self.get_queryset(), name)(*args, **kwargs)
  File "E:\project_env\lib\site-packages\django\db\models\query.py", line 380, in get
    self.model._meta.object_name
common.models.DoesNotExist: Compinfo matching query does not exist.
[2020-06-24 11:07:48,348] [basehttp.py:124] [basehttp:log_message] [ERROR]- "GET /web/index?comid=4 HTTP/1.1" 500 88923
[2020-06-24 11:07:54,135] [basehttp.py:124] [basehttp:log_message] [INFO]- "GET /web/attackmap?comid=5 HTTP/1.1" 200 473
[2020-06-24 11:07:54,137] [basehttp.py:124] [basehttp:log_message] [ERROR]- "GET /web/attackmap?comid=5 HTTP/1.1" 500 59
[2020-06-24 11:07:56,883] [basehttp.py:124] [basehttp:log_message] [INFO]- "GET /web/attackmap?comid=5 HTTP/1.1" 200 473
[2020-06-24 11:07:56,884] [basehttp.py:124] [basehttp:log_message] [ERROR]- "GET /web/attackmap?comid=5 HTTP/1.1" 500 59
[2020-06-24 11:08:22,523] [basehttp.py:124] [basehttp:log_message] [INFO]- "GET /web/attackmap?comid=5 HTTP/1.1" 200 473
[2020-06-24 11:08:26,525] [basehttp.py:124] [basehttp:log_message] [INFO]- "GET /web/index?comid=7 HTTP/1.1" 200 42
[2020-06-24 11:10:00,738] [basehttp.py:124] [basehttp:log_message] [INFO]- "GET /web/index?comid=5 HTTP/1.1" 200 21553
[2020-06-24 11:10:00,827] [exception.py:135] [exception:handle_uncaught_exception] [ERROR]- Internal Server Error: /web/fraction
Traceback (most recent call last):
  File "E:\project_env\lib\site-packages\django\core\handlers\exception.py", line 41, in inner
    response = get_response(request)
  File "E:\project_env\lib\site-packages\django\core\handlers\base.py", line 187, in _get_response
    response = self.process_exception_by_middleware(e, request)
  File "E:\project_env\lib\site-packages\django\core\handlers\base.py", line 185, in _get_response
    response = wrapped_callback(request, *callback_args, **callback_kwargs)
  File "E:\project_env\lib\site-packages\django\views\generic\base.py", line 68, in view
    return self.dispatch(request, *args, **kwargs)
  File "E:\project_env\lib\site-packages\django\views\generic\base.py", line 88, in dispatch
    return handler(request, *args, **kwargs)
  File "E:\monitor\HqMonitor\web\views\__init__.py", line 20, in wrapper
    comp = Compinfo.objects.get(id=comid)
  File "E:\project_env\lib\site-packages\django\db\models\manager.py", line 85, in manager_method
    return getattr(self.get_queryset(), name)(*args, **kwargs)
  File "E:\project_env\lib\site-packages\django\db\models\query.py", line 380, in get
    self.model._meta.object_name
common.models.DoesNotExist: Compinfo matching query does not exist.
[2020-06-24 11:10:00,842] [basehttp.py:124] [basehttp:log_message] [ERROR]- "GET /web/fraction HTTP/1.1" 500 16871
[2020-06-24 11:10:00,850] [basehttp.py:124] [basehttp:log_message] [INFO]- "GET /web/getnum?comid=5 HTTP/1.1" 200 212
[2020-06-24 11:10:00,873] [basehttp.py:124] [basehttp:log_message] [INFO]- "GET /web/visitport?comid=5 HTTP/1.1" 200 122
[2020-06-24 11:10:00,884] [basehttp.py:124] [basehttp:log_message] [INFO]- "GET /web/domain?comid=5 HTTP/1.1" 200 227
[2020-06-24 11:10:00,896] [basehttp.py:124] [basehttp:log_message] [INFO]- "GET /web/statuscode?comid=5 HTTP/1.1" 200 419
[2020-06-24 11:10:00,902] [basehttp.py:124] [basehttp:log_message] [INFO]- "GET /web/trend?comid=5 HTTP/1.1" 200 563
[2020-06-24 11:10:00,907] [basehttp.py:124] [basehttp:log_message] [INFO]- "GET /web/rqtraffic?comid=5 HTTP/1.1" 200 2362
[2020-06-24 11:10:00,910] [basehttp.py:124] [basehttp:log_message] [INFO]- "GET /static/favicon.ico HTTP/1.1" 200 67646
[2020-06-24 11:10:00,914] [basehttp.py:124] [basehttp:log_message] [INFO]- "GET /web/rstraffic?comid=5 HTTP/1.1" 200 1152
[2020-06-24 11:10:01,025] [basehttp.py:124] [basehttp:log_message] [INFO]- "GET /web/Source_data?comid=5&page=1 HTTP/1.1" 200 402
[2020-06-24 11:10:12,219] [basehttp.py:124] [basehttp:log_message] [INFO]- "GET /web/Hit?comid=5 HTTP/1.1" 200 33
[2020-06-24 11:10:12,230] [basehttp.py:124] [basehttp:log_message] [INFO]- "GET /web/index?comid=7 HTTP/1.1" 200 42
[2020-06-24 11:10:13,559] [basehttp.py:124] [basehttp:log_message] [INFO]- "GET /web/attackmap?comid=5 HTTP/1.1" 200 378
[2020-06-24 11:10:13,561] [basehttp.py:124] [basehttp:log_message] [ERROR]- "GET /web/attackmap?comid=5 HTTP/1.1" 500 59
[2020-06-24 11:10:50,755] [basehttp.py:124] [basehttp:log_message] [INFO]- "GET /web/attackmap?comid=5 HTTP/1.1" 200 378
[2020-06-24 11:11:02,233] [basehttp.py:124] [basehttp:log_message] [INFO]- "GET /web/center HTTP/1.1" 200 5912
