[2020-06-17 12:28:46,727] [basehttp.py:124] [basehttp:log_message] [INFO]- "GET /web/threaten/index/0 HTTP/1.1" 200 7591
[2020-06-17 12:28:46,736] [basehttp.py:124] [basehttp:log_message] [INFO]- "GET /static/monit/js/threaten.js HTTP/1.1" 304 0
[2020-06-17 12:29:07,154] [basehttp.py:124] [basehttp:log_message] [INFO]- "GET /web/threaten/thattack HTTP/1.1" 200 449
[2020-06-17 12:29:07,164] [basehttp.py:124] [basehttp:log_message] [INFO]- "GET /web/threaten/thhit HTTP/1.1" 200 764
[2020-06-17 12:29:07,174] [basehttp.py:124] [basehttp:log_message] [INFO]- "GET /web/threaten/thnews HTTP/1.1" 200 956
[2020-06-17 12:29:07,175] [basehttp.py:124] [basehttp:log_message] [INFO]- "GET /web/threaten/threat HTTP/1.1" 200 986
[2020-06-17 12:29:07,176] [basehttp.py:124] [basehttp:log_message] [INFO]- "GET /web/Hit HTTP/1.1" 200 38
[2020-06-17 12:29:07,178] [basehttp.py:124] [basehttp:log_message] [INFO]- "GET /web/threaten/thactive HTTP/1.1" 200 280
[2020-06-17 12:30:38,680] [basehttp.py:124] [basehttp:log_message] [INFO]- "GET /web/threaten/index/0 HTTP/1.1" 200 7591
[2020-06-17 12:30:38,859] [basehttp.py:124] [basehttp:log_message] [INFO]- "GET /web/threaten/thnews HTTP/1.1" 200 5
[2020-06-17 12:30:39,008] [basehttp.py:124] [basehttp:log_message] [INFO]- "GET /web/threaten/thattack HTTP/1.1" 200 449
[2020-06-17 12:30:39,024] [basehttp.py:124] [basehttp:log_message] [INFO]- "GET /web/threaten/thhit HTTP/1.1" 200 751
[2020-06-17 12:30:39,034] [basehttp.py:124] [basehttp:log_message] [INFO]- "GET /web/threaten/threat HTTP/1.1" 200 986
[2020-06-17 12:30:39,036] [basehttp.py:124] [basehttp:log_message] [INFO]- "GET /web/threaten/thactive HTTP/1.1" 200 280
[2020-06-17 12:30:50,294] [basehttp.py:124] [basehttp:log_message] [INFO]- "GET /web/Hit HTTP/1.1" 200 38
[2020-06-17 12:34:04,225] [basehttp.py:124] [basehttp:log_message] [INFO]- "GET /web/threaten/index/0 HTTP/1.1" 200 7591
[2020-06-17 12:34:04,313] [basehttp.py:124] [basehttp:log_message] [INFO]- "GET /web/threaten/thattack HTTP/1.1" 200 449
[2020-06-17 12:34:04,331] [basehttp.py:124] [basehttp:log_message] [INFO]- "GET /web/threaten/thnews HTTP/1.1" 200 5
[2020-06-17 12:34:04,334] [basehttp.py:124] [basehttp:log_message] [INFO]- "GET /web/threaten/thhit HTTP/1.1" 200 764
[2020-06-17 12:34:04,336] [basehttp.py:124] [basehttp:log_message] [INFO]- "GET /web/threaten/thactive HTTP/1.1" 200 280
[2020-06-17 12:34:04,340] [basehttp.py:124] [basehttp:log_message] [INFO]- "GET /web/threaten/threat HTTP/1.1" 200 986
[2020-06-17 12:34:15,633] [basehttp.py:124] [basehttp:log_message] [INFO]- "GET /web/Hit HTTP/1.1" 200 38
[2020-06-17 12:34:54,353] [basehttp.py:124] [basehttp:log_message] [INFO]- "GET /web/threaten/index/0 HTTP/1.1" 200 7591
[2020-06-17 12:35:10,550] [basehttp.py:124] [basehttp:log_message] [INFO]- "GET /web/Hit HTTP/1.1" 200 38
[2020-06-17 12:36:25,029] [basehttp.py:124] [basehttp:log_message] [INFO]- "GET /web/threaten/index/0 HTTP/1.1" 200 7591
[2020-06-17 12:36:47,655] [basehttp.py:124] [basehttp:log_message] [INFO]- "GET /web/Hit HTTP/1.1" 200 38
[2020-06-17 12:36:47,686] [basehttp.py:124] [basehttp:log_message] [INFO]- "GET /web/threaten/thattack HTTP/1.1" 200 449
[2020-06-17 12:36:47,699] [basehttp.py:124] [basehttp:log_message] [INFO]- "GET /web/threaten/thhit HTTP/1.1" 200 765
[2020-06-17 12:36:47,706] [basehttp.py:124] [basehttp:log_message] [INFO]- "GET /web/threaten/thactive HTTP/1.1" 200 280
[2020-06-17 12:36:47,707] [basehttp.py:124] [basehttp:log_message] [INFO]- "GET /web/threaten/threat HTTP/1.1" 200 986
[2020-06-17 12:36:47,707] [basehttp.py:124] [basehttp:log_message] [INFO]- "GET /web/threaten/thnews HTTP/1.1" 200 956
[2020-06-17 12:42:23,706] [basehttp.py:124] [basehttp:log_message] [INFO]- "GET / HTTP/1.1" 200 5942
[2020-06-17 12:42:23,752] [basehttp.py:124] [basehttp:log_message] [INFO]- "GET /verify HTTP/1.1" 200 1510
[2020-06-17 12:42:24,190] [basehttp.py:124] [basehttp:log_message] [INFO]- "GET /static/monweb/js/jquery.validate.min.js HTTP/1.1" 200 23261
[2020-06-17 12:42:24,193] [basehttp.py:124] [basehttp:log_message] [INFO]- "GET /static/monweb/js/bootstrap.min.js HTTP/1.1" 200 37045
[2020-06-17 12:42:24,196] [basehttp.py:124] [basehttp:log_message] [INFO]- "GET /static/monweb/css/bootstrap.min.css HTTP/1.1" 200 153182
[2020-06-17 12:42:24,199] [basehttp.py:124] [basehttp:log_message] [INFO]- "GET /static/monweb/js/front.js HTTP/1.1" 200 5967
[2020-06-17 12:42:24,212] [basehttp.py:124] [basehttp:log_message] [INFO]- "GET /static/monweb/css/style.default.css HTTP/1.1" 200 67512
[2020-06-17 12:42:24,216] [basehttp.py:124] [basehttp:log_message] [INFO]- "GET /static/monweb/js/jquery.min.js HTTP/1.1" 200 93868
[2020-06-17 12:42:24,515] [basehttp.py:124] [basehttp:log_message] [INFO]- "GET /static/monweb/img/p_big3.jpg HTTP/1.1" 200 15369
[2020-06-17 12:42:41,225] [basehttp.py:124] [basehttp:log_message] [INFO]- "GET / HTTP/1.1" 200 5942
[2020-06-17 12:42:41,268] [basehttp.py:124] [basehttp:log_message] [INFO]- "GET /verify HTTP/1.1" 200 1502
[2020-06-17 12:43:05,389] [basehttp.py:124] [basehttp:log_message] [INFO]- "POST /dologin HTTP/1.1" 200 5960
[2020-06-17 12:43:05,433] [basehttp.py:124] [basehttp:log_message] [INFO]- "GET /verify HTTP/1.1" 200 1870
[2020-06-17 12:43:17,725] [base.py:152] [base:get_response] [WARNING]- Not Found: /dologin/hkjkjk
[2020-06-17 12:43:17,725] [basehttp.py:124] [basehttp:log_message] [WARNING]- "GET /dologin/hkjkjk HTTP/1.1" 404 6617
[2020-06-17 12:48:10,309] [basehttp.py:124] [basehttp:log_message] [INFO]- "GET / HTTP/1.1" 200 5942
[2020-06-17 12:48:10,333] [basehttp.py:124] [basehttp:log_message] [INFO]- "GET /verify HTTP/1.1" 200 1410
[2020-06-17 12:48:19,683] [basehttp.py:124] [basehttp:log_message] [INFO]- "POST /dologin HTTP/1.1" 200 5960
[2020-06-17 12:48:19,723] [basehttp.py:124] [basehttp:log_message] [INFO]- "GET /verify HTTP/1.1" 200 1638
[2020-06-17 12:48:31,826] [basehttp.py:124] [basehttp:log_message] [INFO]- "POST /dologin HTTP/1.1" 302 0
[2020-06-17 12:48:31,859] [basehttp.py:124] [basehttp:log_message] [INFO]- "GET /web/center HTTP/1.1" 200 6867
[2020-06-17 12:48:31,874] [basehttp.py:124] [basehttp:log_message] [INFO]- "GET /static/monweb/css/ie10-viewport-bug-workaround.css HTTP/1.1" 200 433
[2020-06-17 12:48:31,900] [basehttp.py:124] [basehttp:log_message] [INFO]- "GET /static/monweb/css/member.css HTTP/1.1" 200 6509
[2020-06-17 12:48:31,902] [basehttp.py:124] [basehttp:log_message] [INFO]- "GET /static/monweb/img/m01.jpg HTTP/1.1" 200 8897
[2020-06-17 12:48:31,908] [basehttp.py:124] [basehttp:log_message] [INFO]- "GET /static/myadmin/js/jquery.min.js HTTP/1.1" 200 93868
[2020-06-17 12:48:31,911] [basehttp.py:124] [basehttp:log_message] [INFO]- "GET /static/monweb/js/ie-emulation-modes-warning.js HTTP/1.1" 200 2130
[2020-06-17 12:48:31,916] [basehttp.py:124] [basehttp:log_message] [INFO]- "GET /static/monweb/css/dashboard.css HTTP/1.1" 200 1557
[2020-06-17 12:48:31,927] [basehttp.py:124] [basehttp:log_message] [INFO]- "GET /static/monweb/css/bootstrapc.min.css HTTP/1.1" 200 121200
[2020-06-17 12:48:33,086] [basehttp.py:124] [basehttp:log_message] [INFO]- "GET /web/index/0 HTTP/1.1" 200 16380
[2020-06-17 12:48:53,586] [basehttp.py:124] [basehttp:log_message] [INFO]- "GET /web/getnum HTTP/1.1" 200 293
[2020-06-17 12:48:53,595] [basehttp.py:124] [basehttp:log_message] [INFO]- "GET /web/visitport HTTP/1.1" 200 229
[2020-06-17 12:48:53,617] [basehttp.py:124] [basehttp:log_message] [INFO]- "GET /web/domain HTTP/1.1" 200 1210
[2020-06-17 12:48:53,650] [basehttp.py:124] [basehttp:log_message] [INFO]- "GET /web/trend HTTP/1.1" 200 1495
[2020-06-17 12:48:53,711] [basehttp.py:124] [basehttp:log_message] [INFO]- "GET /web/statuscode HTTP/1.1" 200 5786
[2020-06-17 12:48:53,763] [basehttp.py:124] [basehttp:log_message] [INFO]- "GET /web/Hit HTTP/1.1" 200 38
[2020-06-17 12:48:53,786] [basehttp.py:124] [basehttp:log_message] [INFO]- "GET /web/rqtraffic HTTP/1.1" 200 2237
[2020-06-17 12:48:53,816] [basehttp.py:124] [basehttp:log_message] [INFO]- "GET /web/rstraffic HTTP/1.1" 200 2995
[2020-06-17 12:48:53,891] [basehttp.py:124] [basehttp:log_message] [INFO]- "GET /web/fraction HTTP/1.1" 200 264
[2020-06-17 12:49:00,243] [basehttp.py:124] [basehttp:log_message] [INFO]- "GET /web/Source_data HTTP/1.1" 200 497
[2020-06-17 12:49:02,243] [basehttp.py:124] [basehttp:log_message] [INFO]- "GET /web/attackmap HTTP/1.1" 200 4901
[2020-06-17 12:49:17,719] [basehttp.py:124] [basehttp:log_message] [INFO]- "GET /web/threaten/index/0 HTTP/1.1" 200 7591
[2020-06-17 12:49:17,730] [basehttp.py:124] [basehttp:log_message] [INFO]- "GET /static/monit/js/threaten.js HTTP/1.1" 304 0
[2020-06-17 12:49:17,791] [basehttp.py:124] [basehttp:log_message] [INFO]- "GET /web/Hit HTTP/1.1" 200 38
[2020-06-17 12:49:17,791] [basehttp.py:124] [basehttp:log_message] [INFO]- "GET /web/threaten/thattack HTTP/1.1" 200 449
[2020-06-17 12:49:17,812] [basehttp.py:124] [basehttp:log_message] [INFO]- "GET /web/threaten/thactive HTTP/1.1" 200 280
[2020-06-17 12:49:17,813] [basehttp.py:124] [basehttp:log_message] [INFO]- "GET /web/threaten/threat HTTP/1.1" 200 986
[2020-06-17 12:49:17,814] [basehttp.py:124] [basehttp:log_message] [INFO]- "GET /web/threaten/thnews HTTP/1.1" 200 5
[2020-06-17 12:49:17,815] [basehttp.py:124] [basehttp:log_message] [INFO]- "GET /web/threaten/thhit HTTP/1.1" 200 765
[2020-06-17 12:50:20,895] [basehttp.py:124] [basehttp:log_message] [INFO]- "GET /web/threaten/index/0 HTTP/1.1" 200 7591
[2020-06-17 12:50:39,034] [basehttp.py:124] [basehttp:log_message] [INFO]- "GET /web/threaten/thattack HTTP/1.1" 200 449
[2020-06-17 12:50:39,067] [basehttp.py:124] [basehttp:log_message] [INFO]- "GET /web/threaten/thactive HTTP/1.1" 200 280
[2020-06-17 12:50:39,068] [basehttp.py:124] [basehttp:log_message] [INFO]- "GET /web/threaten/threat HTTP/1.1" 200 986
[2020-06-17 12:50:39,075] [threaten.py:1027] [threaten:sear_info] [ERROR]- 请求出错：string indices must be integers
[2020-06-17 12:50:39,076] [basehttp.py:124] [basehttp:log_message] [INFO]- "GET /web/threaten/thnews HTTP/1.1" 200 5
[2020-06-17 12:50:41,283] [basehttp.py:124] [basehttp:log_message] [INFO]- "GET /web/Hit HTTP/1.1" 200 38
[2020-06-17 12:50:41,315] [basehttp.py:124] [basehttp:log_message] [INFO]- "GET /web/threaten/thhit HTTP/1.1" 200 765
[2020-06-17 13:14:06,955] [basehttp.py:124] [basehttp:log_message] [INFO]- "GET /web/threaten/index/0 HTTP/1.1" 200 7591
[2020-06-17 13:14:06,966] [basehttp.py:124] [basehttp:log_message] [INFO]- "GET /static/monit/js/js.js HTTP/1.1" 304 0
[2020-06-17 13:14:06,966] [basehttp.py:124] [basehttp:log_message] [INFO]- "GET /static/monit/js/threaten.js HTTP/1.1" 304 0
[2020-06-17 13:14:27,343] [basehttp.py:124] [basehttp:log_message] [INFO]- "GET /web/threaten/thattack HTTP/1.1" 200 395
[2020-06-17 13:14:27,368] [basehttp.py:124] [basehttp:log_message] [INFO]- "GET /web/threaten/thactive HTTP/1.1" 200 280
[2020-06-17 13:14:27,368] [basehttp.py:124] [basehttp:log_message] [INFO]- "GET /web/threaten/threat HTTP/1.1" 200 986
[2020-06-17 13:14:27,374] [basehttp.py:124] [basehttp:log_message] [INFO]- "GET /web/threaten/thhit HTTP/1.1" 200 765
[2020-06-17 13:14:29,584] [basehttp.py:124] [basehttp:log_message] [INFO]- "GET /web/Hit HTTP/1.1" 200 38
[2020-06-17 13:14:29,632] [basehttp.py:124] [basehttp:log_message] [INFO]- "GET /web/threaten/thnews HTTP/1.1" 200 5
[2020-06-17 13:15:44,276] [basehttp.py:124] [basehttp:log_message] [INFO]- "GET /web/threaten/index/0 HTTP/1.1" 200 7591
[2020-06-17 13:15:44,772] [basehttp.py:124] [basehttp:log_message] [INFO]- "GET /web/threaten/thattack HTTP/1.1" 200 395
[2020-06-17 13:15:44,790] [basehttp.py:124] [basehttp:log_message] [INFO]- "GET /web/threaten/thhit HTTP/1.1" 200 765
[2020-06-17 13:15:44,800] [basehttp.py:124] [basehttp:log_message] [INFO]- "GET /web/threaten/threat HTTP/1.1" 200 986
[2020-06-17 13:15:44,800] [basehttp.py:124] [basehttp:log_message] [INFO]- "GET /web/threaten/thactive HTTP/1.1" 200 280
[2020-06-17 13:15:44,808] [threaten.py:1026] [threaten:sear_info] [ERROR]- 请求出错：string indices must be integers
[2020-06-17 13:15:44,808] [basehttp.py:124] [basehttp:log_message] [INFO]- "GET /web/threaten/thnews HTTP/1.1" 200 5
[2020-06-17 13:15:56,063] [basehttp.py:124] [basehttp:log_message] [INFO]- "GET /web/Hit HTTP/1.1" 200 38
[2020-06-17 13:20:24,862] [basehttp.py:124] [basehttp:log_message] [INFO]- "GET /web/threaten/index/0 HTTP/1.1" 200 7591
[2020-06-17 13:20:25,996] [basehttp.py:124] [basehttp:log_message] [INFO]- "GET /web/threaten/thattack HTTP/1.1" 200 395
[2020-06-17 13:20:26,002] [basehttp.py:124] [basehttp:log_message] [INFO]- "GET /web/threaten/thhit HTTP/1.1" 200 765
[2020-06-17 13:20:26,015] [basehttp.py:124] [basehttp:log_message] [INFO]- "GET /web/threaten/thactive HTTP/1.1" 200 280
[2020-06-17 13:20:26,018] [threaten.py:1026] [threaten:sear_info] [ERROR]- 请求出错：string indices must be integers
[2020-06-17 13:20:26,019] [basehttp.py:124] [basehttp:log_message] [INFO]- "GET /web/threaten/thnews HTTP/1.1" 200 5
[2020-06-17 13:20:26,030] [basehttp.py:124] [basehttp:log_message] [INFO]- "GET /web/threaten/threat HTTP/1.1" 200 986
[2020-06-17 13:20:37,279] [basehttp.py:124] [basehttp:log_message] [INFO]- "GET /web/Hit HTTP/1.1" 200 38
[2020-06-17 13:21:14,468] [basehttp.py:124] [basehttp:log_message] [INFO]- "GET /web/threaten/index/0 HTTP/1.1" 200 7591
[2020-06-17 13:21:14,626] [basehttp.py:124] [basehttp:log_message] [INFO]- "GET /web/threaten/thattack HTTP/1.1" 200 395
[2020-06-17 13:21:14,637] [basehttp.py:124] [basehttp:log_message] [INFO]- "GET /web/threaten/thhit HTTP/1.1" 200 765
[2020-06-17 13:21:14,654] [basehttp.py:124] [basehttp:log_message] [INFO]- "GET /web/threaten/thactive HTTP/1.1" 200 280
[2020-06-17 13:21:14,654] [threaten.py:1029] [threaten:sear_info] [ERROR]- 请求出错：string indices must be integers
[2020-06-17 13:21:14,654] [basehttp.py:124] [basehttp:log_message] [INFO]- "GET /web/threaten/thnews HTTP/1.1" 200 5
[2020-06-17 13:21:14,658] [basehttp.py:124] [basehttp:log_message] [INFO]- "GET /web/threaten/threat HTTP/1.1" 200 986
[2020-06-17 13:21:16,895] [basehttp.py:124] [basehttp:log_message] [INFO]- "GET /web/Hit HTTP/1.1" 200 38
[2020-06-17 13:22:07,856] [basehttp.py:124] [basehttp:log_message] [INFO]- "GET /web/threaten/index/0 HTTP/1.1" 200 7591
[2020-06-17 13:22:07,951] [basehttp.py:124] [basehttp:log_message] [INFO]- "GET /web/threaten/thattack HTTP/1.1" 200 395
[2020-06-17 13:22:07,961] [basehttp.py:124] [basehttp:log_message] [INFO]- "GET /web/threaten/thhit HTTP/1.1" 200 765
[2020-06-17 13:22:07,970] [basehttp.py:124] [basehttp:log_message] [INFO]- "GET /web/threaten/threat HTTP/1.1" 200 986
[2020-06-17 13:22:07,970] [basehttp.py:124] [basehttp:log_message] [INFO]- "GET /web/threaten/thactive HTTP/1.1" 200 280
[2020-06-17 13:22:19,246] [basehttp.py:124] [basehttp:log_message] [INFO]- "GET /web/Hit HTTP/1.1" 200 38
[2020-06-17 13:22:19,246] [threaten.py:1030] [threaten:sear_info] [ERROR]- 请求出错：string indices must be integers
[2020-06-17 13:22:19,248] [basehttp.py:124] [basehttp:log_message] [INFO]- "GET /web/threaten/thnews HTTP/1.1" 200 5
[2020-06-17 13:23:31,610] [basehttp.py:124] [basehttp:log_message] [INFO]- "GET /web/threaten/index/0 HTTP/1.1" 200 7591
[2020-06-17 13:23:32,271] [basehttp.py:124] [basehttp:log_message] [INFO]- "GET /web/threaten/thattack HTTP/1.1" 200 395
[2020-06-17 13:23:32,290] [basehttp.py:124] [basehttp:log_message] [INFO]- "GET /web/threaten/thhit HTTP/1.1" 200 765
[2020-06-17 13:23:32,303] [basehttp.py:124] [basehttp:log_message] [INFO]- "GET /web/threaten/thactive HTTP/1.1" 200 280
[2020-06-17 13:23:32,305] [basehttp.py:124] [basehttp:log_message] [INFO]- "GET /web/threaten/threat HTTP/1.1" 200 986
[2020-06-17 13:23:32,306] [threaten.py:1030] [threaten:sear_info] [ERROR]- 请求出错：string indices must be integers
[2020-06-17 13:23:32,306] [basehttp.py:124] [basehttp:log_message] [INFO]- "GET /web/threaten/thnews HTTP/1.1" 200 5
[2020-06-17 13:23:43,562] [basehttp.py:124] [basehttp:log_message] [INFO]- "GET /web/Hit HTTP/1.1" 200 38
[2020-06-17 13:48:05,257] [basehttp.py:124] [basehttp:log_message] [INFO]- "GET /web/threaten/index/0 HTTP/1.1" 200 7591
[2020-06-17 13:48:05,269] [basehttp.py:124] [basehttp:log_message] [INFO]- "GET /static/monit/js/threaten.js HTTP/1.1" 304 0
[2020-06-17 13:48:05,402] [basehttp.py:124] [basehttp:log_message] [INFO]- "GET /web/threaten/thattack HTTP/1.1" 200 395
[2020-06-17 13:48:05,410] [basehttp.py:124] [basehttp:log_message] [INFO]- "GET /web/threaten/thhit HTTP/1.1" 200 765
[2020-06-17 13:48:05,418] [basehttp.py:124] [basehttp:log_message] [INFO]- "GET /web/threaten/threat HTTP/1.1" 200 986
[2020-06-17 13:48:16,684] [basehttp.py:124] [basehttp:log_message] [INFO]- "GET /web/threaten/thactive HTTP/1.1" 200 280
[2020-06-17 13:48:16,685] [threaten.py:1028] [threaten:sear_info] [ERROR]- 请求出错：string indices must be integers
[2020-06-17 13:48:16,686] [basehttp.py:124] [basehttp:log_message] [INFO]- "GET /web/threaten/thnews HTTP/1.1" 200 8
[2020-06-17 13:48:16,687] [basehttp.py:124] [basehttp:log_message] [INFO]- "GET /web/Hit HTTP/1.1" 200 38
[2020-06-17 13:52:46,401] [basehttp.py:124] [basehttp:log_message] [INFO]- "GET /web/threaten/index/0 HTTP/1.1" 200 7591
[2020-06-17 13:52:46,562] [basehttp.py:124] [basehttp:log_message] [INFO]- "GET /web/threaten/thattack HTTP/1.1" 200 395
[2020-06-17 13:52:46,577] [basehttp.py:124] [basehttp:log_message] [INFO]- "GET /web/threaten/thhit HTTP/1.1" 200 765
[2020-06-17 13:52:46,585] [basehttp.py:124] [basehttp:log_message] [INFO]- "GET /web/threaten/thactive HTTP/1.1" 200 280
[2020-06-17 13:52:46,587] [threaten.py:1028] [threaten:sear_info] [ERROR]- 请求出错：string indices must be integers
[2020-06-17 13:52:46,588] [basehttp.py:124] [basehttp:log_message] [INFO]- "GET /web/threaten/thnews HTTP/1.1" 200 5
[2020-06-17 13:52:57,860] [basehttp.py:124] [basehttp:log_message] [INFO]- "GET /web/Hit HTTP/1.1" 200 38
[2020-06-17 13:52:57,863] [basehttp.py:124] [basehttp:log_message] [INFO]- "GET /web/threaten/threat HTTP/1.1" 200 986
[2020-06-17 13:54:56,266] [basehttp.py:124] [basehttp:log_message] [INFO]- "GET /web/threaten/index/0 HTTP/1.1" 200 7591
[2020-06-17 13:54:56,280] [basehttp.py:124] [basehttp:log_message] [INFO]- "GET /static/monit/css/comon0.css HTTP/1.1" 200 8335
[2020-06-17 13:54:56,281] [basehttp.py:124] [basehttp:log_message] [INFO]- "GET /static/monit/js/js.js HTTP/1.1" 200 35217
[2020-06-17 13:54:56,281] [basehttp.py:124] [basehttp:log_message] [INFO]- "GET /static/monit/js/threaten.js HTTP/1.1" 200 25463
[2020-06-17 13:54:56,281] [basehttp.py:124] [basehttp:log_message] [INFO]- "GET /static/monit/js/jquery.js HTTP/1.1" 200 84384
[2020-06-17 13:54:56,283] [basehttp.py:124] [basehttp:log_message] [INFO]- "GET /static/monit/js/echarts.min.js HTTP/1.1" 200 744697
[2020-06-17 13:54:56,301] [basehttp.py:124] [basehttp:log_message] [INFO]- "GET /static/monit/js/world.js HTTP/1.1" 200 1011058
[2020-06-17 13:54:56,307] [basehttp.py:124] [basehttp:log_message] [INFO]- "GET /static/monit/js/area_echarts.js HTTP/1.1" 200 16048
[2020-06-17 13:54:56,334] [basehttp.py:124] [basehttp:log_message] [INFO]- "GET /static/monit/js/jquery.min.map HTTP/1.1" 200 127588
[2020-06-17 13:54:56,342] [basehttp.py:124] [basehttp:log_message] [INFO]- "GET /static/monit/picture/loading.gif HTTP/1.1" 200 701
[2020-06-17 13:54:56,343] [basehttp.py:124] [basehttp:log_message] [INFO]- "GET /static/monit/images/head_bg.png HTTP/1.1" 200 7881
[2020-06-17 13:54:56,344] [basehttp.py:124] [basehttp:log_message] [INFO]- "GET /static/monit/images/line.png HTTP/1.1" 200 3943
[2020-06-17 13:54:56,409] [basehttp.py:124] [basehttp:log_message] [INFO]- "GET /static/monit/images/bg.jpg HTTP/1.1" 200 6045516
[2020-06-17 13:55:16,718] [basehttp.py:124] [basehttp:log_message] [INFO]- "GET /web/Hit HTTP/1.1" 200 38
[2020-06-17 13:55:16,725] [base.py:152] [base:get_response] [WARNING]- Not Found: /favicon.ico
[2020-06-17 13:55:16,726] [basehttp.py:124] [basehttp:log_message] [WARNING]- "GET /favicon.ico HTTP/1.1" 404 6608
[2020-06-17 13:55:16,728] [basehttp.py:124] [basehttp:log_message] [INFO]- "GET /static/monit/font/DS-DIGIT.TTF HTTP/1.1" 200 25480
[2020-06-17 13:55:16,739] [basehttp.py:124] [basehttp:log_message] [INFO]- "GET /web/threaten/thattack HTTP/1.1" 200 395
[2020-06-17 13:55:16,739] [basehttp.py:124] [basehttp:log_message] [INFO]- "GET /web/threaten/thhit HTTP/1.1" 200 765
[2020-06-17 13:55:16,752] [basehttp.py:124] [basehttp:log_message] [INFO]- "GET /web/threaten/threat HTTP/1.1" 200 986
[2020-06-17 13:55:16,757] [basehttp.py:124] [basehttp:log_message] [INFO]- "GET /web/threaten/thactive HTTP/1.1" 200 280
[2020-06-17 13:55:16,770] [threaten.py:1030] [threaten:sear_info] [ERROR]- 请求出错：string indices must be integers
[2020-06-17 13:55:16,771] [basehttp.py:124] [basehttp:log_message] [INFO]- "GET /web/threaten/thnews HTTP/1.1" 200 5
[2020-06-17 13:58:29,408] [basehttp.py:124] [basehttp:log_message] [INFO]- "GET /web/threaten/thnews HTTP/1.1" 200 956
[2020-06-17 14:04:58,504] [basehttp.py:124] [basehttp:log_message] [INFO]- "GET /web/threaten/thnews HTTP/1.1" 200 956
[2020-06-17 14:06:18,309] [basehttp.py:124] [basehttp:log_message] [INFO]- "GET /web/threaten/thnews HTTP/1.1" 200 956
[2020-06-17 14:06:51,134] [basehttp.py:124] [basehttp:log_message] [INFO]- "GET /web/threaten/thnews HTTP/1.1" 200 956
[2020-06-17 14:08:31,805] [threaten.py:1031] [threaten:sear_info] [ERROR]- 获取数据出错：string indices must be integers
[2020-06-17 14:08:31,805] [base.py:152] [base:get_response] [WARNING]- Not Found: /web/threaten/thnews
[2020-06-17 14:08:31,806] [basehttp.py:124] [basehttp:log_message] [WARNING]- "GET /web/threaten/thnews HTTP/1.1" 404 5
[2020-06-17 14:15:52,095] [basehttp.py:124] [basehttp:log_message] [INFO]- "GET /web/threaten/index/0 HTTP/1.1" 200 7591
[2020-06-17 14:15:52,109] [basehttp.py:124] [basehttp:log_message] [INFO]- "GET /static/monit/js/threaten.js HTTP/1.1" 304 0
[2020-06-17 14:16:12,614] [basehttp.py:124] [basehttp:log_message] [INFO]- "GET /web/threaten/thattack HTTP/1.1" 200 395
[2020-06-17 14:16:12,626] [basehttp.py:124] [basehttp:log_message] [INFO]- "GET /web/threaten/thhit HTTP/1.1" 200 765
[2020-06-17 14:16:12,627] [basehttp.py:124] [basehttp:log_message] [INFO]- "GET /web/Hit HTTP/1.1" 200 38
[2020-06-17 14:16:12,638] [basehttp.py:124] [basehttp:log_message] [INFO]- "GET /web/threaten/threat HTTP/1.1" 200 986
[2020-06-17 14:16:12,645] [basehttp.py:124] [basehttp:log_message] [INFO]- "GET /web/threaten/thactive HTTP/1.1" 200 280
[2020-06-17 14:16:12,652] [basehttp.py:124] [basehttp:log_message] [INFO]- "GET /web/threaten/thnews HTTP/1.1" 200 956
[2020-06-17 14:33:02,760] [basehttp.py:124] [basehttp:log_message] [INFO]- "GET / HTTP/1.1" 200 5942
[2020-06-17 14:33:02,773] [basehttp.py:124] [basehttp:log_message] [INFO]- "GET /static/monweb/css/bootstrap.min.css HTTP/1.1" 304 0
[2020-06-17 14:33:02,807] [basehttp.py:124] [basehttp:log_message] [INFO]- "GET /verify HTTP/1.1" 200 1345
[2020-06-17 14:33:02,828] [base.py:152] [base:get_response] [WARNING]- Not Found: /favicon.ico
[2020-06-17 14:33:02,828] [basehttp.py:124] [basehttp:log_message] [WARNING]- "GET /favicon.ico HTTP/1.1" 404 6608
[2020-06-17 14:34:50,169] [basehttp.py:124] [basehttp:log_message] [INFO]- "GET /web/threaten/index/0 HTTP/1.1" 200 7591
[2020-06-17 14:35:10,641] [basehttp.py:124] [basehttp:log_message] [INFO]- "GET /web/threaten/thattack HTTP/1.1" 200 395
[2020-06-17 14:35:10,652] [basehttp.py:124] [basehttp:log_message] [INFO]- "GET /web/threaten/thhit HTTP/1.1" 200 764
[2020-06-17 14:35:10,662] [basehttp.py:124] [basehttp:log_message] [INFO]- "GET /web/threaten/thnews HTTP/1.1" 200 956
[2020-06-17 14:35:10,662] [basehttp.py:124] [basehttp:log_message] [INFO]- "GET /web/threaten/thactive HTTP/1.1" 200 280
[2020-06-17 14:35:10,666] [basehttp.py:124] [basehttp:log_message] [INFO]- "GET /web/threaten/threat HTTP/1.1" 200 986
[2020-06-17 14:35:12,908] [basehttp.py:124] [basehttp:log_message] [INFO]- "GET /web/Hit HTTP/1.1" 200 38
[2020-06-17 14:37:50,467] [basehttp.py:124] [basehttp:log_message] [INFO]- "GET /web/threaten/index/0 HTTP/1.1" 200 7591
[2020-06-17 14:37:50,481] [basehttp.py:124] [basehttp:log_message] [INFO]- "GET /static/monit/css/comon0.css HTTP/1.1" 200 8335
[2020-06-17 14:37:50,482] [basehttp.py:124] [basehttp:log_message] [INFO]- "GET /static/monit/js/threaten.js HTTP/1.1" 200 25463
[2020-06-17 14:37:50,482] [basehttp.py:124] [basehttp:log_message] [INFO]- "GET /static/monit/js/js.js HTTP/1.1" 200 35217
[2020-06-17 14:37:50,482] [basehttp.py:124] [basehttp:log_message] [INFO]- "GET /static/monit/js/jquery.js HTTP/1.1" 200 84384
[2020-06-17 14:37:50,485] [basehttp.py:124] [basehttp:log_message] [INFO]- "GET /static/monit/js/echarts.min.js HTTP/1.1" 200 744697
[2020-06-17 14:37:50,498] [basehttp.py:124] [basehttp:log_message] [INFO]- "GET /static/monit/js/world.js HTTP/1.1" 200 1011058
[2020-06-17 14:37:50,504] [basehttp.py:124] [basehttp:log_message] [INFO]- "GET /static/monit/js/area_echarts.js HTTP/1.1" 200 16048
[2020-06-17 14:37:50,523] [basehttp.py:124] [basehttp:log_message] [INFO]- "GET /static/monit/js/jquery.min.map HTTP/1.1" 200 127588
[2020-06-17 14:37:50,536] [basehttp.py:124] [basehttp:log_message] [INFO]- "GET /static/monit/picture/loading.gif HTTP/1.1" 200 701
[2020-06-17 14:37:50,536] [basehttp.py:124] [basehttp:log_message] [INFO]- "GET /static/monit/images/head_bg.png HTTP/1.1" 200 7881
[2020-06-17 14:37:50,537] [basehttp.py:124] [basehttp:log_message] [INFO]- "GET /static/monit/images/line.png HTTP/1.1" 200 3943
[2020-06-17 14:37:50,589] [basehttp.py:124] [basehttp:log_message] [INFO]- "GET /static/monit/images/bg.jpg HTTP/1.1" 200 6045516
[2020-06-17 14:37:50,619] [exception.py:135] [exception:handle_uncaught_exception] [ERROR]- Internal Server Error: /web/threaten/thnews
Traceback (most recent call last):
  File "E:\project_env\lib\site-packages\django\core\handlers\exception.py", line 41, in inner
    response = get_response(request)
  File "E:\project_env\lib\site-packages\django\core\handlers\base.py", line 187, in _get_response
    response = self.process_exception_by_middleware(e, request)
  File "E:\project_env\lib\site-packages\django\core\handlers\base.py", line 185, in _get_response
    response = wrapped_callback(request, *callback_args, **callback_kwargs)
  File "E:\project_env\lib\site-packages\django\views\generic\base.py", line 68, in view
    return self.dispatch(request, *args, **kwargs)
  File "E:\project_env\lib\site-packages\django\views\generic\base.py", line 88, in dispatch
    return handler(request, *args, **kwargs)
  File "E:\monitor\HqMonitor\web\views\threaten.py", line 855, in get
    es_result = self.sear_info(st_time, ed_time, sp_param)
  File "E:\monitor\HqMonitor\web\views\threaten.py", line 419, in int_time
    func()
TypeError: sear_info() missing 4 required positional arguments: 'self', 'st_time', 'ed_time', and 'sp_param'
[2020-06-17 14:37:50,705] [basehttp.py:124] [basehttp:log_message] [ERROR]- "GET /web/threaten/thnews HTTP/1.1" 500 17128
[2020-06-17 14:37:50,709] [base.py:152] [base:get_response] [WARNING]- Not Found: /favicon.ico
[2020-06-17 14:37:50,710] [basehttp.py:124] [basehttp:log_message] [WARNING]- "GET /favicon.ico HTTP/1.1" 404 6608
[2020-06-17 14:37:50,780] [basehttp.py:124] [basehttp:log_message] [INFO]- "GET /web/threaten/thattack HTTP/1.1" 200 395
[2020-06-17 14:37:50,800] [basehttp.py:124] [basehttp:log_message] [INFO]- "GET /web/threaten/thhit HTTP/1.1" 200 764
[2020-06-17 14:37:50,803] [basehttp.py:124] [basehttp:log_message] [INFO]- "GET /web/threaten/threat HTTP/1.1" 200 986
[2020-06-17 14:37:50,804] [basehttp.py:124] [basehttp:log_message] [INFO]- "GET /web/threaten/thactive HTTP/1.1" 200 280
[2020-06-17 14:38:02,070] [basehttp.py:124] [basehttp:log_message] [INFO]- "GET /web/Hit HTTP/1.1" 200 38
[2020-06-17 14:38:02,083] [basehttp.py:124] [basehttp:log_message] [INFO]- "GET /static/monit/font/DS-DIGIT.TTF HTTP/1.1" 200 25480
[2020-06-17 14:39:10,325] [basehttp.py:124] [basehttp:log_message] [INFO]- "GET /web/threaten/thnews HTTP/1.1" 200 4
[2020-06-17 14:39:33,774] [basehttp.py:124] [basehttp:log_message] [INFO]- "GET /web/threaten/thnews HTTP/1.1" 200 4
[2020-06-17 14:40:18,853] [basehttp.py:124] [basehttp:log_message] [INFO]- "GET /web/threaten/index/0 HTTP/1.1" 200 7591
[2020-06-17 14:40:19,008] [basehttp.py:124] [basehttp:log_message] [INFO]- "GET /web/threaten/thattack HTTP/1.1" 200 395
[2020-06-17 14:40:19,010] [basehttp.py:124] [basehttp:log_message] [INFO]- "GET /web/threaten/thhit HTTP/1.1" 200 764
[2020-06-17 14:40:19,025] [basehttp.py:124] [basehttp:log_message] [INFO]- "GET /web/threaten/threat HTTP/1.1" 200 986
[2020-06-17 14:40:19,031] [basehttp.py:124] [basehttp:log_message] [INFO]- "GET /web/threaten/thactive HTTP/1.1" 200 280
[2020-06-17 14:40:19,052] [basehttp.py:124] [basehttp:log_message] [INFO]- "GET /web/threaten/thnews HTTP/1.1" 200 4
[2020-06-17 14:40:30,308] [basehttp.py:124] [basehttp:log_message] [INFO]- "GET /web/Hit HTTP/1.1" 200 38
[2020-06-17 14:41:32,622] [basehttp.py:124] [basehttp:log_message] [INFO]- "GET /web/threaten/thnews HTTP/1.1" 200 956
[2020-06-17 15:54:11,158] [basehttp.py:124] [basehttp:log_message] [INFO]- "GET /web/threaten/index/0 HTTP/1.1" 200 7591
[2020-06-17 15:54:11,170] [basehttp.py:124] [basehttp:log_message] [INFO]- "GET /static/monit/js/threaten.js HTTP/1.1" 304 0
[2020-06-17 15:54:31,750] [basehttp.py:124] [basehttp:log_message] [INFO]- "GET /web/threaten/thattack HTTP/1.1" 200 395
[2020-06-17 15:54:31,761] [basehttp.py:124] [basehttp:log_message] [INFO]- "GET /web/Hit HTTP/1.1" 200 38
[2020-06-17 15:54:31,764] [basehttp.py:124] [basehttp:log_message] [INFO]- "GET /web/threaten/thhit HTTP/1.1" 200 762
[2020-06-17 15:54:31,779] [basehttp.py:124] [basehttp:log_message] [INFO]- "GET /web/threaten/thactive HTTP/1.1" 200 283
[2020-06-17 15:54:31,784] [basehttp.py:124] [basehttp:log_message] [INFO]- "GET /web/threaten/threat HTTP/1.1" 200 999
[2020-06-17 15:54:31,786] [basehttp.py:124] [basehttp:log_message] [INFO]- "GET /web/threaten/thnews HTTP/1.1" 200 1000
[2020-06-17 15:56:57,254] [basehttp.py:124] [basehttp:log_message] [INFO]- "GET /web/threaten/index/0 HTTP/1.1" 200 7321
[2020-06-17 15:56:57,385] [basehttp.py:124] [basehttp:log_message] [INFO]- "GET /web/threaten/thattack HTTP/1.1" 200 395
[2020-06-17 15:56:57,399] [basehttp.py:124] [basehttp:log_message] [INFO]- "GET /web/threaten/thhit HTTP/1.1" 200 762
[2020-06-17 15:56:57,404] [basehttp.py:124] [basehttp:log_message] [INFO]- "GET /web/threaten/thactive HTTP/1.1" 200 283
[2020-06-17 15:56:57,405] [basehttp.py:124] [basehttp:log_message] [INFO]- "GET /web/threaten/thnews HTTP/1.1" 200 1000
[2020-06-17 15:56:57,407] [basehttp.py:124] [basehttp:log_message] [INFO]- "GET /web/threaten/threat HTTP/1.1" 200 999
[2020-06-17 15:57:08,673] [basehttp.py:124] [basehttp:log_message] [INFO]- "GET /web/Hit HTTP/1.1" 200 38
[2020-06-17 15:57:15,467] [basehttp.py:124] [basehttp:log_message] [INFO]- "GET /web/threaten/index/0 HTTP/1.1" 200 7321
[2020-06-17 15:57:15,537] [basehttp.py:124] [basehttp:log_message] [INFO]- "GET /web/Hit HTTP/1.1" 200 38
[2020-06-17 15:57:15,545] [basehttp.py:124] [basehttp:log_message] [INFO]- "GET /web/threaten/thhit HTTP/1.1" 200 762
[2020-06-17 15:57:15,547] [basehttp.py:124] [basehttp:log_message] [INFO]- "GET /web/threaten/thnews HTTP/1.1" 200 1000
[2020-06-17 15:57:15,550] [basehttp.py:124] [basehttp:log_message] [INFO]- "GET /web/threaten/thattack HTTP/1.1" 200 395
[2020-06-17 15:57:15,556] [basehttp.py:124] [basehttp:log_message] [INFO]- "GET /web/threaten/thactive HTTP/1.1" 200 283
[2020-06-17 15:57:15,561] [basehttp.py:124] [basehttp:log_message] [INFO]- "GET /web/threaten/threat HTTP/1.1" 200 999
[2020-06-17 15:57:35,231] [basehttp.py:124] [basehttp:log_message] [INFO]- "GET /web/threaten/index/0 HTTP/1.1" 200 7318
[2020-06-17 15:57:35,296] [basehttp.py:124] [basehttp:log_message] [INFO]- "GET /web/threaten/thattack HTTP/1.1" 200 395
[2020-06-17 15:57:35,311] [basehttp.py:124] [basehttp:log_message] [INFO]- "GET /web/threaten/thhit HTTP/1.1" 200 762
[2020-06-17 15:57:35,325] [basehttp.py:124] [basehttp:log_message] [INFO]- "GET /web/Hit HTTP/1.1" 200 38
[2020-06-17 15:57:35,325] [basehttp.py:124] [basehttp:log_message] [INFO]- "GET /web/threaten/thactive HTTP/1.1" 200 283
[2020-06-17 15:57:35,328] [basehttp.py:124] [basehttp:log_message] [INFO]- "GET /web/threaten/threat HTTP/1.1" 200 999
[2020-06-17 15:57:35,338] [basehttp.py:124] [basehttp:log_message] [INFO]- "GET /web/threaten/thnews HTTP/1.1" 200 1000
[2020-06-17 16:02:36,872] [basehttp.py:124] [basehttp:log_message] [INFO]- "GET /web/threaten/index/0 HTTP/1.1" 200 7319
[2020-06-17 16:02:37,105] [basehttp.py:124] [basehttp:log_message] [INFO]- "GET /web/threaten/thattack HTTP/1.1" 200 395
[2020-06-17 16:02:37,120] [basehttp.py:124] [basehttp:log_message] [INFO]- "GET /web/threaten/thhit HTTP/1.1" 200 762
[2020-06-17 16:02:37,130] [basehttp.py:124] [basehttp:log_message] [INFO]- "GET /web/threaten/thactive HTTP/1.1" 200 283
[2020-06-17 16:02:37,131] [basehttp.py:124] [basehttp:log_message] [INFO]- "GET /web/threaten/threat HTTP/1.1" 200 999
[2020-06-17 16:02:37,132] [basehttp.py:124] [basehttp:log_message] [INFO]- "GET /web/threaten/thnews HTTP/1.1" 200 1000
[2020-06-17 16:02:42,206] [basehttp.py:124] [basehttp:log_message] [INFO]- "GET / HTTP/1.1" 200 5942
[2020-06-17 16:02:42,222] [basehttp.py:124] [basehttp:log_message] [INFO]- "GET /static/monweb/css/style.default.css HTTP/1.1" 200 67512
[2020-06-17 16:02:42,222] [basehttp.py:124] [basehttp:log_message] [INFO]- "GET /static/monweb/js/jquery.min.js HTTP/1.1" 200 93868
[2020-06-17 16:02:42,223] [basehttp.py:124] [basehttp:log_message] [INFO]- "GET /static/monweb/js/bootstrap.min.js HTTP/1.1" 200 37045
[2020-06-17 16:02:42,224] [basehttp.py:124] [basehttp:log_message] [INFO]- "GET /static/monweb/css/bootstrap.min.css HTTP/1.1" 200 153182
[2020-06-17 16:02:42,225] [basehttp.py:124] [basehttp:log_message] [INFO]- "GET /static/monweb/js/jquery.validate.min.js HTTP/1.1" 200 23261
[2020-06-17 16:02:42,226] [basehttp.py:124] [basehttp:log_message] [INFO]- "GET /static/monweb/js/front.js HTTP/1.1" 200 5967
[2020-06-17 16:02:42,443] [basehttp.py:124] [basehttp:log_message] [INFO]- "GET /static/monweb/img/p_big3.jpg HTTP/1.1" 200 15369
[2020-06-17 16:02:48,392] [basehttp.py:124] [basehttp:log_message] [INFO]- "GET /web/Hit HTTP/1.1" 200 38
[2020-06-17 16:02:48,392] [basehttp.py:124] [basehttp:log_message] [ERROR]- "GET /web/Hit HTTP/1.1" 500 59
[2020-06-17 16:02:48,395] [basehttp.py:124] [basehttp:log_message] [INFO]- "GET /verify HTTP/1.1" 200 1885
[2020-06-17 16:02:48,396] [basehttp.py:124] [basehttp:log_message] [ERROR]- "GET /verify HTTP/1.1" 500 59
[2020-06-17 16:02:48,406] [basehttp.py:124] [basehttp:log_message] [INFO]- "GET /verify HTTP/1.1" 200 1270
[2020-06-17 16:03:06,347] [csrf.py:160] [csrf:_reject] [WARNING]- Forbidden (CSRF cookie not set.): /dologin
[2020-06-17 16:03:06,362] [basehttp.py:124] [basehttp:log_message] [WARNING]- "POST /dologin HTTP/1.1" 403 2829
[2020-06-17 16:03:38,926] [basehttp.py:124] [basehttp:log_message] [INFO]- "GET / HTTP/1.1" 200 5942
[2020-06-17 16:03:38,951] [basehttp.py:124] [basehttp:log_message] [INFO]- "GET /static/monweb/js/bootstrap.min.js HTTP/1.1" 200 37045
[2020-06-17 16:03:38,952] [basehttp.py:124] [basehttp:log_message] [INFO]- "GET /static/monweb/js/front.js HTTP/1.1" 200 5967
[2020-06-17 16:03:38,952] [basehttp.py:124] [basehttp:log_message] [INFO]- "GET /static/monweb/js/jquery.validate.min.js HTTP/1.1" 200 23261
[2020-06-17 16:03:38,952] [basehttp.py:124] [basehttp:log_message] [INFO]- "GET /static/monweb/js/jquery.min.js HTTP/1.1" 200 93868
[2020-06-17 16:03:38,952] [basehttp.py:124] [basehttp:log_message] [INFO]- "GET /static/monweb/css/style.default.css HTTP/1.1" 200 67512
[2020-06-17 16:03:38,953] [basehttp.py:124] [basehttp:log_message] [INFO]- "GET /static/monweb/css/bootstrap.min.css HTTP/1.1" 200 153182
[2020-06-17 16:03:38,972] [basehttp.py:124] [basehttp:log_message] [INFO]- "GET /static/monweb/img/p_big3.jpg HTTP/1.1" 200 15369
[2020-06-17 16:03:38,974] [basehttp.py:124] [basehttp:log_message] [INFO]- "GET /verify HTTP/1.1" 200 1495
[2020-06-17 16:03:39,005] [base.py:152] [base:get_response] [WARNING]- Not Found: /favicon.ico
[2020-06-17 16:03:39,005] [basehttp.py:124] [basehttp:log_message] [WARNING]- "GET /favicon.ico HTTP/1.1" 404 6608
[2020-06-17 16:05:25,608] [basehttp.py:124] [basehttp:log_message] [INFO]- "GET /verify?sn=0.1134030516703195 HTTP/1.1" 200 1776
[2020-06-17 16:05:31,949] [basehttp.py:124] [basehttp:log_message] [INFO]- "POST /dologin HTTP/1.1" 302 0
[2020-06-17 16:05:31,985] [basehttp.py:124] [basehttp:log_message] [INFO]- "GET /web/center HTTP/1.1" 200 6867
[2020-06-17 16:05:31,999] [basehttp.py:124] [basehttp:log_message] [INFO]- "GET /static/monweb/css/member.css HTTP/1.1" 200 6509
[2020-06-17 16:05:31,999] [basehttp.py:124] [basehttp:log_message] [INFO]- "GET /static/monweb/css/ie10-viewport-bug-workaround.css HTTP/1.1" 200 433
[2020-06-17 16:05:31,999] [basehttp.py:124] [basehttp:log_message] [INFO]- "GET /static/monweb/css/dashboard.css HTTP/1.1" 200 1557
[2020-06-17 16:05:32,000] [basehttp.py:124] [basehttp:log_message] [INFO]- "GET /static/monweb/js/ie-emulation-modes-warning.js HTTP/1.1" 200 2130
[2020-06-17 16:05:32,000] [basehttp.py:124] [basehttp:log_message] [INFO]- "GET /static/monweb/css/bootstrapc.min.css HTTP/1.1" 200 121200
[2020-06-17 16:05:32,000] [basehttp.py:124] [basehttp:log_message] [INFO]- "GET /static/myadmin/js/jquery.min.js HTTP/1.1" 200 93868
[2020-06-17 16:05:32,003] [basehttp.py:124] [basehttp:log_message] [INFO]- "GET /static/monweb/img/m01.jpg HTTP/1.1" 200 8897
[2020-06-17 16:05:32,056] [basehttp.py:124] [basehttp:log_message] [INFO]- "GET /static/monweb/favicon.ico HTTP/1.1" 200 5430
[2020-06-17 16:05:38,804] [basehttp.py:124] [basehttp:log_message] [INFO]- "GET /web/index/5 HTTP/1.1" 200 17035
[2020-06-17 16:05:38,816] [basehttp.py:124] [basehttp:log_message] [INFO]- "GET /static/monit/js/js.js HTTP/1.1" 200 35217
[2020-06-17 16:05:38,817] [basehttp.py:124] [basehttp:log_message] [INFO]- "GET /static/monit/css/comon0.css HTTP/1.1" 200 8333
[2020-06-17 16:05:38,817] [basehttp.py:124] [basehttp:log_message] [INFO]- "GET /static/monit/js/jquery.js HTTP/1.1" 200 84384
[2020-06-17 16:05:38,818] [basehttp.py:124] [basehttp:log_message] [INFO]- "GET /static/monit/js/echarts.min.js HTTP/1.1" 200 744697
[2020-06-17 16:05:38,830] [basehttp.py:124] [basehttp:log_message] [INFO]- "GET /static/monit/js/world.js HTTP/1.1" 200 1011058
[2020-06-17 16:05:38,839] [basehttp.py:124] [basehttp:log_message] [INFO]- "GET /static/monit/js/area_echarts.js HTTP/1.1" 200 16048
[2020-06-17 16:05:38,839] [basehttp.py:124] [basehttp:log_message] [INFO]- "GET /static/monit/picture/loading.gif HTTP/1.1" 200 701
[2020-06-17 16:05:38,866] [basehttp.py:124] [basehttp:log_message] [INFO]- "GET /static/monit/images/head_bg.png HTTP/1.1" 200 7881
[2020-06-17 16:05:38,866] [basehttp.py:124] [basehttp:log_message] [INFO]- "GET /static/monit/images/line.png HTTP/1.1" 200 3943
[2020-06-17 16:05:38,925] [basehttp.py:124] [basehttp:log_message] [INFO]- "GET /static/monit/images/bg.jpg HTTP/1.1" 200 6045516
[2020-06-17 16:05:38,964] [basehttp.py:124] [basehttp:log_message] [INFO]- "GET /web/domain?comid=5 HTTP/1.1" 200 239
[2020-06-17 16:05:39,006] [basehttp.py:124] [basehttp:log_message] [INFO]- "GET /web/visitport?comid=5 HTTP/1.1" 200 121
[2020-06-17 16:05:39,018] [basehttp.py:124] [basehttp:log_message] [INFO]- "GET /web/getnum?comid=5 HTTP/1.1" 200 224
[2020-06-17 16:05:39,042] [basehttp.py:124] [basehttp:log_message] [INFO]- "GET /web/statuscode?comid=5 HTTP/1.1" 200 324
[2020-06-17 16:05:39,045] [basehttp.py:124] [basehttp:log_message] [INFO]- "GET /web/rstraffic?comid=5 HTTP/1.1" 200 1147
[2020-06-17 16:05:39,077] [basehttp.py:124] [basehttp:log_message] [INFO]- "GET /web/rqtraffic?comid=5 HTTP/1.1" 200 1206
[2020-06-17 16:05:39,495] [basehttp.py:124] [basehttp:log_message] [INFO]- "GET /web/trend?comid=5 HTTP/1.1" 200 591
[2020-06-17 16:05:39,785] [basehttp.py:124] [basehttp:log_message] [INFO]- "GET /web/fraction HTTP/1.1" 200 258
[2020-06-17 16:05:40,354] [basehttp.py:124] [basehttp:log_message] [INFO]- "GET /web/Hit?comid=5 HTTP/1.1" 200 34
[2020-06-17 16:05:40,376] [basehttp.py:124] [basehttp:log_message] [INFO]- "GET /static/monit/font/DS-DIGIT.TTF HTTP/1.1" 200 25480
[2020-06-17 16:05:46,004] [basehttp.py:124] [basehttp:log_message] [INFO]- "GET /web/Source_data?comid=5 HTTP/1.1" 200 516
[2020-06-17 16:05:48,475] [basehttp.py:124] [basehttp:log_message] [INFO]- "GET /web/attackmap?comid=5 HTTP/1.1" 200 285
[2020-06-17 16:07:39,091] [basehttp.py:124] [basehttp:log_message] [INFO]- "POST /web/getnum HTTP/1.1" 200 68
[2020-06-17 16:09:39,175] [basehttp.py:124] [basehttp:log_message] [INFO]- "POST /web/getnum HTTP/1.1" 200 68
[2020-06-17 16:11:39,230] [basehttp.py:124] [basehttp:log_message] [INFO]- "POST /web/getnum HTTP/1.1" 200 68
[2020-06-17 16:13:34,252] [basehttp.py:124] [basehttp:log_message] [INFO]- "GET /web/index/5 HTTP/1.1" 200 17035
[2020-06-17 16:13:34,264] [basehttp.py:124] [basehttp:log_message] [INFO]- "GET /static/monit/css/comon0.css HTTP/1.1" 200 8414
[2020-06-17 16:13:34,387] [basehttp.py:124] [basehttp:log_message] [INFO]- "GET /web/getnum?comid=5 HTTP/1.1" 200 224
[2020-06-17 16:13:34,401] [basehttp.py:124] [basehttp:log_message] [INFO]- "GET /web/visitport?comid=5 HTTP/1.1" 200 120
[2020-06-17 16:13:34,415] [basehttp.py:124] [basehttp:log_message] [INFO]- "GET /web/domain?comid=5 HTTP/1.1" 200 239
[2020-06-17 16:13:34,438] [basehttp.py:124] [basehttp:log_message] [INFO]- "GET /web/statuscode?comid=5 HTTP/1.1" 200 372
[2020-06-17 16:13:34,446] [basehttp.py:124] [basehttp:log_message] [INFO]- "GET /web/trend?comid=5 HTTP/1.1" 200 591
[2020-06-17 16:13:34,453] [basehttp.py:124] [basehttp:log_message] [INFO]- "GET /web/rstraffic?comid=5 HTTP/1.1" 200 1182
[2020-06-17 16:13:34,461] [basehttp.py:124] [basehttp:log_message] [INFO]- "GET /web/rqtraffic?comid=5 HTTP/1.1" 200 1167
[2020-06-17 16:13:34,520] [basehttp.py:124] [basehttp:log_message] [INFO]- "GET /web/Source_data?comid=5 HTTP/1.1" 200 516
[2020-06-17 16:13:34,916] [basehttp.py:124] [basehttp:log_message] [INFO]- "GET /web/fraction HTTP/1.1" 200 256
[2020-06-17 16:13:45,023] [basehttp.py:124] [basehttp:log_message] [INFO]- "GET /web/attackmap?comid=5 HTTP/1.1" 200 285
[2020-06-17 16:13:46,700] [basehttp.py:124] [basehttp:log_message] [INFO]- "GET /web/Hit?comid=5 HTTP/1.1" 200 34
[2020-06-17 16:13:52,713] [basehttp.py:124] [basehttp:log_message] [INFO]- "GET /web/index/5 HTTP/1.1" 200 17035
[2020-06-17 16:13:52,723] [basehttp.py:124] [basehttp:log_message] [INFO]- "GET /static/monit/css/comon0.css HTTP/1.1" 304 0
[2020-06-17 16:13:52,786] [basehttp.py:124] [basehttp:log_message] [INFO]- "GET /web/getnum?comid=5 HTTP/1.1" 200 224
[2020-06-17 16:13:52,791] [basehttp.py:124] [basehttp:log_message] [INFO]- "GET /web/visitport?comid=5 HTTP/1.1" 200 120
[2020-06-17 16:13:52,794] [basehttp.py:124] [basehttp:log_message] [INFO]- "GET /web/fraction HTTP/1.1" 200 256
[2020-06-17 16:13:52,807] [basehttp.py:124] [basehttp:log_message] [INFO]- "GET /web/domain?comid=5 HTTP/1.1" 200 239
[2020-06-17 16:13:52,813] [basehttp.py:124] [basehttp:log_message] [INFO]- "GET /web/statuscode?comid=5 HTTP/1.1" 200 372
[2020-06-17 16:13:52,816] [basehttp.py:124] [basehttp:log_message] [INFO]- "GET /web/trend?comid=5 HTTP/1.1" 200 591
[2020-06-17 16:13:52,846] [basehttp.py:124] [basehttp:log_message] [INFO]- "GET /web/rstraffic?comid=5 HTTP/1.1" 200 1182
[2020-06-17 16:13:52,854] [basehttp.py:124] [basehttp:log_message] [INFO]- "GET /web/Hit?comid=5 HTTP/1.1" 200 34
[2020-06-17 16:13:52,861] [basehttp.py:124] [basehttp:log_message] [INFO]- "GET /web/rqtraffic?comid=5 HTTP/1.1" 200 1167
[2020-06-17 16:13:52,879] [basehttp.py:124] [basehttp:log_message] [INFO]- "GET /web/Source_data?comid=5 HTTP/1.1" 200 516
[2020-06-17 16:14:00,653] [basehttp.py:124] [basehttp:log_message] [INFO]- "GET /web/attackmap?comid=5 HTTP/1.1" 200 285
[2020-06-17 16:14:27,387] [basehttp.py:124] [basehttp:log_message] [INFO]- "GET /logout HTTP/1.1" 302 0
[2020-06-17 16:14:27,390] [basehttp.py:124] [basehttp:log_message] [INFO]- "GET / HTTP/1.1" 200 5942
[2020-06-17 16:14:27,431] [basehttp.py:124] [basehttp:log_message] [INFO]- "GET /verify HTTP/1.1" 200 1831
[2020-06-17 16:14:55,577] [csrf.py:160] [csrf:_reject] [WARNING]- Forbidden (CSRF cookie not set.): /dologin
[2020-06-17 16:14:55,578] [basehttp.py:124] [basehttp:log_message] [WARNING]- "POST /dologin HTTP/1.1" 403 2829
[2020-06-17 16:15:03,481] [basehttp.py:124] [basehttp:log_message] [INFO]- "GET / HTTP/1.1" 200 5942
[2020-06-17 16:15:03,497] [basehttp.py:124] [basehttp:log_message] [INFO]- "GET /static/monweb/js/bootstrap.min.js HTTP/1.1" 200 37045
[2020-06-17 16:15:03,498] [basehttp.py:124] [basehttp:log_message] [INFO]- "GET /static/monweb/js/front.js HTTP/1.1" 200 5967
[2020-06-17 16:15:03,498] [basehttp.py:124] [basehttp:log_message] [INFO]- "GET /static/monweb/css/style.default.css HTTP/1.1" 200 67512
[2020-06-17 16:15:03,498] [basehttp.py:124] [basehttp:log_message] [INFO]- "GET /static/monweb/js/jquery.validate.min.js HTTP/1.1" 200 23261
[2020-06-17 16:15:03,499] [basehttp.py:124] [basehttp:log_message] [INFO]- "GET /static/monweb/js/jquery.min.js HTTP/1.1" 200 93868
[2020-06-17 16:15:03,499] [basehttp.py:124] [basehttp:log_message] [INFO]- "GET /static/monweb/css/bootstrap.min.css HTTP/1.1" 200 153182
[2020-06-17 16:15:03,508] [basehttp.py:124] [basehttp:log_message] [INFO]- "GET /static/monweb/img/p_big3.jpg HTTP/1.1" 200 15369
[2020-06-17 16:15:03,528] [basehttp.py:124] [basehttp:log_message] [INFO]- "GET /verify HTTP/1.1" 200 1796
[2020-06-17 16:15:21,514] [basehttp.py:124] [basehttp:log_message] [INFO]- "GET / HTTP/1.1" 200 5942
[2020-06-17 16:15:21,527] [basehttp.py:124] [basehttp:log_message] [INFO]- "GET /static/monweb/js/jquery.validate.min.js HTTP/1.1" 200 23261
[2020-06-17 16:15:21,528] [basehttp.py:124] [basehttp:log_message] [INFO]- "GET /static/monweb/js/bootstrap.min.js HTTP/1.1" 200 37045
[2020-06-17 16:15:21,528] [basehttp.py:124] [basehttp:log_message] [INFO]- "GET /static/monweb/css/style.default.css HTTP/1.1" 200 67512
[2020-06-17 16:15:21,528] [basehttp.py:124] [basehttp:log_message] [INFO]- "GET /static/monweb/js/front.js HTTP/1.1" 200 5967
[2020-06-17 16:15:21,529] [basehttp.py:124] [basehttp:log_message] [INFO]- "GET /static/monweb/css/bootstrap.min.css HTTP/1.1" 200 153182
[2020-06-17 16:15:21,529] [basehttp.py:124] [basehttp:log_message] [INFO]- "GET /static/monweb/js/jquery.min.js HTTP/1.1" 200 93868
[2020-06-17 16:15:21,540] [basehttp.py:124] [basehttp:log_message] [INFO]- "GET /static/monweb/img/p_big3.jpg HTTP/1.1" 200 15369
[2020-06-17 16:15:21,561] [basehttp.py:124] [basehttp:log_message] [INFO]- "GET /verify HTTP/1.1" 200 1772
[2020-06-17 16:15:35,325] [basehttp.py:124] [basehttp:log_message] [INFO]- "POST /dologin HTTP/1.1" 200 5960
[2020-06-17 16:15:35,365] [basehttp.py:124] [basehttp:log_message] [INFO]- "GET /verify HTTP/1.1" 200 1455
[2020-06-17 16:15:42,682] [basehttp.py:124] [basehttp:log_message] [INFO]- "GET /verify?sn=0.18659341529223217 HTTP/1.1" 200 1526
[2020-06-17 16:15:43,549] [basehttp.py:124] [basehttp:log_message] [INFO]- "GET /verify?sn=0.198101342132756 HTTP/1.1" 200 1680
[2020-06-17 16:15:48,410] [basehttp.py:124] [basehttp:log_message] [INFO]- "POST /dologin HTTP/1.1" 302 0
[2020-06-17 16:15:48,443] [basehttp.py:124] [basehttp:log_message] [INFO]- "GET /web/center HTTP/1.1" 200 6867
[2020-06-17 16:15:48,457] [basehttp.py:124] [basehttp:log_message] [INFO]- "GET /static/monweb/css/ie10-viewport-bug-workaround.css HTTP/1.1" 200 433
[2020-06-17 16:15:48,458] [basehttp.py:124] [basehttp:log_message] [INFO]- "GET /static/monweb/css/dashboard.css HTTP/1.1" 200 1557
[2020-06-17 16:15:48,458] [basehttp.py:124] [basehttp:log_message] [INFO]- "GET /static/monweb/css/member.css HTTP/1.1" 200 6509
[2020-06-17 16:15:48,459] [basehttp.py:124] [basehttp:log_message] [INFO]- "GET /static/monweb/js/ie-emulation-modes-warning.js HTTP/1.1" 200 2130
[2020-06-17 16:15:48,460] [basehttp.py:124] [basehttp:log_message] [INFO]- "GET /static/monweb/css/bootstrapc.min.css HTTP/1.1" 200 121200
[2020-06-17 16:15:48,460] [basehttp.py:124] [basehttp:log_message] [INFO]- "GET /static/monweb/img/m01.jpg HTTP/1.1" 200 8897
[2020-06-17 16:15:48,460] [basehttp.py:124] [basehttp:log_message] [INFO]- "GET /static/myadmin/js/jquery.min.js HTTP/1.1" 200 93868
[2020-06-17 16:15:48,482] [basehttp.py:124] [basehttp:log_message] [INFO]- "GET /static/monweb/favicon.ico HTTP/1.1" 200 5430
[2020-06-17 16:15:51,926] [basehttp.py:124] [basehttp:log_message] [INFO]- "GET /web/index/5 HTTP/1.1" 200 17035
[2020-06-17 16:15:51,939] [basehttp.py:124] [basehttp:log_message] [INFO]- "GET /static/monit/css/comon0.css HTTP/1.1" 200 8414
[2020-06-17 16:15:51,939] [basehttp.py:124] [basehttp:log_message] [INFO]- "GET /static/monit/js/jquery.js HTTP/1.1" 200 84384
[2020-06-17 16:15:51,940] [basehttp.py:124] [basehttp:log_message] [INFO]- "GET /static/monit/js/js.js HTTP/1.1" 200 35217
[2020-06-17 16:15:51,942] [basehttp.py:124] [basehttp:log_message] [INFO]- "GET /static/monit/js/echarts.min.js HTTP/1.1" 200 744697
[2020-06-17 16:15:51,956] [basehttp.py:124] [basehttp:log_message] [INFO]- "GET /static/monit/js/world.js HTTP/1.1" 200 1011058
[2020-06-17 16:15:51,963] [basehttp.py:124] [basehttp:log_message] [INFO]- "GET /static/monit/js/area_echarts.js HTTP/1.1" 200 16048
[2020-06-17 16:15:51,967] [basehttp.py:124] [basehttp:log_message] [INFO]- "GET /static/monit/picture/loading.gif HTTP/1.1" 200 701
[2020-06-17 16:15:51,995] [basehttp.py:124] [basehttp:log_message] [INFO]- "GET /static/monit/images/head_bg.png HTTP/1.1" 200 7881
[2020-06-17 16:15:51,996] [basehttp.py:124] [basehttp:log_message] [INFO]- "GET /static/monit/images/line.png HTTP/1.1" 200 3943
[2020-06-17 16:15:52,042] [basehttp.py:124] [basehttp:log_message] [INFO]- "GET /static/monit/images/bg.jpg HTTP/1.1" 200 6045516
[2020-06-17 16:15:52,053] [basehttp.py:124] [basehttp:log_message] [INFO]- "GET /web/getnum?comid=5 HTTP/1.1" 200 224
[2020-06-17 16:15:52,053] [basehttp.py:124] [basehttp:log_message] [INFO]- "GET /web/visitport?comid=5 HTTP/1.1" 200 121
[2020-06-17 16:15:52,061] [basehttp.py:124] [basehttp:log_message] [INFO]- "GET /web/domain?comid=5 HTTP/1.1" 200 239
[2020-06-17 16:15:52,069] [basehttp.py:124] [basehttp:log_message] [INFO]- "GET /web/statuscode?comid=5 HTTP/1.1" 200 348
[2020-06-17 16:15:52,108] [basehttp.py:124] [basehttp:log_message] [INFO]- "GET /web/Hit?comid=5 HTTP/1.1" 200 34
[2020-06-17 16:15:52,120] [basehttp.py:124] [basehttp:log_message] [INFO]- "GET /web/rstraffic?comid=5 HTTP/1.1" 200 1181
[2020-06-17 16:15:52,137] [basehttp.py:124] [basehttp:log_message] [INFO]- "GET /web/trend?comid=5 HTTP/1.1" 200 591
[2020-06-17 16:15:52,143] [basehttp.py:124] [basehttp:log_message] [INFO]- "GET /web/rqtraffic?comid=5 HTTP/1.1" 200 1322
[2020-06-17 16:15:52,155] [basehttp.py:124] [basehttp:log_message] [INFO]- "GET /static/monit/font/DS-DIGIT.TTF HTTP/1.1" 200 25480
[2020-06-17 16:15:52,185] [basehttp.py:124] [basehttp:log_message] [INFO]- "GET /web/Source_data?comid=5 HTTP/1.1" 200 516
[2020-06-17 16:15:52,940] [basehttp.py:124] [basehttp:log_message] [INFO]- "GET /web/fraction HTTP/1.1" 200 255
[2020-06-17 16:15:59,769] [basehttp.py:124] [basehttp:log_message] [INFO]- "GET /web/threaten/index/5 HTTP/1.1" 200 123
[2020-06-17 16:16:00,085] [basehttp.py:124] [basehttp:log_message] [INFO]- "GET /web/attackmap?comid=5 HTTP/1.1" 200 285
[2020-06-17 16:16:00,086] [basehttp.py:124] [basehttp:log_message] [ERROR]- "GET /web/attackmap?comid=5 HTTP/1.1" 500 59
[2020-06-17 16:16:23,591] [basehttp.py:124] [basehttp:log_message] [INFO]- "GET /web/threaten/index/5 HTTP/1.1" 200 123
[2020-06-17 16:16:26,520] [basehttp.py:124] [basehttp:log_message] [INFO]- "GET /web/attackmap?comid=5 HTTP/1.1" 200 285
[2020-06-17 16:16:26,520] [basehttp.py:124] [basehttp:log_message] [ERROR]- "GET /web/attackmap?comid=5 HTTP/1.1" 500 59
[2020-06-17 16:20:09,939] [basehttp.py:124] [basehttp:log_message] [INFO]- "GET /web/index/5 HTTP/1.1" 200 17035
[2020-06-17 16:20:09,952] [basehttp.py:124] [basehttp:log_message] [INFO]- "GET /static/monit/css/comon0.css HTTP/1.1" 304 0
[2020-06-17 16:20:10,009] [basehttp.py:124] [basehttp:log_message] [INFO]- "GET /web/getnum?comid=5 HTTP/1.1" 200 224
[2020-06-17 16:20:10,018] [basehttp.py:124] [basehttp:log_message] [INFO]- "GET /web/visitport?comid=5 HTTP/1.1" 200 121
[2020-06-17 16:20:10,034] [basehttp.py:124] [basehttp:log_message] [INFO]- "GET /web/fraction HTTP/1.1" 200 256
[2020-06-17 16:20:10,034] [basehttp.py:124] [basehttp:log_message] [INFO]- "GET /web/statuscode?comid=5 HTTP/1.1" 200 360
[2020-06-17 16:20:10,067] [basehttp.py:124] [basehttp:log_message] [INFO]- "GET /web/domain?comid=5 HTTP/1.1" 200 239
[2020-06-17 16:20:10,067] [basehttp.py:124] [basehttp:log_message] [INFO]- "GET /web/rstraffic?comid=5 HTTP/1.1" 200 1171
[2020-06-17 16:20:10,069] [basehttp.py:124] [basehttp:log_message] [INFO]- "GET /web/trend?comid=5 HTTP/1.1" 200 591
[2020-06-17 16:20:10,071] [basehttp.py:124] [basehttp:log_message] [INFO]- "GET /web/rqtraffic?comid=5 HTTP/1.1" 200 1822
[2020-06-17 16:20:10,082] [basehttp.py:124] [basehttp:log_message] [INFO]- "GET /web/Hit?comid=5 HTTP/1.1" 200 34
[2020-06-17 16:20:10,141] [basehttp.py:124] [basehttp:log_message] [INFO]- "GET /web/Source_data?comid=5 HTTP/1.1" 200 516
[2020-06-17 16:20:13,589] [basehttp.py:124] [basehttp:log_message] [INFO]- "GET /web/attackmap?comid=5 HTTP/1.1" 200 286
[2020-06-17 16:20:13,590] [basehttp.py:124] [basehttp:log_message] [ERROR]- "GET /web/attackmap?comid=5 HTTP/1.1" 500 59
[2020-06-17 16:20:18,233] [basehttp.py:124] [basehttp:log_message] [INFO]- "GET /web/attackmap?comid=5 HTTP/1.1" 200 286
[2020-06-17 16:20:27,041] [basehttp.py:124] [basehttp:log_message] [INFO]- "GET /web/threaten/index/5 HTTP/1.1" 200 123
[2020-06-17 16:21:01,980] [basehttp.py:124] [basehttp:log_message] [INFO]- "GET /web/center HTTP/1.1" 200 6867
[2020-06-17 16:21:02,013] [basehttp.py:124] [basehttp:log_message] [INFO]- "GET /static/monweb/favicon.ico HTTP/1.1" 200 5430
[2020-06-17 16:21:04,380] [basehttp.py:124] [basehttp:log_message] [INFO]- "GET /web/center HTTP/1.1" 200 6867
[2020-06-17 16:21:04,411] [basehttp.py:124] [basehttp:log_message] [INFO]- "GET /static/monweb/favicon.ico HTTP/1.1" 200 5430
[2020-06-17 16:21:08,535] [basehttp.py:124] [basehttp:log_message] [INFO]- "GET /web/index/5 HTTP/1.1" 200 17035
[2020-06-17 16:21:08,547] [basehttp.py:124] [basehttp:log_message] [INFO]- "GET /static/monit/css/comon0.css HTTP/1.1" 304 0
[2020-06-17 16:21:08,629] [basehttp.py:124] [basehttp:log_message] [INFO]- "GET /web/getnum?comid=5 HTTP/1.1" 200 224
[2020-06-17 16:21:08,629] [basehttp.py:124] [basehttp:log_message] [INFO]- "GET /web/visitport?comid=5 HTTP/1.1" 200 121
[2020-06-17 16:21:08,639] [basehttp.py:124] [basehttp:log_message] [INFO]- "GET /web/domain?comid=5 HTTP/1.1" 200 239
[2020-06-17 16:21:08,644] [basehttp.py:124] [basehttp:log_message] [INFO]- "GET /web/statuscode?comid=5 HTTP/1.1" 200 348
[2020-06-17 16:21:08,665] [basehttp.py:124] [basehttp:log_message] [INFO]- "GET /web/trend?comid=5 HTTP/1.1" 200 591
[2020-06-17 16:21:08,690] [basehttp.py:124] [basehttp:log_message] [INFO]- "GET /web/rqtraffic?comid=5 HTTP/1.1" 200 1958
[2020-06-17 16:21:08,691] [basehttp.py:124] [basehttp:log_message] [INFO]- "GET /web/Hit?comid=5 HTTP/1.1" 200 34
[2020-06-17 16:21:08,698] [basehttp.py:124] [basehttp:log_message] [INFO]- "GET /web/rstraffic?comid=5 HTTP/1.1" 200 1181
[2020-06-17 16:21:08,755] [basehttp.py:124] [basehttp:log_message] [INFO]- "GET /web/Source_data?comid=5 HTTP/1.1" 200 516
[2020-06-17 16:21:09,064] [basehttp.py:124] [basehttp:log_message] [INFO]- "GET /web/fraction HTTP/1.1" 200 257
[2020-06-17 16:21:17,125] [basehttp.py:124] [basehttp:log_message] [INFO]- "GET /web/attackmap?comid=5 HTTP/1.1" 200 284
[2020-06-17 16:21:21,890] [basehttp.py:124] [basehttp:log_message] [INFO]- "GET /web/threaten/index/5 HTTP/1.1" 200 123
[2020-06-17 16:22:14,670] [basehttp.py:124] [basehttp:log_message] [INFO]- "GET /static/monit/css/comon0.css HTTP/1.1" 304 0
[2020-06-17 16:22:14,705] [basehttp.py:124] [basehttp:log_message] [INFO]- "GET /static/monit/js/jquery.min.map HTTP/1.1" 200 127588
[2020-06-17 16:22:22,439] [basehttp.py:124] [basehttp:log_message] [INFO]- "GET /web/threaten/index/5 HTTP/1.1" 200 123
[2020-06-17 16:24:15,953] [basehttp.py:124] [basehttp:log_message] [INFO]- "GET /web/threaten/index/5 HTTP/1.1" 200 123
[2020-06-17 16:24:24,998] [basehttp.py:124] [basehttp:log_message] [INFO]- "GET /web/threaten/index/5 HTTP/1.1" 200 123
[2020-06-17 16:25:01,548] [basehttp.py:124] [basehttp:log_message] [INFO]- "GET /static/monweb/css/bootstrap.min.css.map HTTP/1.1" 200 542194
[2020-06-17 16:25:03,854] [basehttp.py:124] [basehttp:log_message] [INFO]- "GET /web/index/0 HTTP/1.1" 200 16380
[2020-06-17 16:25:03,866] [basehttp.py:124] [basehttp:log_message] [INFO]- "GET /static/monit/css/comon0.css HTTP/1.1" 304 0
[2020-06-17 16:25:24,346] [basehttp.py:124] [basehttp:log_message] [INFO]- "GET /web/visitport HTTP/1.1" 200 230
[2020-06-17 16:25:24,399] [basehttp.py:124] [basehttp:log_message] [INFO]- "GET /web/getnum HTTP/1.1" 200 296
[2020-06-17 16:25:24,441] [basehttp.py:124] [basehttp:log_message] [INFO]- "GET /web/domain HTTP/1.1" 200 1250
[2020-06-17 16:25:24,479] [basehttp.py:124] [basehttp:log_message] [INFO]- "GET /web/trend HTTP/1.1" 200 2298
[2020-06-17 16:25:24,576] [basehttp.py:124] [basehttp:log_message] [INFO]- "GET /web/statuscode HTTP/1.1" 200 4258
[2020-06-17 16:25:24,689] [basehttp.py:124] [basehttp:log_message] [INFO]- "GET /web/rqtraffic HTTP/1.1" 200 2443
[2020-06-17 16:25:24,734] [basehttp.py:124] [basehttp:log_message] [INFO]- "GET /web/rstraffic HTTP/1.1" 200 2671
[2020-06-17 16:25:24,851] [basehttp.py:124] [basehttp:log_message] [INFO]- "GET /web/Hit HTTP/1.1" 200 38
[2020-06-17 16:25:25,166] [basehttp.py:124] [basehttp:log_message] [INFO]- "GET /web/fraction HTTP/1.1" 200 258
[2020-06-17 16:25:30,340] [basehttp.py:124] [basehttp:log_message] [INFO]- "GET /web/Source_data HTTP/1.1" 200 603
[2020-06-17 16:25:36,384] [basehttp.py:124] [basehttp:log_message] [INFO]- "GET /web/attackmap HTTP/1.1" 200 5386
[2020-06-17 16:26:09,269] [basehttp.py:124] [basehttp:log_message] [INFO]- "GET /web/threaten/index/0 HTTP/1.1" 200 7343
[2020-06-17 16:26:09,282] [basehttp.py:124] [basehttp:log_message] [INFO]- "GET /static/monit/js/threaten.js HTTP/1.1" 200 25463
[2020-06-17 16:26:09,368] [basehttp.py:124] [basehttp:log_message] [INFO]- "GET /web/threaten/thattack HTTP/1.1" 200 443
[2020-06-17 16:26:09,392] [basehttp.py:124] [basehttp:log_message] [INFO]- "GET /web/threaten/thnews HTTP/1.1" 200 1000
[2020-06-17 16:26:09,393] [basehttp.py:124] [basehttp:log_message] [INFO]- "GET /web/threaten/thactive HTTP/1.1" 200 283
[2020-06-17 16:26:09,573] [basehttp.py:124] [basehttp:log_message] [INFO]- "GET /web/Hit HTTP/1.1" 200 38
[2020-06-17 16:26:09,625] [basehttp.py:124] [basehttp:log_message] [INFO]- "GET /web/threaten/thhit HTTP/1.1" 200 763
[2020-06-17 16:26:10,374] [basehttp.py:124] [basehttp:log_message] [INFO]- "GET /web/threaten/threat HTTP/1.1" 200 999
[2020-06-17 16:26:17,072] [basehttp.py:124] [basehttp:log_message] [INFO]- "GET /static/monit/css/comon0.css HTTP/1.1" 304 0
[2020-06-17 17:11:38,644] [basehttp.py:124] [basehttp:log_message] [INFO]- "GET /logout HTTP/1.1" 302 0
[2020-06-17 17:11:38,648] [basehttp.py:124] [basehttp:log_message] [INFO]- "GET / HTTP/1.1" 200 5942
[2020-06-17 17:11:38,674] [basehttp.py:124] [basehttp:log_message] [INFO]- "GET /verify HTTP/1.1" 200 1808
[2020-06-17 17:11:44,875] [basehttp.py:124] [basehttp:log_message] [INFO]- "GET /myadmin HTTP/1.1" 301 0
[2020-06-17 17:11:44,893] [basehttp.py:124] [basehttp:log_message] [INFO]- "GET /myadmin/ HTTP/1.1" 302 0
[2020-06-17 17:11:44,899] [basehttp.py:124] [basehttp:log_message] [INFO]- "GET /myadmin/login HTTP/1.1" 200 2152
[2020-06-17 17:11:44,912] [basehttp.py:124] [basehttp:log_message] [INFO]- "GET /static/myadmin/css/site.css HTTP/1.1" 200 2065
[2020-06-17 17:11:44,912] [basehttp.py:124] [basehttp:log_message] [INFO]- "GET /static/myadmin/js/bootstrap.min.js HTTP/1.1" 200 21134
[2020-06-17 17:11:44,912] [basehttp.py:124] [basehttp:log_message] [INFO]- "GET /static/myadmin/css/bootstrap-responsive.min.css HTTP/1.1" 200 16520
[2020-06-17 17:11:44,913] [basehttp.py:124] [basehttp:log_message] [INFO]- "GET /static/myadmin/css/bootstrap.min.css HTTP/1.1" 200 101349
[2020-06-17 17:11:44,921] [basehttp.py:124] [basehttp:log_message] [INFO]- "GET /static/myadmin/js/site.js HTTP/1.1" 200 2341
[2020-06-17 17:11:44,949] [basehttp.py:124] [basehttp:log_message] [INFO]- "GET /myadmin/verify HTTP/1.1" 200 1745
[2020-06-17 17:11:57,577] [basehttp.py:124] [basehttp:log_message] [INFO]- "POST /myadmin/dologin HTTP/1.1" 302 0
[2020-06-17 17:11:57,611] [basehttp.py:124] [basehttp:log_message] [INFO]- "GET /myadmin/ HTTP/1.1" 200 7011
[2020-06-17 17:11:57,623] [basehttp.py:124] [basehttp:log_message] [INFO]- "GET /static/myadmin/js/register.js HTTP/1.1" 200 2381
[2020-06-17 17:11:57,623] [basehttp.py:124] [basehttp:log_message] [INFO]- "GET /static/myadmin/css/bootstrap-responsive.css HTTP/1.1" 200 21709
[2020-06-17 17:11:57,623] [basehttp.py:124] [basehttp:log_message] [INFO]- "GET /static/myadmin/js/bootstrap.js HTTP/1.1" 200 47875
[2020-06-17 17:11:57,624] [basehttp.py:124] [basehttp:log_message] [INFO]- "GET /static/myadmin/css/bootstrap.css HTTP/1.1" 200 121663
[2020-06-17 17:11:57,636] [basehttp.py:124] [basehttp:log_message] [INFO]- "GET /static/myadmin/img/glyphicons-halflings-white.png HTTP/1.1" 200 4352
[2020-06-17 17:11:57,636] [basehttp.py:124] [basehttp:log_message] [INFO]- "GET /static/myadmin/img/glyphicons-halflings.png HTTP/1.1" 200 4352
[2020-06-17 17:11:59,344] [basehttp.py:124] [basehttp:log_message] [INFO]- "GET /myadmin/pany/1 HTTP/1.1" 200 9176
[2020-06-17 17:12:00,497] [basehttp.py:124] [basehttp:log_message] [INFO]- "GET /myadmin/pany/2? HTTP/1.1" 200 9176
[2020-06-17 17:12:00,757] [basehttp.py:124] [basehttp:log_message] [INFO]- "GET /myadmin/pany/2? HTTP/1.1" 200 9176
[2020-06-17 17:12:01,344] [basehttp.py:124] [basehttp:log_message] [INFO]- "GET /myadmin/pany/0? HTTP/1.1" 200 9176
[2020-06-17 17:12:01,774] [basehttp.py:124] [basehttp:log_message] [INFO]- "GET /myadmin/pany/2? HTTP/1.1" 200 9176
[2020-06-17 17:12:02,185] [basehttp.py:124] [basehttp:log_message] [INFO]- "GET /myadmin/pany/0? HTTP/1.1" 200 9176
[2020-06-17 17:12:02,665] [basehttp.py:124] [basehttp:log_message] [INFO]- "GET /myadmin/pany/2? HTTP/1.1" 200 9176
[2020-06-17 17:12:02,860] [basehttp.py:124] [basehttp:log_message] [INFO]- "GET /myadmin/pany/2? HTTP/1.1" 200 9176
[2020-06-17 17:12:03,054] [basehttp.py:124] [basehttp:log_message] [INFO]- "GET /myadmin/pany/2? HTTP/1.1" 200 9176
[2020-06-17 17:12:03,429] [basehttp.py:124] [basehttp:log_message] [INFO]- "GET /myadmin/pany/0? HTTP/1.1" 200 9176
[2020-06-17 17:12:04,375] [basehttp.py:124] [basehttp:log_message] [INFO]- "GET /myadmin/pany/0? HTTP/1.1" 200 9176
[2020-06-17 17:12:04,700] [basehttp.py:124] [basehttp:log_message] [INFO]- "GET /myadmin/pany/2? HTTP/1.1" 200 9176
[2020-06-17 17:12:06,893] [basehttp.py:124] [basehttp:log_message] [INFO]- "GET /myadmin/users/1 HTTP/1.1" 200 11489
[2020-06-17 17:12:07,856] [basehttp.py:124] [basehttp:log_message] [INFO]- "GET /myadmin/users/2? HTTP/1.1" 200 11489
[2020-06-17 17:12:08,219] [basehttp.py:124] [basehttp:log_message] [INFO]- "GET /myadmin/users/0? HTTP/1.1" 200 11489
[2020-06-17 17:12:08,590] [basehttp.py:124] [basehttp:log_message] [INFO]- "GET /myadmin/users/2? HTTP/1.1" 200 11489
[2020-06-17 17:12:08,899] [basehttp.py:124] [basehttp:log_message] [INFO]- "GET /myadmin/users/0? HTTP/1.1" 200 11489
[2020-06-17 17:12:09,266] [basehttp.py:124] [basehttp:log_message] [INFO]- "GET /myadmin/users/2? HTTP/1.1" 200 11489
[2020-06-17 17:12:10,600] [basehttp.py:124] [basehttp:log_message] [INFO]- "GET /myadmin/users/2? HTTP/1.1" 200 11489
[2020-06-17 17:12:11,062] [basehttp.py:124] [basehttp:log_message] [INFO]- "GET /myadmin/users/0? HTTP/1.1" 200 11489
[2020-06-17 17:12:13,474] [basehttp.py:124] [basehttp:log_message] [INFO]- "GET /myadmin/users/2? HTTP/1.1" 200 11489
[2020-06-17 17:12:13,848] [basehttp.py:124] [basehttp:log_message] [INFO]- "GET /myadmin/users/0? HTTP/1.1" 200 11489
[2020-06-17 17:12:17,911] [basehttp.py:124] [basehttp:log_message] [INFO]- "GET /myadmin/users/2? HTTP/1.1" 200 11489
[2020-06-17 17:12:18,558] [basehttp.py:124] [basehttp:log_message] [INFO]- "GET /myadmin/users/0? HTTP/1.1" 200 11489
[2020-06-17 17:12:21,376] [basehttp.py:124] [basehttp:log_message] [INFO]- "GET /myadmin/users/2? HTTP/1.1" 200 11489
[2020-06-17 17:12:21,722] [basehttp.py:124] [basehttp:log_message] [INFO]- "GET /myadmin/users/0? HTTP/1.1" 200 11489
[2020-06-17 17:12:29,880] [basehttp.py:124] [basehttp:log_message] [INFO]- "GET /myadmin/users/2? HTTP/1.1" 200 11489
[2020-06-17 17:12:32,297] [basehttp.py:124] [basehttp:log_message] [INFO]- "GET /myadmin/users/0? HTTP/1.1" 200 11489
[2020-06-17 17:12:33,407] [basehttp.py:124] [basehttp:log_message] [INFO]- "GET /myadmin/users/2? HTTP/1.1" 200 11489
[2020-06-17 17:12:33,879] [basehttp.py:124] [basehttp:log_message] [INFO]- "GET /myadmin/users/0? HTTP/1.1" 200 11489
[2020-06-17 17:17:14,398] [basehttp.py:124] [basehttp:log_message] [INFO]- "GET /myadmin/logout HTTP/1.1" 302 0
[2020-06-17 17:17:14,402] [basehttp.py:124] [basehttp:log_message] [INFO]- "GET /myadmin/login HTTP/1.1" 200 2152
[2020-06-17 17:17:14,435] [basehttp.py:124] [basehttp:log_message] [INFO]- "GET /myadmin/verify HTTP/1.1" 200 1503
[2020-06-17 17:17:23,413] [basehttp.py:124] [basehttp:log_message] [INFO]- "GET / HTTP/1.1" 200 5942
[2020-06-17 17:17:23,449] [basehttp.py:124] [basehttp:log_message] [INFO]- "GET /verify HTTP/1.1" 200 1426
[2020-06-17 17:17:29,432] [basehttp.py:124] [basehttp:log_message] [INFO]- "GET /verify?sn=0.47003176383141443 HTTP/1.1" 200 1617
[2020-06-17 17:17:35,856] [basehttp.py:124] [basehttp:log_message] [INFO]- "POST /dologin HTTP/1.1" 302 0
[2020-06-17 17:17:35,888] [basehttp.py:124] [basehttp:log_message] [INFO]- "GET /web/center HTTP/1.1" 200 6867
[2020-06-17 17:17:39,046] [basehttp.py:124] [basehttp:log_message] [INFO]- "GET /web/index/5 HTTP/1.1" 200 17035
[2020-06-17 17:17:39,060] [basehttp.py:124] [basehttp:log_message] [INFO]- "GET /static/monit/css/comon0.css HTTP/1.1" 200 8335
[2020-06-17 17:17:39,203] [basehttp.py:124] [basehttp:log_message] [INFO]- "GET /web/getnum?comid=5 HTTP/1.1" 200 224
[2020-06-17 17:17:39,204] [basehttp.py:124] [basehttp:log_message] [INFO]- "GET /web/visitport?comid=5 HTTP/1.1" 200 121
[2020-06-17 17:17:39,215] [basehttp.py:124] [basehttp:log_message] [INFO]- "GET /web/domain?comid=5 HTTP/1.1" 200 239
[2020-06-17 17:17:39,219] [basehttp.py:124] [basehttp:log_message] [INFO]- "GET /web/statuscode?comid=5 HTTP/1.1" 200 396
[2020-06-17 17:17:39,249] [basehttp.py:124] [basehttp:log_message] [INFO]- "GET /web/trend?comid=5 HTTP/1.1" 200 735
[2020-06-17 17:17:39,283] [basehttp.py:124] [basehttp:log_message] [INFO]- "GET /web/rstraffic?comid=5 HTTP/1.1" 200 1181
[2020-06-17 17:17:39,287] [basehttp.py:124] [basehttp:log_message] [INFO]- "GET /web/rqtraffic?comid=5 HTTP/1.1" 200 1545
[2020-06-17 17:17:39,339] [basehttp.py:124] [basehttp:log_message] [INFO]- "GET /web/Source_data?comid=5 HTTP/1.1" 200 463
[2020-06-17 17:17:39,929] [basehttp.py:124] [basehttp:log_message] [INFO]- "GET /web/fraction HTTP/1.1" 200 262
[2020-06-17 17:17:48,567] [basehttp.py:124] [basehttp:log_message] [INFO]- "GET /web/attackmap?comid=5 HTTP/1.1" 200 285
[2020-06-17 17:17:50,874] [basehttp.py:124] [basehttp:log_message] [INFO]- "GET /web/Hit?comid=5 HTTP/1.1" 200 34
[2020-06-17 17:17:57,564] [basehttp.py:124] [basehttp:log_message] [INFO]- "GET /web/threaten/index/5 HTTP/1.1" 200 7367
[2020-06-17 17:17:57,576] [basehttp.py:124] [basehttp:log_message] [INFO]- "GET /static/monit/js/threaten.js HTTP/1.1" 304 0
[2020-06-17 17:17:57,631] [basehttp.py:124] [basehttp:log_message] [INFO]- "GET /web/threaten/thattack?comid=5 HTTP/1.1" 200 218
[2020-06-17 17:17:57,642] [basehttp.py:124] [basehttp:log_message] [INFO]- "GET /web/Hit?comid=5 HTTP/1.1" 200 34
[2020-06-17 17:17:57,643] [basehttp.py:124] [basehttp:log_message] [INFO]- "GET /web/threaten/thhit?comid=5 HTTP/1.1" 200 514
[2020-06-17 17:17:57,649] [basehttp.py:124] [basehttp:log_message] [INFO]- "GET /web/threaten/threat?comid=5 HTTP/1.1" 200 975
[2020-06-17 17:17:57,649] [basehttp.py:124] [basehttp:log_message] [INFO]- "GET /web/threaten/thactive?comid=5 HTTP/1.1" 200 265
[2020-06-17 17:17:57,651] [basehttp.py:124] [basehttp:log_message] [INFO]- "GET /web/threaten/thnews?comid=5 HTTP/1.1" 200 1004
[2020-06-17 17:20:31,252] [basehttp.py:124] [basehttp:log_message] [INFO]- "POST /web/getnum HTTP/1.1" 200 80
[2020-06-17 17:22:31,333] [basehttp.py:124] [basehttp:log_message] [INFO]- "POST /web/getnum HTTP/1.1" 200 68
[2020-06-17 17:24:31,392] [basehttp.py:124] [basehttp:log_message] [INFO]- "POST /web/getnum HTTP/1.1" 200 68
[2020-06-17 17:26:31,450] [basehttp.py:124] [basehttp:log_message] [INFO]- "POST /web/getnum HTTP/1.1" 200 68
[2020-06-17 17:28:31,510] [basehttp.py:124] [basehttp:log_message] [INFO]- "POST /web/getnum HTTP/1.1" 200 68
[2020-06-17 17:30:31,566] [basehttp.py:124] [basehttp:log_message] [INFO]- "POST /web/getnum HTTP/1.1" 200 80
[2020-06-17 17:32:31,628] [basehttp.py:124] [basehttp:log_message] [INFO]- "POST /web/getnum HTTP/1.1" 200 68
[2020-06-17 17:34:32,299] [basehttp.py:124] [basehttp:log_message] [INFO]- "POST /web/getnum HTTP/1.1" 200 68
[2020-06-17 17:36:33,296] [basehttp.py:124] [basehttp:log_message] [INFO]- "POST /web/getnum HTTP/1.1" 200 68
[2020-06-17 17:38:19,687] [basehttp.py:124] [basehttp:log_message] [INFO]- "GET /web/center HTTP/1.1" 200 6867
[2020-06-17 17:38:46,410] [basehttp.py:124] [basehttp:log_message] [INFO]- "GET /web/threaten/index/5 HTTP/1.1" 200 7367
[2020-06-17 17:38:46,421] [basehttp.py:124] [basehttp:log_message] [INFO]- "GET /static/monit/css/comon0.css HTTP/1.1" 304 0
[2020-06-17 17:38:46,520] [basehttp.py:124] [basehttp:log_message] [INFO]- "GET /web/threaten/thattack?comid=5 HTTP/1.1" 200 218
[2020-06-17 17:38:46,533] [basehttp.py:124] [basehttp:log_message] [INFO]- "GET /web/threaten/thhit?comid=5 HTTP/1.1" 200 526
[2020-06-17 17:38:46,540] [basehttp.py:124] [basehttp:log_message] [INFO]- "GET /web/threaten/thactive?comid=5 HTTP/1.1" 200 265
[2020-06-17 17:38:46,542] [basehttp.py:124] [basehttp:log_message] [INFO]- "GET /web/threaten/thnews?comid=5 HTTP/1.1" 200 1004
[2020-06-17 17:38:46,542] [basehttp.py:124] [basehttp:log_message] [INFO]- "GET /web/threaten/threat?comid=5 HTTP/1.1" 200 975
[2020-06-17 17:38:58,162] [basehttp.py:124] [basehttp:log_message] [INFO]- "GET /web/Hit?comid=5 HTTP/1.1" 200 34
