[2020-07-03 10:30:21,372] [basehttp.py:124] [basehttp:log_message] [INFO]- "GET /web/center HTTP/1.1" 200 11253
[2020-07-03 10:30:21,403] [basehttp.py:124] [basehttp:log_message] [INFO]- "GET /static/monweb/js/main.js HTTP/1.1" 304 0
[2020-07-03 10:30:22,090] [basehttp.py:124] [basehttp:log_message] [INFO]- "GET / HTTP/1.1" 200 5007
[2020-07-03 10:30:22,154] [basehttp.py:124] [basehttp:log_message] [INFO]- "GET /verify HTTP/1.1" 200 1894
[2020-07-03 10:30:22,185] [basehttp.py:124] [basehttp:log_message] [INFO]- "GET /static/monweb/master-public.pem HTTP/1.1" 200 276
[2020-07-03 10:30:27,026] [basehttp.py:124] [basehttp:log_message] [INFO]- "GET /web/center HTTP/1.1" 200 11253
[2020-07-03 10:30:27,057] [basehttp.py:124] [basehttp:log_message] [INFO]- "GET /static/favicon.ico HTTP/1.1" 200 67646
[2020-07-03 10:30:28,143] [basehttp.py:124] [basehttp:log_message] [INFO]- "GET /web/center HTTP/1.1" 200 11253
[2020-07-03 10:30:28,759] [basehttp.py:124] [basehttp:log_message] [INFO]- "GET /web/messag/1 HTTP/1.1" 200 9672
[2020-07-03 10:30:29,432] [basehttp.py:124] [basehttp:log_message] [INFO]- "GET /web/mesquery?pIndex=1 HTTP/1.1" 200 12056
[2020-07-03 10:30:30,267] [basehttp.py:124] [basehttp:log_message] [INFO]- "GET /web/messag/1 HTTP/1.1" 200 9672
[2020-07-03 10:30:30,764] [basehttp.py:124] [basehttp:log_message] [INFO]- "GET /web/center HTTP/1.1" 200 11253
[2020-07-03 10:30:31,274] [basehttp.py:124] [basehttp:log_message] [INFO]- "GET /web/messag/1 HTTP/1.1" 200 9672
[2020-07-03 10:30:33,946] [basehttp.py:124] [basehttp:log_message] [INFO]- "GET /web/messag/1 HTTP/1.1" 200 9672
[2020-07-03 10:30:34,265] [basehttp.py:124] [basehttp:log_message] [INFO]- "GET /web/center HTTP/1.1" 200 11253
[2020-07-03 10:30:37,815] [basehttp.py:124] [basehttp:log_message] [INFO]- "GET /web/index?comid=5 HTTP/1.1" 200 41629
[2020-07-03 10:30:51,493] [basehttp.py:124] [basehttp:log_message] [INFO]- "GET /web/fraction?comid=5 HTTP/1.1" 200 27
[2020-07-03 10:30:51,496] [basehttp.py:124] [basehttp:log_message] [INFO]- "GET /web/visitport?comid=5 HTTP/1.1" 200 121
[2020-07-03 10:30:51,568] [basehttp.py:124] [basehttp:log_message] [INFO]- "GET /web/rqtraffic?comid=5 HTTP/1.1" 200 1303
[2020-07-03 10:30:51,607] [basehttp.py:124] [basehttp:log_message] [INFO]- "GET /web/rstraffic?comid=5 HTTP/1.1" 200 1142
[2020-07-03 10:30:51,646] [basehttp.py:124] [basehttp:log_message] [INFO]- "GET /web/Hit?comid=5 HTTP/1.1" 200 33
[2020-07-03 10:30:51,731] [basehttp.py:124] [basehttp:log_message] [INFO]- "GET /web/domain?comid=5 HTTP/1.1" 200 215
[2020-07-03 10:30:51,748] [basehttp.py:124] [basehttp:log_message] [INFO]- "GET /web/getnum?comid=5 HTTP/1.1" 200 200
[2020-07-03 10:30:51,754] [basehttp.py:124] [basehttp:log_message] [INFO]- "GET /web/Source_data?comid=5&page=1&tim=None&comid=5 HTTP/1.1" 200 419
[2020-07-03 10:30:51,783] [basehttp.py:124] [basehttp:log_message] [INFO]- "GET /web/statuscode?comid=5 HTTP/1.1" 200 312
[2020-07-03 10:30:51,805] [basehttp.py:124] [basehttp:log_message] [INFO]- "POST /web/fraction HTTP/1.1" 200 232
[2020-07-03 10:30:51,853] [basehttp.py:124] [basehttp:log_message] [INFO]- "GET /web/trend?comid=5 HTTP/1.1" 200 2
[2020-07-03 10:30:52,403] [basehttp.py:124] [basehttp:log_message] [INFO]- "POST /web/trend HTTP/1.1" 200 2294
[2020-07-03 10:31:05,954] [basehttp.py:124] [basehttp:log_message] [INFO]- "GET /web/attackmap?comid=5 HTTP/1.1" 200 379
[2020-07-03 10:31:09,561] [basehttp.py:124] [basehttp:log_message] [INFO]- "POST /web/fraction HTTP/1.1" 200 232
[2020-07-03 10:31:09,767] [basehttp.py:124] [basehttp:log_message] [INFO]- "GET /web/Invasion?comid=5 HTTP/1.1" 200 29881
[2020-07-03 10:31:30,155] [basehttp.py:124] [basehttp:log_message] [INFO]- "GET /web/attrackport?comid=5 HTTP/1.1" 200 60
[2020-07-03 10:31:30,165] [basehttp.py:124] [basehttp:log_message] [INFO]- "GET /web/mainattrack?comid=5 HTTP/1.1" 200 71
[2020-07-03 10:31:30,165] [basehttp.py:124] [basehttp:log_message] [INFO]- "GET /web/attracktype?comid=5 HTTP/1.1" 200 60
[2020-07-03 10:31:30,165] [basehttp.py:124] [basehttp:log_message] [INFO]- "GET /web/attrackclass?comid=5 HTTP/1.1" 200 71
[2020-07-03 10:31:30,165] [basehttp.py:124] [basehttp:log_message] [INFO]- "GET /web/attracklog?comid=5&page=1 HTTP/1.1" 200 90
[2020-07-03 10:31:30,179] [basehttp.py:124] [basehttp:log_message] [INFO]- "GET /web/score/scindex?comid=5 HTTP/1.1" 200 24238
[2020-07-03 10:31:30,182] [basehttp.py:124] [basehttp:log_message] [INFO]- "GET /web/allattrack?comid=5 HTTP/1.1" 200 45
[2020-07-03 10:31:30,228] [basehttp.py:124] [basehttp:log_message] [INFO]- "GET /static/monit/js/score.js HTTP/1.1" 200 19645
[2020-07-03 10:31:52,968] [basehttp.py:124] [basehttp:log_message] [INFO]- "GET /web/score/webthr?comid=5 HTTP/1.1" 200 196
[2020-07-03 10:31:52,969] [basehttp.py:124] [basehttp:log_message] [INFO]- "GET /web/score/tithr?comid=5 HTTP/1.1" 200 216
[2020-07-03 10:31:52,971] [basehttp.py:124] [basehttp:log_message] [INFO]- "GET /web/score/inthr?comid=5 HTTP/1.1" 200 1581
[2020-07-03 10:31:52,972] [basehttp.py:124] [basehttp:log_message] [INFO]- "GET /web/score/score_count?comid=5&page=1&tim=None&comid=5 HTTP/1.1" 200 783
[2020-07-03 10:31:52,991] [basehttp.py:124] [basehttp:log_message] [INFO]- "GET /web/center HTTP/1.1" 200 11253
[2020-07-03 10:31:53,001] [basehttp.py:124] [basehttp:log_message] [INFO]- "GET /web/score/mainthr?comid=5 HTTP/1.1" 200 216
[2020-07-03 10:31:53,014] [basehttp.py:124] [basehttp:log_message] [INFO]- "GET /web/score/totalthr?comid=5 HTTP/1.1" 200 206
[2020-07-03 10:31:56,029] [basehttp.py:124] [basehttp:log_message] [INFO]- "GET /web/index?comid=0 HTTP/1.1" 200 41102
[2020-07-03 10:31:56,131] [basehttp.py:124] [basehttp:log_message] [INFO]- "GET /web/fraction HTTP/1.1" 200 223
[2020-07-03 10:31:56,184] [basehttp.py:124] [basehttp:log_message] [INFO]- "GET /web/visitport HTTP/1.1" 200 231
[2020-07-03 10:31:56,228] [basehttp.py:124] [basehttp:log_message] [INFO]- "GET /web/getnum HTTP/1.1" 200 296
[2020-07-03 10:31:56,240] [basehttp.py:124] [basehttp:log_message] [INFO]- "GET /web/trend HTTP/1.1" 200 887
[2020-07-03 10:31:56,326] [basehttp.py:124] [basehttp:log_message] [INFO]- "GET /web/domain HTTP/1.1" 200 1006
[2020-07-03 10:31:56,480] [basehttp.py:124] [basehttp:log_message] [INFO]- "GET /web/statuscode HTTP/1.1" 200 5179
[2020-07-03 10:31:56,523] [basehttp.py:124] [basehttp:log_message] [INFO]- "GET /web/rqtraffic HTTP/1.1" 200 2394
[2020-07-03 10:31:57,148] [basehttp.py:124] [basehttp:log_message] [INFO]- "GET /web/rstraffic HTTP/1.1" 200 2866
[2020-07-03 10:31:58,530] [basehttp.py:124] [basehttp:log_message] [INFO]- "GET /web/Hit HTTP/1.1" 200 37
[2020-07-03 10:32:06,309] [basehttp.py:124] [basehttp:log_message] [INFO]- "GET /web/Source_data?comid=0&page=1&tim=None HTTP/1.1" 200 432
[2020-07-03 10:32:25,506] [basehttp.py:124] [basehttp:log_message] [INFO]- "POST /web/fraction HTTP/1.1" 200 223
[2020-07-03 10:32:25,519] [basehttp.py:124] [basehttp:log_message] [INFO]- "GET /web/score/scindex?comid=0 HTTP/1.1" 200 24191
[2020-07-03 10:32:25,605] [basehttp.py:124] [basehttp:log_message] [INFO]- "GET /web/score/mainthr HTTP/1.1" 200 291
[2020-07-03 10:32:25,606] [basehttp.py:124] [basehttp:log_message] [INFO]- "GET /web/score/totalthr HTTP/1.1" 200 775
[2020-07-03 10:32:25,621] [basehttp.py:124] [basehttp:log_message] [INFO]- "GET /web/score/webthr HTTP/1.1" 200 860
[2020-07-03 10:32:25,622] [basehttp.py:124] [basehttp:log_message] [INFO]- "GET /web/score/inthr HTTP/1.1" 200 1605
[2020-07-03 10:32:25,623] [basehttp.py:124] [basehttp:log_message] [INFO]- "GET /web/score/tithr HTTP/1.1" 200 874
[2020-07-03 10:32:25,639] [basehttp.py:124] [basehttp:log_message] [INFO]- "GET /web/score/score_count?comid=0&page=1&tim=None HTTP/1.1" 200 954
[2020-07-03 10:33:38,910] [basehttp.py:124] [basehttp:log_message] [INFO]- "GET /web/score/score_count?comid=0&page=2&tim=None HTTP/1.1" 200 775
[2020-07-03 10:34:25,687] [basehttp.py:124] [basehttp:log_message] [INFO]- "POST /web/score/mainthr HTTP/1.1" 200 291
[2020-07-03 10:34:27,723] [basehttp.py:124] [basehttp:log_message] [INFO]- "POST /web/score/totalthr HTTP/1.1" 200 775
[2020-07-03 10:34:30,980] [basehttp.py:124] [basehttp:log_message] [INFO]- "POST /web/score/tithr HTTP/1.1" 200 874
[2020-07-03 10:34:35,718] [basehttp.py:124] [basehttp:log_message] [INFO]- "POST /web/score/webthr HTTP/1.1" 200 860
[2020-07-03 10:34:49,997] [threaten.py:254] [threaten:sear_info] [ERROR]- 解析威胁情报详细数据报错：'geo'
[2020-07-03 10:34:49,997] [threaten.py:254] [threaten:sear_info] [ERROR]- 解析威胁情报详细数据报错：'geo'
[2020-07-03 10:34:49,997] [threaten.py:254] [threaten:sear_info] [ERROR]- 解析威胁情报详细数据报错：'geo'
[2020-07-03 10:34:50,016] [basehttp.py:124] [basehttp:log_message] [INFO]- "GET /web/threaten/thindex?comid=0 HTTP/1.1" 200 25441
[2020-07-03 10:34:50,040] [basehttp.py:124] [basehttp:log_message] [INFO]- "GET /static/monit/js/threaten.js HTTP/1.1" 200 25451
[2020-07-03 10:34:50,098] [basehttp.py:124] [basehttp:log_message] [INFO]- "GET /web/threaten/thattack HTTP/1.1" 200 404
[2020-07-03 10:34:50,126] [basehttp.py:124] [basehttp:log_message] [INFO]- "GET /web/threaten/threat HTTP/1.1" 200 1003
[2020-07-03 10:34:50,130] [basehttp.py:124] [basehttp:log_message] [INFO]- "GET /web/threaten/thactive HTTP/1.1" 200 279
[2020-07-03 10:34:50,134] [basehttp.py:124] [basehttp:log_message] [INFO]- "GET /web/threaten/thhit HTTP/1.1" 200 748
[2020-07-03 10:34:50,139] [threaten.py:1649] [threaten:sear_info] [ERROR]- 解析威胁情报详细数据报错：'geo'
[2020-07-03 10:34:50,139] [threaten.py:1649] [threaten:sear_info] [ERROR]- 解析威胁情报详细数据报错：'geo'
[2020-07-03 10:34:50,140] [threaten.py:1649] [threaten:sear_info] [ERROR]- 解析威胁情报详细数据报错：'geo'
[2020-07-03 10:34:50,141] [basehttp.py:124] [basehttp:log_message] [INFO]- "GET /web/threaten/threaten_count?comid=0&page=1&tim=None HTTP/1.1" 200 766
[2020-07-03 10:34:52,386] [basehttp.py:124] [basehttp:log_message] [INFO]- "GET /web/Hit HTTP/1.1" 200 37
[2020-07-03 10:34:52,428] [basehttp.py:124] [basehttp:log_message] [INFO]- "GET /web/threaten/thnews HTTP/1.1" 200 1041
[2020-07-03 10:36:26,875] [basehttp.py:124] [basehttp:log_message] [INFO]- "GET /web/score/scindex?comid=0 HTTP/1.1" 200 24191
