[2020-06-22 09:14:33,068] [basehttp.py:124] [basehttp:log_message] [INFO]- "GET / HTTP/1.1" 200 5942
[2020-06-22 09:14:33,109] [basehttp.py:124] [basehttp:log_message] [INFO]- "GET /static/monweb/css/bootstrap.min.css HTTP/1.1" 304 0
[2020-06-22 09:14:33,307] [basehttp.py:124] [basehttp:log_message] [INFO]- "GET /verify HTTP/1.1" 200 1689
[2020-06-22 09:14:47,615] [basehttp.py:124] [basehttp:log_message] [INFO]- "POST /dologin HTTP/1.1" 302 0
[2020-06-22 09:14:47,661] [basehttp.py:124] [basehttp:log_message] [INFO]- "GET /web/center HTTP/1.1" 200 7467
[2020-06-22 09:17:53,878] [basehttp.py:124] [basehttp:log_message] [INFO]- "GET / HTTP/1.1" 200 5942
[2020-06-22 09:17:53,902] [basehttp.py:124] [basehttp:log_message] [INFO]- "GET /static/monweb/css/bootstrap.min.css HTTP/1.1" 304 0
[2020-06-22 09:17:53,918] [basehttp.py:124] [basehttp:log_message] [INFO]- "GET /verify HTTP/1.1" 200 1598
[2020-06-22 09:17:53,961] [base.py:152] [base:get_response] [WARNING]- Not Found: /favicon.ico
[2020-06-22 09:17:53,961] [basehttp.py:124] [basehttp:log_message] [WARNING]- "GET /favicon.ico HTTP/1.1" 404 7747
[2020-06-22 09:18:07,357] [basehttp.py:124] [basehttp:log_message] [INFO]- "POST /dologin HTTP/1.1" 302 0
[2020-06-22 09:18:07,382] [basehttp.py:124] [basehttp:log_message] [INFO]- "GET /web/center HTTP/1.1" 200 7467
[2020-06-22 09:18:08,626] [basehttp.py:124] [basehttp:log_message] [INFO]- "GET /web/index/0 HTTP/1.1" 200 16492
[2020-06-22 09:18:08,641] [basehttp.py:124] [basehttp:log_message] [INFO]- "GET /static/monit/css/comon0.css HTTP/1.1" 304 0
[2020-06-22 09:18:08,642] [basehttp.py:124] [basehttp:log_message] [INFO]- "GET /static/monit/js/js.js HTTP/1.1" 304 0
[2020-06-22 09:18:08,648] [basehttp.py:124] [basehttp:log_message] [INFO]- "GET /static/monit/js/world.js HTTP/1.1" 304 0
[2020-06-22 09:18:08,906] [basehttp.py:124] [basehttp:log_message] [INFO]- "GET /web/visitport HTTP/1.1" 200 228
[2020-06-22 09:18:08,909] [basehttp.py:124] [basehttp:log_message] [INFO]- "GET /web/getnum HTTP/1.1" 200 296
[2020-06-22 09:18:08,995] [basehttp.py:124] [basehttp:log_message] [INFO]- "GET /web/trend HTTP/1.1" 200 686
[2020-06-22 09:18:09,194] [basehttp.py:124] [basehttp:log_message] [INFO]- "GET /web/fraction HTTP/1.1" 200 264
[2020-06-22 09:18:12,775] [basehttp.py:124] [basehttp:log_message] [INFO]- "GET /web/rstraffic HTTP/1.1" 200 2601
[2020-06-22 09:18:12,957] [basehttp.py:124] [basehttp:log_message] [INFO]- "GET /web/rqtraffic HTTP/1.1" 200 2313
[2020-06-22 09:18:14,922] [basehttp.py:124] [basehttp:log_message] [INFO]- "GET /web/domain HTTP/1.1" 200 1120
[2020-06-22 09:18:14,990] [basehttp.py:124] [basehttp:log_message] [INFO]- "GET /web/statuscode HTTP/1.1" 200 5137
[2020-06-22 09:18:19,136] [basehttp.py:124] [basehttp:log_message] [INFO]- "GET /web/attackmap HTTP/1.1" 200 5764
[2020-06-22 09:18:20,606] [basehttp.py:124] [basehttp:log_message] [INFO]- "GET /web/Hit HTTP/1.1" 200 37
[2020-06-22 09:18:39,363] [basehttp.py:124] [basehttp:log_message] [INFO]- "GET /web/Source_data HTTP/1.1" 200 528
[2020-06-22 09:20:06,501] [threaten.py:267] [threaten:sear_info] [ERROR]- 解析威胁情报详细数据报错：'geo'
[2020-06-22 09:20:06,502] [threaten.py:267] [threaten:sear_info] [ERROR]- 解析威胁情报详细数据报错：'geo'
[2020-06-22 09:20:06,502] [threaten.py:267] [threaten:sear_info] [ERROR]- 解析威胁情报详细数据报错：'geo'
[2020-06-22 09:20:06,502] [threaten.py:267] [threaten:sear_info] [ERROR]- 解析威胁情报详细数据报错：'geo'
[2020-06-22 09:20:06,502] [threaten.py:267] [threaten:sear_info] [ERROR]- 解析威胁情报详细数据报错：'geo'
[2020-06-22 09:20:06,925] [basehttp.py:124] [basehttp:log_message] [INFO]- "GET /web/threaten/indexs?comid=0 HTTP/1.1" 200 13279
[2020-06-22 09:20:06,939] [basehttp.py:124] [basehttp:log_message] [INFO]- "GET /static/monit/css/layui.css HTTP/1.1" 304 0
[2020-06-22 09:20:06,953] [basehttp.py:124] [basehttp:log_message] [INFO]- "GET /static/monit/js/threaten.js HTTP/1.1" 200 25463
[2020-06-22 09:20:07,065] [threaten.py:267] [threaten:sear_info] [ERROR]- 解析威胁情报详细数据报错：'geo'
[2020-06-22 09:20:07,065] [threaten.py:267] [threaten:sear_info] [ERROR]- 解析威胁情报详细数据报错：'geo'
[2020-06-22 09:20:07,065] [threaten.py:267] [threaten:sear_info] [ERROR]- 解析威胁情报详细数据报错：'geo'
[2020-06-22 09:20:07,066] [threaten.py:267] [threaten:sear_info] [ERROR]- 解析威胁情报详细数据报错：'geo'
[2020-06-22 09:20:07,066] [threaten.py:267] [threaten:sear_info] [ERROR]- 解析威胁情报详细数据报错：'geo'
[2020-06-22 09:20:07,066] [basehttp.py:124] [basehttp:log_message] [INFO]- "GET /web/threaten/indexs?comid=0&page=1 HTTP/1.1" 200 1107
[2020-06-22 09:20:07,097] [basehttp.py:124] [basehttp:log_message] [INFO]- "GET /web/threaten/thhit HTTP/1.1" 200 747
[2020-06-22 09:20:07,436] [basehttp.py:124] [basehttp:log_message] [INFO]- "GET /web/threaten/thattack HTTP/1.1" 200 505
[2020-06-22 09:20:07,497] [basehttp.py:124] [basehttp:log_message] [INFO]- "GET /web/threaten/thactive HTTP/1.1" 200 275
[2020-06-22 09:20:07,635] [basehttp.py:124] [basehttp:log_message] [INFO]- "GET /web/threaten/threat HTTP/1.1" 200 995
[2020-06-22 09:20:09,321] [basehttp.py:124] [basehttp:log_message] [INFO]- "GET /web/Hit HTTP/1.1" 200 37
[2020-06-22 09:20:09,501] [basehttp.py:124] [basehttp:log_message] [INFO]- "GET /web/threaten/thnews HTTP/1.1" 200 1019
[2020-06-22 09:21:58,637] [basehttp.py:124] [basehttp:log_message] [INFO]- "GET /web/score/scindex?comid=0 HTTP/1.1" 200 14897
[2020-06-22 09:21:58,650] [basehttp.py:124] [basehttp:log_message] [INFO]- "GET /static/monit/js/score.js HTTP/1.1" 304 0
[2020-06-22 09:21:58,719] [basehttp.py:124] [basehttp:log_message] [INFO]- "GET /web/score/mainthr HTTP/1.1" 200 306
[2020-06-22 09:21:58,739] [basehttp.py:124] [basehttp:log_message] [INFO]- "GET /web/score/webthr HTTP/1.1" 200 869
[2020-06-22 09:21:58,740] [basehttp.py:124] [basehttp:log_message] [INFO]- "GET /web/score/totalthr HTTP/1.1" 200 767
[2020-06-22 09:21:58,741] [basehttp.py:124] [basehttp:log_message] [INFO]- "GET /web/score/tithr HTTP/1.1" 200 868
[2020-06-22 09:21:58,751] [basehttp.py:124] [basehttp:log_message] [INFO]- "GET /web/score/scindex?comid=0&page=1 HTTP/1.1" 200 937
[2020-06-22 09:21:58,924] [basehttp.py:124] [basehttp:log_message] [INFO]- "GET /web/score/inthr HTTP/1.1" 200 1638
[2020-06-22 09:42:52,605] [basehttp.py:124] [basehttp:log_message] [INFO]- "GET /web/center HTTP/1.1" 200 7467
[2020-06-22 09:42:55,539] [basehttp.py:124] [basehttp:log_message] [INFO]- "GET /web/index/5 HTTP/1.1" 200 17147
[2020-06-22 09:43:17,346] [basehttp.py:124] [basehttp:log_message] [INFO]- "GET /web/fraction HTTP/1.1" 200 265
[2020-06-22 09:43:18,236] [basehttp.py:124] [basehttp:log_message] [INFO]- "GET /web/visitport?comid=5 HTTP/1.1" 200 121
[2020-06-22 09:43:18,248] [basehttp.py:124] [basehttp:log_message] [INFO]- "GET /web/rstraffic?comid=5 HTTP/1.1" 200 1113
[2020-06-22 09:43:18,252] [basehttp.py:124] [basehttp:log_message] [INFO]- "GET /web/rqtraffic?comid=5 HTTP/1.1" 200 1589
[2020-06-22 09:43:20,532] [basehttp.py:124] [basehttp:log_message] [INFO]- "GET /web/Hit?comid=5 HTTP/1.1" 200 33
[2020-06-22 09:43:22,452] [basehttp.py:124] [basehttp:log_message] [INFO]- "GET /web/trend?comid=5 HTTP/1.1" 200 206
[2020-06-22 09:43:27,102] [basehttp.py:124] [basehttp:log_message] [INFO]- "GET /web/getnum?comid=5 HTTP/1.1" 200 200
[2020-06-22 09:43:27,110] [basehttp.py:124] [basehttp:log_message] [INFO]- "GET /web/statuscode?comid=5 HTTP/1.1" 200 264
[2020-06-22 09:43:27,110] [basehttp.py:124] [basehttp:log_message] [INFO]- "GET /web/domain?comid=5 HTTP/1.1" 200 215
[2020-06-22 09:43:27,855] [basehttp.py:124] [basehttp:log_message] [INFO]- "GET /web/attackmap?comid=5 HTTP/1.1" 200 285
[2020-06-22 09:43:42,473] [basehttp.py:124] [basehttp:log_message] [INFO]- "GET /web/Source_data?comid=5 HTTP/1.1" 200 465
[2020-06-22 09:45:16,531] [basehttp.py:124] [basehttp:log_message] [INFO]- "GET /web/score/scindex?comid=5 HTTP/1.1" 200 13064
[2020-06-22 09:45:16,619] [basehttp.py:124] [basehttp:log_message] [INFO]- "GET /web/score/mainthr?comid=5 HTTP/1.1" 200 61
[2020-06-22 09:45:16,621] [basehttp.py:124] [basehttp:log_message] [INFO]- "GET /web/score/totalthr?comid=5 HTTP/1.1" 200 60
[2020-06-22 09:45:16,622] [basehttp.py:124] [basehttp:log_message] [INFO]- "GET /web/score/inthr?comid=5 HTTP/1.1" 200 60
[2020-06-22 09:45:16,622] [basehttp.py:124] [basehttp:log_message] [INFO]- "GET /web/score/webthr?comid=5 HTTP/1.1" 200 60
[2020-06-22 09:45:16,631] [basehttp.py:124] [basehttp:log_message] [INFO]- "GET /web/score/tithr?comid=5 HTTP/1.1" 200 60
[2020-06-22 09:45:16,631] [basehttp.py:124] [basehttp:log_message] [INFO]- "GET /web/score/scindex?comid=5&page=1 HTTP/1.1" 200 73
[2020-06-22 09:46:34,128] [basehttp.py:124] [basehttp:log_message] [INFO]- "GET /web/center HTTP/1.1" 200 7467
[2020-06-22 09:46:36,124] [basehttp.py:124] [basehttp:log_message] [INFO]- "GET /web/index/5 HTTP/1.1" 200 17147
[2020-06-22 09:46:36,223] [basehttp.py:124] [basehttp:log_message] [INFO]- "GET /web/getnum?comid=5 HTTP/1.1" 200 212
[2020-06-22 09:46:36,224] [basehttp.py:124] [basehttp:log_message] [INFO]- "GET /web/visitport?comid=5 HTTP/1.1" 200 121
[2020-06-22 09:46:36,228] [basehttp.py:124] [basehttp:log_message] [INFO]- "GET /web/domain?comid=5 HTTP/1.1" 200 227
[2020-06-22 09:46:36,244] [basehttp.py:124] [basehttp:log_message] [INFO]- "GET /web/statuscode?comid=5 HTTP/1.1" 200 264
[2020-06-22 09:46:36,248] [basehttp.py:124] [basehttp:log_message] [INFO]- "GET /web/fraction HTTP/1.1" 200 258
[2020-06-22 09:46:36,264] [basehttp.py:124] [basehttp:log_message] [INFO]- "GET /web/rqtraffic?comid=5 HTTP/1.1" 200 1671
[2020-06-22 09:46:36,299] [basehttp.py:124] [basehttp:log_message] [INFO]- "GET /web/rstraffic?comid=5 HTTP/1.1" 200 1148
[2020-06-22 09:46:36,339] [basehttp.py:124] [basehttp:log_message] [INFO]- "GET /web/Source_data?comid=5 HTTP/1.1" 200 465
[2020-06-22 09:46:36,540] [basehttp.py:124] [basehttp:log_message] [INFO]- "GET /web/trend?comid=5 HTTP/1.1" 200 206
[2020-06-22 09:46:47,575] [basehttp.py:124] [basehttp:log_message] [INFO]- "GET /web/Hit?comid=5 HTTP/1.1" 200 33
[2020-06-22 09:46:48,469] [basehttp.py:124] [basehttp:log_message] [INFO]- "GET /web/attackmap?comid=5 HTTP/1.1" 200 285
[2020-06-22 09:46:57,200] [basehttp.py:124] [basehttp:log_message] [INFO]- "GET /web/score/scindex?comid=5 HTTP/1.1" 200 13064
[2020-06-22 09:46:57,272] [basehttp.py:124] [basehttp:log_message] [INFO]- "GET /web/score/mainthr?comid=5 HTTP/1.1" 200 61
[2020-06-22 09:46:57,290] [basehttp.py:124] [basehttp:log_message] [INFO]- "GET /web/score/webthr?comid=5 HTTP/1.1" 200 60
[2020-06-22 09:46:57,291] [basehttp.py:124] [basehttp:log_message] [INFO]- "GET /web/score/tithr?comid=5 HTTP/1.1" 200 60
[2020-06-22 09:46:57,291] [basehttp.py:124] [basehttp:log_message] [INFO]- "GET /web/score/inthr?comid=5 HTTP/1.1" 200 60
[2020-06-22 09:46:57,292] [basehttp.py:124] [basehttp:log_message] [INFO]- "GET /web/score/totalthr?comid=5 HTTP/1.1" 200 60
[2020-06-22 09:46:57,293] [basehttp.py:124] [basehttp:log_message] [INFO]- "GET /web/score/scindex?comid=5&page=1 HTTP/1.1" 200 73
[2020-06-22 09:48:06,883] [basehttp.py:124] [basehttp:log_message] [INFO]- "GET /static/monit/js/jquery.min.map HTTP/1.1" 304 0
[2020-06-22 09:48:16,497] [basehttp.py:124] [basehttp:log_message] [INFO]- "GET /web/score/scindex?comid=5 HTTP/1.1" 200 13064
[2020-06-22 09:48:16,595] [basehttp.py:124] [basehttp:log_message] [INFO]- "GET /web/score/mainthr?comid=5 HTTP/1.1" 200 61
[2020-06-22 09:48:16,603] [basehttp.py:124] [basehttp:log_message] [INFO]- "GET /web/score/tithr?comid=5 HTTP/1.1" 200 60
[2020-06-22 09:48:16,608] [basehttp.py:124] [basehttp:log_message] [INFO]- "GET /web/score/webthr?comid=5 HTTP/1.1" 200 60
[2020-06-22 09:48:16,608] [basehttp.py:124] [basehttp:log_message] [INFO]- "GET /web/score/scindex?comid=5&page=1 HTTP/1.1" 200 73
[2020-06-22 09:48:16,612] [basehttp.py:124] [basehttp:log_message] [INFO]- "GET /web/score/totalthr?comid=5 HTTP/1.1" 200 60
[2020-06-22 09:48:16,617] [basehttp.py:124] [basehttp:log_message] [INFO]- "GET /web/score/inthr?comid=5 HTTP/1.1" 200 60
[2020-06-22 09:52:49,345] [basehttp.py:124] [basehttp:log_message] [INFO]- "GET /web/center HTTP/1.1" 200 7467
[2020-06-22 09:52:49,398] [basehttp.py:124] [basehttp:log_message] [INFO]- "GET /static/monweb/css/bootstrap.min.css.map HTTP/1.1" 200 542194
[2020-06-22 09:52:51,411] [basehttp.py:124] [basehttp:log_message] [INFO]- "GET /web/index/5 HTTP/1.1" 200 17147
[2020-06-22 09:53:14,087] [basehttp.py:124] [basehttp:log_message] [INFO]- "GET /web/getnum?comid=5 HTTP/1.1" 200 200
[2020-06-22 09:53:14,107] [basehttp.py:124] [basehttp:log_message] [INFO]- "GET /web/visitport?comid=5 HTTP/1.1" 200 121
[2020-06-22 09:53:14,121] [basehttp.py:124] [basehttp:log_message] [INFO]- "GET /web/fraction HTTP/1.1" 200 258
[2020-06-22 09:53:14,125] [basehttp.py:124] [basehttp:log_message] [INFO]- "GET /web/domain?comid=5 HTTP/1.1" 200 215
[2020-06-22 09:53:14,125] [basehttp.py:124] [basehttp:log_message] [INFO]- "GET /web/statuscode?comid=5 HTTP/1.1" 200 240
[2020-06-22 09:53:14,143] [basehttp.py:124] [basehttp:log_message] [INFO]- "GET /web/rqtraffic?comid=5 HTTP/1.1" 200 1704
[2020-06-22 09:53:14,146] [basehttp.py:124] [basehttp:log_message] [INFO]- "GET /web/trend?comid=5 HTTP/1.1" 200 226
[2020-06-22 09:53:14,157] [basehttp.py:124] [basehttp:log_message] [INFO]- "GET /web/Hit?comid=5 HTTP/1.1" 200 33
[2020-06-22 09:53:14,166] [basehttp.py:124] [basehttp:log_message] [INFO]- "GET /web/rstraffic?comid=5 HTTP/1.1" 200 1180
[2020-06-22 09:53:14,221] [basehttp.py:124] [basehttp:log_message] [INFO]- "GET /web/Source_data?comid=5 HTTP/1.1" 200 465
[2020-06-22 09:53:23,610] [basehttp.py:124] [basehttp:log_message] [INFO]- "GET /web/attackmap?comid=5 HTTP/1.1" 200 377
[2020-06-22 09:53:35,907] [basehttp.py:124] [basehttp:log_message] [INFO]- "GET /web/score/scindex?comid=5 HTTP/1.1" 200 13064
[2020-06-22 09:53:35,994] [basehttp.py:124] [basehttp:log_message] [INFO]- "GET /web/score/tithr?comid=5 HTTP/1.1" 200 60
[2020-06-22 09:53:36,003] [basehttp.py:124] [basehttp:log_message] [INFO]- "GET /web/score/inthr?comid=5 HTTP/1.1" 200 60
[2020-06-22 09:53:36,010] [basehttp.py:124] [basehttp:log_message] [INFO]- "GET /web/score/scindex?comid=5&page=1 HTTP/1.1" 200 73
[2020-06-22 09:53:36,011] [basehttp.py:124] [basehttp:log_message] [INFO]- "GET /web/score/webthr?comid=5 HTTP/1.1" 200 60
[2020-06-22 09:53:36,012] [basehttp.py:124] [basehttp:log_message] [INFO]- "GET /web/score/totalthr?comid=5 HTTP/1.1" 200 60
[2020-06-22 09:53:36,016] [basehttp.py:124] [basehttp:log_message] [INFO]- "GET /web/score/mainthr?comid=5 HTTP/1.1" 200 61
[2020-06-22 09:55:10,161] [basehttp.py:124] [basehttp:log_message] [INFO]- "GET /web/score/scindex?comid=5 HTTP/1.1" 200 13064
[2020-06-22 09:55:10,254] [basehttp.py:124] [basehttp:log_message] [INFO]- "GET /web/score/mainthr?comid=5 HTTP/1.1" 200 61
[2020-06-22 09:55:10,270] [basehttp.py:124] [basehttp:log_message] [INFO]- "GET /web/score/totalthr?comid=5 HTTP/1.1" 200 60
[2020-06-22 09:55:10,271] [basehttp.py:124] [basehttp:log_message] [INFO]- "GET /web/score/tithr?comid=5 HTTP/1.1" 200 60
[2020-06-22 09:55:10,271] [basehttp.py:124] [basehttp:log_message] [INFO]- "GET /web/score/webthr?comid=5 HTTP/1.1" 200 60
[2020-06-22 09:55:10,274] [basehttp.py:124] [basehttp:log_message] [INFO]- "GET /web/score/inthr?comid=5 HTTP/1.1" 200 60
[2020-06-22 09:55:10,274] [basehttp.py:124] [basehttp:log_message] [INFO]- "GET /web/score/scindex?comid=5&page=1 HTTP/1.1" 200 73
[2020-06-22 09:56:13,182] [basehttp.py:124] [basehttp:log_message] [INFO]- "GET /web/score/scindex?comid=5 HTTP/1.1" 200 13064
[2020-06-22 09:56:13,283] [basehttp.py:124] [basehttp:log_message] [INFO]- "GET /web/score/tithr?comid=5 HTTP/1.1" 200 60
[2020-06-22 09:56:13,292] [basehttp.py:124] [basehttp:log_message] [INFO]- "GET /web/score/inthr?comid=5 HTTP/1.1" 200 60
[2020-06-22 09:56:13,292] [basehttp.py:124] [basehttp:log_message] [INFO]- "GET /web/score/scindex?comid=5&page=1 HTTP/1.1" 200 73
[2020-06-22 09:56:13,292] [basehttp.py:124] [basehttp:log_message] [INFO]- "GET /web/score/mainthr?comid=5 HTTP/1.1" 200 61
[2020-06-22 09:56:13,301] [basehttp.py:124] [basehttp:log_message] [INFO]- "GET /web/score/webthr?comid=5 HTTP/1.1" 200 60
[2020-06-22 09:56:13,302] [basehttp.py:124] [basehttp:log_message] [INFO]- "GET /web/score/totalthr?comid=5 HTTP/1.1" 200 60
[2020-06-22 09:56:32,353] [basehttp.py:124] [basehttp:log_message] [INFO]- "GET /web/center HTTP/1.1" 200 7467
[2020-06-22 09:56:33,902] [basehttp.py:124] [basehttp:log_message] [INFO]- "GET /web/index/0 HTTP/1.1" 200 16492
[2020-06-22 09:56:52,176] [basehttp.py:124] [basehttp:log_message] [INFO]- "GET /web/visitport HTTP/1.1" 200 232
[2020-06-22 09:56:52,241] [basehttp.py:124] [basehttp:log_message] [INFO]- "GET /web/fraction HTTP/1.1" 200 256
[2020-06-22 09:56:52,318] [basehttp.py:124] [basehttp:log_message] [INFO]- "GET /web/trend HTTP/1.1" 200 734
[2020-06-22 09:56:52,341] [basehttp.py:124] [basehttp:log_message] [INFO]- "GET /web/getnum HTTP/1.1" 200 296
[2020-06-22 09:56:52,425] [basehttp.py:124] [basehttp:log_message] [INFO]- "GET /web/Hit HTTP/1.1" 200 37
[2020-06-22 09:56:52,497] [basehttp.py:124] [basehttp:log_message] [INFO]- "GET /web/domain HTTP/1.1" 200 1237
[2020-06-22 09:56:52,583] [basehttp.py:124] [basehttp:log_message] [INFO]- "GET /web/statuscode HTTP/1.1" 200 6306
[2020-06-22 09:56:52,655] [basehttp.py:124] [basehttp:log_message] [INFO]- "GET /web/rstraffic HTTP/1.1" 200 2781
[2020-06-22 09:56:52,699] [basehttp.py:124] [basehttp:log_message] [INFO]- "GET /web/rqtraffic HTTP/1.1" 200 2633
[2020-06-22 09:57:02,311] [basehttp.py:124] [basehttp:log_message] [INFO]- "GET /web/Source_data HTTP/1.1" 200 528
[2020-06-22 09:57:04,605] [basehttp.py:124] [basehttp:log_message] [INFO]- "GET /web/attackmap HTTP/1.1" 200 5296
[2020-06-22 09:58:07,396] [basehttp.py:124] [basehttp:log_message] [INFO]- "GET /web/center HTTP/1.1" 200 7467
[2020-06-22 09:58:08,655] [basehttp.py:124] [basehttp:log_message] [INFO]- "GET /web/index/5 HTTP/1.1" 200 17147
[2020-06-22 09:58:08,782] [basehttp.py:124] [basehttp:log_message] [INFO]- "GET /web/getnum?comid=5 HTTP/1.1" 200 200
[2020-06-22 09:58:08,783] [basehttp.py:124] [basehttp:log_message] [INFO]- "GET /web/visitport?comid=5 HTTP/1.1" 200 121
[2020-06-22 09:58:08,799] [basehttp.py:124] [basehttp:log_message] [INFO]- "GET /web/statuscode?comid=5 HTTP/1.1" 200 336
[2020-06-22 09:58:08,800] [basehttp.py:124] [basehttp:log_message] [INFO]- "GET /web/domain?comid=5 HTTP/1.1" 200 215
[2020-06-22 09:58:08,807] [basehttp.py:124] [basehttp:log_message] [INFO]- "GET /web/rqtraffic?comid=5 HTTP/1.1" 200 1838
[2020-06-22 09:58:08,818] [basehttp.py:124] [basehttp:log_message] [INFO]- "GET /web/trend?comid=5 HTTP/1.1" 200 226
[2020-06-22 09:58:08,849] [basehttp.py:124] [basehttp:log_message] [INFO]- "GET /web/rstraffic?comid=5 HTTP/1.1" 200 1184
[2020-06-22 09:58:08,886] [basehttp.py:124] [basehttp:log_message] [INFO]- "GET /web/Source_data?comid=5 HTTP/1.1" 200 465
[2020-06-22 09:58:09,224] [basehttp.py:124] [basehttp:log_message] [INFO]- "GET /web/fraction HTTP/1.1" 200 257
[2020-06-22 09:58:17,964] [basehttp.py:124] [basehttp:log_message] [INFO]- "GET /web/attackmap?comid=5 HTTP/1.1" 200 377
[2020-06-22 09:58:20,121] [basehttp.py:124] [basehttp:log_message] [INFO]- "GET /web/Hit?comid=5 HTTP/1.1" 200 33
[2020-06-22 10:00:08,301] [basehttp.py:124] [basehttp:log_message] [INFO]- "GET /web/score/scindex?comid=5 HTTP/1.1" 200 13301
[2020-06-22 10:00:08,393] [basehttp.py:124] [basehttp:log_message] [INFO]- "GET /web/score/scindex?comid=5&page=1 HTTP/1.1" 200 939
[2020-06-22 10:00:08,402] [basehttp.py:124] [basehttp:log_message] [INFO]- "GET /web/score/tithr?comid=5 HTTP/1.1" 200 231
[2020-06-22 10:00:08,403] [basehttp.py:124] [basehttp:log_message] [INFO]- "GET /web/score/webthr?comid=5 HTTP/1.1" 200 214
[2020-06-22 10:00:08,403] [basehttp.py:124] [basehttp:log_message] [INFO]- "GET /web/score/totalthr?comid=5 HTTP/1.1" 200 219
[2020-06-22 10:00:08,404] [basehttp.py:124] [basehttp:log_message] [INFO]- "GET /web/score/mainthr?comid=5 HTTP/1.1" 200 291
[2020-06-22 10:00:08,917] [basehttp.py:124] [basehttp:log_message] [INFO]- "GET /web/score/inthr?comid=5 HTTP/1.1" 200 1581
[2020-06-22 10:24:19,547] [basehttp.py:124] [basehttp:log_message] [INFO]- "GET /web/center HTTP/1.1" 200 7467
[2020-06-22 10:24:55,196] [basehttp.py:124] [basehttp:log_message] [INFO]- "GET /web/center HTTP/1.1" 200 7467
[2020-06-22 10:28:03,677] [basehttp.py:124] [basehttp:log_message] [INFO]- "GET /web/center HTTP/1.1" 200 7452
[2020-06-22 10:28:03,707] [basehttp.py:124] [basehttp:log_message] [INFO]- "GET /static/monweb/favicon.ico HTTP/1.1" 200 5430
[2020-06-22 10:30:10,300] [basehttp.py:124] [basehttp:log_message] [INFO]- "GET /web/center HTTP/1.1" 200 7456
[2020-06-22 10:30:10,331] [basehttp.py:124] [basehttp:log_message] [INFO]- "GET /static/monweb/favicon.ico HTTP/1.1" 200 5430
[2020-06-22 10:31:21,968] [basehttp.py:124] [basehttp:log_message] [INFO]- "GET /web/center HTTP/1.1" 200 7453
[2020-06-22 10:31:21,997] [basehttp.py:124] [basehttp:log_message] [INFO]- "GET /static/monweb/favicon.ico HTTP/1.1" 200 5430
[2020-06-22 10:33:02,072] [basehttp.py:124] [basehttp:log_message] [INFO]- "GET /web/center HTTP/1.1" 200 7596
[2020-06-22 10:33:02,107] [basehttp.py:124] [basehttp:log_message] [INFO]- "GET /static/monweb/favicon.ico HTTP/1.1" 200 5430
[2020-06-22 10:34:03,519] [basehttp.py:124] [basehttp:log_message] [INFO]- "GET /web/center HTTP/1.1" 200 7595
[2020-06-22 10:34:03,549] [basehttp.py:124] [basehttp:log_message] [INFO]- "GET /static/monweb/favicon.ico HTTP/1.1" 200 5430
[2020-06-22 10:34:21,555] [basehttp.py:124] [basehttp:log_message] [INFO]- "GET /web/center HTTP/1.1" 200 7594
[2020-06-22 10:34:21,588] [basehttp.py:124] [basehttp:log_message] [INFO]- "GET /static/monweb/favicon.ico HTTP/1.1" 200 5430
[2020-06-22 10:35:17,228] [basehttp.py:124] [basehttp:log_message] [INFO]- "GET /web/center HTTP/1.1" 200 7509
[2020-06-22 10:35:17,258] [basehttp.py:124] [basehttp:log_message] [INFO]- "GET /static/monweb/favicon.ico HTTP/1.1" 200 5430
[2020-06-22 10:36:12,407] [basehttp.py:124] [basehttp:log_message] [INFO]- "GET /web/center HTTP/1.1" 200 7519
[2020-06-22 10:36:12,438] [basehttp.py:124] [basehttp:log_message] [INFO]- "GET /static/monweb/favicon.ico HTTP/1.1" 200 5430
[2020-06-22 10:36:18,440] [basehttp.py:124] [basehttp:log_message] [INFO]- "GET /web/center HTTP/1.1" 200 7519
[2020-06-22 10:36:18,469] [basehttp.py:124] [basehttp:log_message] [INFO]- "GET /static/monweb/favicon.ico HTTP/1.1" 200 5430
[2020-06-22 10:36:19,649] [basehttp.py:124] [basehttp:log_message] [INFO]- "GET /web/center HTTP/1.1" 200 7519
[2020-06-22 10:36:21,700] [basehttp.py:124] [basehttp:log_message] [INFO]- "GET /web/center HTTP/1.1" 200 7519
[2020-06-22 10:36:32,920] [basehttp.py:124] [basehttp:log_message] [INFO]- "GET /web/center? HTTP/1.1" 200 7519
[2020-06-22 10:37:37,404] [basehttp.py:124] [basehttp:log_message] [INFO]- "GET /web/center? HTTP/1.1" 200 7474
[2020-06-22 10:37:37,431] [basehttp.py:124] [basehttp:log_message] [INFO]- "GET /static/monweb/favicon.ico HTTP/1.1" 200 5430
[2020-06-22 10:38:04,941] [basehttp.py:124] [basehttp:log_message] [INFO]- "GET /myadmin HTTP/1.1" 301 0
[2020-06-22 10:38:04,955] [basehttp.py:124] [basehttp:log_message] [INFO]- "GET /myadmin/ HTTP/1.1" 302 0
[2020-06-22 10:38:04,961] [basehttp.py:124] [basehttp:log_message] [INFO]- "GET /myadmin/login HTTP/1.1" 200 2152
[2020-06-22 10:38:04,987] [basehttp.py:124] [basehttp:log_message] [INFO]- "GET /static/myadmin/css/site.css HTTP/1.1" 200 2065
[2020-06-22 10:38:04,987] [basehttp.py:124] [basehttp:log_message] [INFO]- "GET /static/myadmin/css/bootstrap-responsive.min.css HTTP/1.1" 200 16520
[2020-06-22 10:38:04,988] [basehttp.py:124] [basehttp:log_message] [INFO]- "GET /static/myadmin/js/bootstrap.min.js HTTP/1.1" 200 21134
[2020-06-22 10:38:04,988] [basehttp.py:124] [basehttp:log_message] [INFO]- "GET /static/myadmin/css/bootstrap.min.css HTTP/1.1" 200 101349
[2020-06-22 10:38:04,995] [basehttp.py:124] [basehttp:log_message] [INFO]- "GET /static/myadmin/js/site.js HTTP/1.1" 200 2341
[2020-06-22 10:38:05,032] [basehttp.py:124] [basehttp:log_message] [INFO]- "GET /myadmin/verify HTTP/1.1" 200 1210
[2020-06-22 10:38:30,833] [basehttp.py:124] [basehttp:log_message] [INFO]- "GET /myadmin/login HTTP/1.1" 200 2152
[2020-06-22 10:38:30,864] [basehttp.py:124] [basehttp:log_message] [INFO]- "GET /myadmin/verify HTTP/1.1" 200 1431
[2020-06-22 10:38:41,315] [basehttp.py:124] [basehttp:log_message] [INFO]- "GET /myadmin/verify?sn=0.3721222459675746 HTTP/1.1" 200 1640
[2020-06-22 10:38:41,923] [basehttp.py:124] [basehttp:log_message] [INFO]- "GET /myadmin/verify?sn=0.3518466071074904 HTTP/1.1" 200 1646
[2020-06-22 10:38:48,655] [basehttp.py:124] [basehttp:log_message] [INFO]- "POST /myadmin/dologin HTTP/1.1" 302 0
[2020-06-22 10:38:48,670] [basehttp.py:124] [basehttp:log_message] [INFO]- "GET /myadmin/ HTTP/1.1" 200 7011
[2020-06-22 10:38:48,687] [basehttp.py:124] [basehttp:log_message] [INFO]- "GET /static/myadmin/js/bootstrap.js HTTP/1.1" 200 47875
[2020-06-22 10:38:48,687] [basehttp.py:124] [basehttp:log_message] [INFO]- "GET /static/myadmin/js/register.js HTTP/1.1" 200 2381
[2020-06-22 10:38:48,687] [basehttp.py:124] [basehttp:log_message] [INFO]- "GET /static/myadmin/css/bootstrap-responsive.css HTTP/1.1" 200 21709
[2020-06-22 10:38:48,688] [basehttp.py:124] [basehttp:log_message] [INFO]- "GET /static/myadmin/css/bootstrap.css HTTP/1.1" 200 121663
[2020-06-22 10:38:48,701] [basehttp.py:124] [basehttp:log_message] [INFO]- "GET /static/myadmin/img/glyphicons-halflings-white.png HTTP/1.1" 200 4352
[2020-06-22 10:38:48,702] [basehttp.py:124] [basehttp:log_message] [INFO]- "GET /static/myadmin/img/glyphicons-halflings.png HTTP/1.1" 200 4352
[2020-06-22 10:39:08,394] [basehttp.py:124] [basehttp:log_message] [INFO]- "GET /myadmin/users/1 HTTP/1.1" 200 12431
[2020-06-22 10:39:15,526] [basehttp.py:124] [basehttp:log_message] [INFO]- "GET /myadmin/users/add HTTP/1.1" 200 8848
[2020-06-22 10:39:17,191] [basehttp.py:124] [basehttp:log_message] [INFO]- "GET /myadmin/pany/1 HTTP/1.1" 200 9780
[2020-06-22 10:39:20,241] [basehttp.py:124] [basehttp:log_message] [INFO]- "GET /myadmin/users/1 HTTP/1.1" 200 12431
